This file contains any messages produced by compilers while
running configure, to aid debugging if configure makes a mistake.

It was created by Gyoto configure 2.0.0, which was
generated by GNU Autoconf 2.71.  Invocation command line was

  $ ./configure

## --------- ##
## Platform. ##
## --------- ##

hostname = junichi-VirtualBox
uname -m = x86_64
uname -r = 6.5.0-44-generic
uname -s = Linux
uname -v = #44~22.04.1-Ubuntu SMP PREEMPT_DYNAMIC Tue Jun 18 14:36:16 UTC 2

/usr/bin/uname -p = x86_64
/bin/uname -X     = unknown

/bin/arch              = x86_64
/usr/bin/arch -k       = unknown
/usr/convex/getsysinfo = unknown
/usr/bin/hostinfo      = unknown
/bin/machine           = unknown
/usr/bin/oslevel       = unknown
/bin/universe          = unknown

PATH: /usr/local/sbin/
PATH: /usr/local/bin/
PATH: /usr/sbin/
PATH: /usr/bin/
PATH: /sbin/
PATH: /bin/
PATH: /usr/games/
PATH: /usr/local/games/
PATH: /snap/bin/
PATH: /snap/bin/


## ----------- ##
## Core tests. ##
## ----------- ##

configure:3264: looking for aux files: compile ltmain.sh missing install-sh config.guess config.sub
configure:3277:  trying ./
configure:3306:   ./compile found
configure:3306:   ./ltmain.sh found
configure:3306:   ./missing found
configure:3288:   ./install-sh found
configure:3306:   ./config.guess found
configure:3306:   ./config.sub found
configure:3426: checking build system type
configure:3441: result: x86_64-unknown-linux-gnu
configure:3461: checking host system type
configure:3475: result: x86_64-unknown-linux-gnu
configure:3495: checking target system type
configure:3509: result: x86_64-unknown-linux-gnu
configure:3552: checking for a BSD-compatible install
configure:3625: result: /usr/bin/install -c
configure:3636: checking whether build environment is sane
configure:3691: result: yes
configure:3850: checking for a race-free mkdir -p
configure:3894: result: /usr/bin/mkdir -p
configure:3901: checking for gawk
configure:3936: result: no
configure:3901: checking for mawk
configure:3922: found /usr/bin/mawk
configure:3933: result: mawk
configure:3944: checking whether make sets $(MAKE)
configure:3967: result: yes
configure:3997: checking whether make supports nested variables
configure:4015: result: yes
configure:4206: checking how to print strings
configure:4233: result: printf
configure:4267: checking whether make supports the include directive
configure:4282: make -f confmf.GNU && cat confinc.out
this is the am__doit target
configure:4285: $? = 0
configure:4304: result: yes (GNU style)
configure:4380: checking for gcc
configure:4401: found /usr/bin/gcc
configure:4412: result: gcc
configure:4765: checking for C compiler version
configure:4774: gcc --version >&5
gcc (Ubuntu 11.4.0-1ubuntu1~22.04) 11.4.0
Copyright (C) 2021 Free Software Foundation, Inc.
This is free software; see the source for copying conditions.  There is NO
warranty; not even for MERCHANTABILITY or FITNESS FOR A PARTICULAR PURPOSE.

configure:4785: $? = 0
configure:4774: gcc -v >&5
Using built-in specs.
COLLECT_GCC=gcc
COLLECT_LTO_WRAPPER=/usr/lib/gcc/x86_64-linux-gnu/11/lto-wrapper
OFFLOAD_TARGET_NAMES=nvptx-none:amdgcn-amdhsa
OFFLOAD_TARGET_DEFAULT=1
Target: x86_64-linux-gnu
Configured with: ../src/configure -v --with-pkgversion='Ubuntu 11.4.0-1ubuntu1~22.04' --with-bugurl=file:///usr/share/doc/gcc-11/README.Bugs --enable-languages=c,ada,c++,go,brig,d,fortran,objc,obj-c++,m2 --prefix=/usr --with-gcc-major-version-only --program-suffix=-11 --program-prefix=x86_64-linux-gnu- --enable-shared --enable-linker-build-id --libexecdir=/usr/lib --without-included-gettext --enable-threads=posix --libdir=/usr/lib --enable-nls --enable-bootstrap --enable-clocale=gnu --enable-libstdcxx-debug --enable-libstdcxx-time=yes --with-default-libstdcxx-abi=new --enable-gnu-unique-object --disable-vtable-verify --enable-plugin --enable-default-pie --with-system-zlib --enable-libphobos-checking=release --with-target-system-zlib=auto --enable-objc-gc=auto --enable-multiarch --disable-werror --enable-cet --with-arch-32=i686 --with-abi=m64 --with-multilib-list=m32,m64,mx32 --enable-multilib --with-tune=generic --enable-offload-targets=nvptx-none=/build/gcc-11-XeT9lY/gcc-11-11.4.0/debian/tmp-nvptx/usr,amdgcn-amdhsa=/build/gcc-11-XeT9lY/gcc-11-11.4.0/debian/tmp-gcn/usr --without-cuda-driver --enable-checking=release --build=x86_64-linux-gnu --host=x86_64-linux-gnu --target=x86_64-linux-gnu --with-build-config=bootstrap-lto-lean --enable-link-serialization=2
Thread model: posix
Supported LTO compression algorithms: zlib zstd
gcc version 11.4.0 (Ubuntu 11.4.0-1ubuntu1~22.04) 
... rest of stderr output deleted ...
configure:4785: $? = 0
configure:4774: gcc -V >&5
gcc: error: unrecognized command-line option '-V'
gcc: fatal error: no input files
compilation terminated.
configure:4785: $? = 1
configure:4774: gcc -qversion >&5
gcc: error: unrecognized command-line option '-qversion'; did you mean '--version'?
gcc: fatal error: no input files
compilation terminated.
configure:4785: $? = 1
configure:4774: gcc -version >&5
gcc: error: unrecognized command-line option '-version'
gcc: fatal error: no input files
compilation terminated.
configure:4785: $? = 1
configure:4805: checking whether the C compiler works
configure:4827: gcc    conftest.c  >&5
configure:4831: $? = 0
configure:4881: result: yes
configure:4884: checking for C compiler default output file name
configure:4886: result: a.out
configure:4892: checking for suffix of executables
configure:4899: gcc -o conftest    conftest.c  >&5
configure:4903: $? = 0
configure:4926: result: 
configure:4948: checking whether we are cross compiling
configure:4956: gcc -o conftest    conftest.c  >&5
configure:4960: $? = 0
configure:4967: ./conftest
configure:4971: $? = 0
configure:4986: result: no
configure:4991: checking for suffix of object files
configure:5014: gcc -c   conftest.c >&5
configure:5018: $? = 0
configure:5040: result: o
configure:5044: checking whether the compiler supports GNU C
configure:5064: gcc -c   conftest.c >&5
configure:5064: $? = 0
configure:5074: result: yes
configure:5085: checking whether gcc accepts -g
configure:5106: gcc -c -g  conftest.c >&5
configure:5106: $? = 0
configure:5150: result: yes
configure:5170: checking for gcc option to enable C11 features
configure:5185: gcc  -c -g -O2  conftest.c >&5
configure:5185: $? = 0
configure:5203: result: none needed
configure:5319: checking whether gcc understands -c and -o together
configure:5342: gcc -c conftest.c -o conftest2.o
configure:5345: $? = 0
configure:5342: gcc -c conftest.c -o conftest2.o
configure:5345: $? = 0
configure:5357: result: yes
configure:5376: checking dependency style of gcc
configure:5488: result: gcc3
configure:5503: checking for a sed that does not truncate output
configure:5573: result: /usr/bin/sed
configure:5591: checking for grep that handles long lines and -e
configure:5655: result: /usr/bin/grep
configure:5660: checking for egrep
configure:5728: result: /usr/bin/grep -E
configure:5733: checking for fgrep
configure:5801: result: /usr/bin/grep -F
configure:5837: checking for ld used by gcc
configure:5905: result: /usr/bin/ld
configure:5912: checking if the linker (/usr/bin/ld) is GNU ld
configure:5928: result: yes
configure:5940: checking for BSD- or MS-compatible name lister (nm)
configure:5990: result: /usr/bin/nm -B
configure:6130: checking the name lister (/usr/bin/nm -B) interface
configure:6138:  -c   conftest.cpp >&5
./configure: line 6139: -c: command not found
configure:6141: /usr/bin/nm -B "conftest.o"
/usr/bin/nm: 'conftest.o': No such file
configure:6144: output
configure:6151: result: BSD nm
configure:6154: checking whether ln -s works
configure:6158: result: yes
configure:6166: checking the maximum length of command line arguments
configure:6298: result: 1572864
configure:6315: checking whether the shell understands some XSI constructs
configure:6325: result: yes
configure:6329: checking whether the shell understands "+="
configure:6335: result: yes
configure:6370: checking how to convert x86_64-unknown-linux-gnu file names to x86_64-unknown-linux-gnu format
configure:6411: result: func_convert_file_noop
configure:6418: checking how to convert x86_64-unknown-linux-gnu file names to toolchain format
configure:6439: result: func_convert_file_noop
configure:6446: checking for /usr/bin/ld option to reload object files
configure:6454: result: -r
configure:6533: checking for objdump
configure:6554: found /usr/bin/objdump
configure:6565: result: objdump
configure:6597: checking how to recognize dependent libraries
configure:6796: result: pass_all
configure:6886: checking for dlltool
configure:6921: result: no
configure:6951: checking how to associate runtime and link libraries
configure:6979: result: printf %s\n
configure:7059: checking for g++
configure:7080: found /usr/bin/g++
configure:7091: result: g++
configure:7118: checking for C++ compiler version
configure:7127: g++ --version >&5
g++ (Ubuntu 11.4.0-1ubuntu1~22.04) 11.4.0
Copyright (C) 2021 Free Software Foundation, Inc.
This is free software; see the source for copying conditions.  There is NO
warranty; not even for MERCHANTABILITY or FITNESS FOR A PARTICULAR PURPOSE.

configure:7138: $? = 0
configure:7127: g++ -v >&5
Using built-in specs.
COLLECT_GCC=g++
COLLECT_LTO_WRAPPER=/usr/lib/gcc/x86_64-linux-gnu/11/lto-wrapper
OFFLOAD_TARGET_NAMES=nvptx-none:amdgcn-amdhsa
OFFLOAD_TARGET_DEFAULT=1
Target: x86_64-linux-gnu
Configured with: ../src/configure -v --with-pkgversion='Ubuntu 11.4.0-1ubuntu1~22.04' --with-bugurl=file:///usr/share/doc/gcc-11/README.Bugs --enable-languages=c,ada,c++,go,brig,d,fortran,objc,obj-c++,m2 --prefix=/usr --with-gcc-major-version-only --program-suffix=-11 --program-prefix=x86_64-linux-gnu- --enable-shared --enable-linker-build-id --libexecdir=/usr/lib --without-included-gettext --enable-threads=posix --libdir=/usr/lib --enable-nls --enable-bootstrap --enable-clocale=gnu --enable-libstdcxx-debug --enable-libstdcxx-time=yes --with-default-libstdcxx-abi=new --enable-gnu-unique-object --disable-vtable-verify --enable-plugin --enable-default-pie --with-system-zlib --enable-libphobos-checking=release --with-target-system-zlib=auto --enable-objc-gc=auto --enable-multiarch --disable-werror --enable-cet --with-arch-32=i686 --with-abi=m64 --with-multilib-list=m32,m64,mx32 --enable-multilib --with-tune=generic --enable-offload-targets=nvptx-none=/build/gcc-11-XeT9lY/gcc-11-11.4.0/debian/tmp-nvptx/usr,amdgcn-amdhsa=/build/gcc-11-XeT9lY/gcc-11-11.4.0/debian/tmp-gcn/usr --without-cuda-driver --enable-checking=release --build=x86_64-linux-gnu --host=x86_64-linux-gnu --target=x86_64-linux-gnu --with-build-config=bootstrap-lto-lean --enable-link-serialization=2
Thread model: posix
Supported LTO compression algorithms: zlib zstd
gcc version 11.4.0 (Ubuntu 11.4.0-1ubuntu1~22.04) 
... rest of stderr output deleted ...
configure:7138: $? = 0
configure:7127: g++ -V >&5
g++: error: unrecognized command-line option '-V'
g++: fatal error: no input files
compilation terminated.
configure:7138: $? = 1
configure:7127: g++ -qversion >&5
g++: error: unrecognized command-line option '-qversion'; did you mean '--version'?
g++: fatal error: no input files
compilation terminated.
configure:7138: $? = 1
configure:7142: checking whether the compiler supports GNU C++
configure:7162: g++ -c   conftest.cpp >&5
configure:7162: $? = 0
configure:7172: result: yes
configure:7183: checking whether g++ accepts -g
configure:7204: g++ -c -g  conftest.cpp >&5
configure:7204: $? = 0
configure:7248: result: yes
configure:7268: checking for g++ option to enable C++11 features
configure:7283: g++  -c -g -O2  conftest.cpp >&5
conftest.cpp: In function 'int main(int, char**)':
conftest.cpp:177:25: warning: empty parentheses were disambiguated as a function declaration [-Wvexing-parse]
  177 |   cxx11test::delegate d2();
      |                         ^~
conftest.cpp:177:25: note: remove parentheses to default-initialize a variable
  177 |   cxx11test::delegate d2();
      |                         ^~
      |                         --
conftest.cpp:177:25: note: or replace parentheses with braces to value-initialize a variable
configure:7283: $? = 0
configure:7301: result: none needed
configure:7367: checking dependency style of g++
configure:7479: result: gcc3
configure:7549: checking for ar
configure:7570: found /usr/bin/ar
configure:7581: result: ar
configure:7618: checking for archiver @FILE support
configure:7636: g++ -c -g -O2  conftest.cpp >&5
configure:7636: $? = 0
configure:7640: ar cru libconftest.a @conftest.lst >&5
ar: `u' modifier ignored since `D' is the default (see `U')
configure:7643: $? = 0
configure:7648: ar cru libconftest.a @conftest.lst >&5
ar: `u' modifier ignored since `D' is the default (see `U')
ar: conftest.o: No such file or directory
configure:7651: $? = 1
configure:7663: result: @
configure:7726: checking for strip
configure:7747: found /usr/bin/strip
configure:7758: result: strip
configure:7835: checking for ranlib
configure:7856: found /usr/bin/ranlib
configure:7867: result: ranlib
configure:7969: checking command to parse /usr/bin/nm -B output from gcc object
configure:8090: g++ -c -g -O2  conftest.cpp >&5
configure:8093: $? = 0
configure:8097: /usr/bin/nm -B conftest.o \| sed -n -e 's/^.*[ ]\([ABCDGIRSTW][ABCDGIRSTW]*\)[ ][ ]*\([_A-Za-z][_A-Za-z0-9]*\)$/\1 \2 \2/p' | sed '/ __gnu_lto/d' \> conftest.nm
configure:8100: $? = 0
configure:8166: g++ -o conftest -g -O2   conftest.cpp conftstm.o >&5
configure:8169: $? = 0
configure:8207: result: ok
configure:8244: checking for sysroot
configure:8275: result: no
configure:8354: g++ -c -g -O2  conftest.cpp >&5
configure:8357: $? = 0
configure:8553: checking for mt
configure:8574: found /usr/bin/mt
configure:8585: result: mt
configure:8608: checking if mt is a manifest tool
configure:8615: mt '-?'
configure:8623: result: no
configure:9318: checking for stdio.h
configure:9318: g++ -c -g -O2  conftest.cpp >&5
configure:9318: $? = 0
configure:9318: result: yes
configure:9318: checking for stdlib.h
configure:9318: g++ -c -g -O2  conftest.cpp >&5
configure:9318: $? = 0
configure:9318: result: yes
configure:9318: checking for string.h
configure:9318: g++ -c -g -O2  conftest.cpp >&5
configure:9318: $? = 0
configure:9318: result: yes
configure:9318: checking for inttypes.h
configure:9318: g++ -c -g -O2  conftest.cpp >&5
configure:9318: $? = 0
configure:9318: result: yes
configure:9318: checking for stdint.h
configure:9318: g++ -c -g -O2  conftest.cpp >&5
configure:9318: $? = 0
configure:9318: result: yes
configure:9318: checking for strings.h
configure:9318: g++ -c -g -O2  conftest.cpp >&5
configure:9318: $? = 0
configure:9318: result: yes
configure:9318: checking for sys/stat.h
configure:9318: g++ -c -g -O2  conftest.cpp >&5
configure:9318: $? = 0
configure:9318: result: yes
configure:9318: checking for sys/types.h
configure:9318: g++ -c -g -O2  conftest.cpp >&5
configure:9318: $? = 0
configure:9318: result: yes
configure:9318: checking for unistd.h
configure:9318: g++ -c -g -O2  conftest.cpp >&5
configure:9318: $? = 0
configure:9318: result: yes
configure:9343: checking for dlfcn.h
configure:9343: g++ -c -g -O2  conftest.cpp >&5
configure:9343: $? = 0
configure:9343: result: yes
configure:9558: checking for objdir
configure:9574: result: .libs
configure:9845: checking if gcc supports -fno-rtti -fno-exceptions
configure:9864: gcc -c -g -O2  -fno-rtti -fno-exceptions conftest.c >&5
cc1: warning: command-line option '-fno-rtti' is valid for C++/D/ObjC++ but not for C
configure:9868: $? = 0
configure:9881: result: no
configure:10208: checking for gcc option to produce PIC
configure:10216: result: -fPIC -DPIC
configure:10224: checking if gcc PIC flag -fPIC -DPIC works
configure:10243: gcc -c -g -O2  -fPIC -DPIC -DPIC conftest.c >&5
configure:10247: $? = 0
configure:10260: result: yes
configure:10289: checking if gcc static flag -static works
configure:10318: result: yes
configure:10333: checking if gcc supports -c -o file.o
configure:10355: gcc -c -g -O2  -o out/conftest2.o conftest.c >&5
configure:10359: $? = 0
configure:10381: result: yes
configure:10389: checking if gcc supports -c -o file.o
configure:10437: result: yes
configure:10470: checking whether the gcc linker (/usr/bin/ld -m elf_x86_64) supports shared libraries
configure:11634: result: yes
configure:11671: checking whether -lc should be explicitly linked in
configure:11680: gcc -c -g -O2  conftest.c >&5
configure:11683: $? = 0
configure:11698: gcc -shared  -fPIC -DPIC conftest.o  -v -Wl,-soname -Wl,conftest -o conftest 2\>\&1 \| /usr/bin/grep  -lc  \>/dev/null 2\>\&1
configure:11701: $? = 0
configure:11715: result: no
configure:11875: checking dynamic linker characteristics
configure:12376: gcc -o conftest -g -O2   -Wl,-rpath -Wl,/foo conftest.c  >&5
configure:12376: $? = 0
configure:12612: result: GNU/Linux ld.so
configure:12719: checking how to hardcode library paths into programs
configure:12744: result: immediate
configure:12838: checking for shl_load
configure:12838: gcc -o conftest -g -O2   conftest.c  >&5
/usr/bin/ld: /tmp/ccOkbyys.o: in function `main':
/home/junichi/Gyoto/conftest.c:50: undefined reference to `shl_load'
collect2: error: ld returned 1 exit status
configure:12838: $? = 1
configure: failed program was:
| /* confdefs.h */
| #define PACKAGE_NAME "Gyoto"
| #define PACKAGE_TARNAME "gyoto"
| #define PACKAGE_VERSION "2.0.0"
| #define PACKAGE_STRING "Gyoto 2.0.0"
| #define PACKAGE_BUGREPORT "gyoto@sympa.obspm.fr"
| #define PACKAGE_URL ""
| #define PACKAGE "gyoto"
| #define VERSION "2.0.0"
| #define HAVE_STDIO_H 1
| #define HAVE_STDLIB_H 1
| #define HAVE_STRING_H 1
| #define HAVE_INTTYPES_H 1
| #define HAVE_STDINT_H 1
| #define HAVE_STRINGS_H 1
| #define HAVE_SYS_STAT_H 1
| #define HAVE_SYS_TYPES_H 1
| #define HAVE_UNISTD_H 1
| #define STDC_HEADERS 1
| #define HAVE_DLFCN_H 1
| #define LT_OBJDIR ".libs/"
| /* end confdefs.h.  */
| /* Define shl_load to an innocuous variant, in case <limits.h> declares shl_load.
|    For example, HP-UX 11i <limits.h> declares gettimeofday.  */
| #define shl_load innocuous_shl_load
| 
| /* System header to define __stub macros and hopefully few prototypes,
|    which can conflict with char shl_load (); below.  */
| 
| #include <limits.h>
| #undef shl_load
| 
| /* Override any GCC internal prototype to avoid an error.
|    Use char because int might match the return type of a GCC
|    builtin and then its argument prototype would still apply.  */
| #ifdef __cplusplus
| extern "C"
| #endif
| char shl_load ();
| /* The GNU C library defines this for functions which it implements
|     to always fail with ENOSYS.  Some functions are actually named
|     something starting with __ and the normal name is an alias.  */
| #if defined __stub_shl_load || defined __stub___shl_load
| choke me
| #endif
| 
| int
| main (void)
| {
| return shl_load ();
|   ;
|   return 0;
| }
configure:12838: result: no
configure:12843: checking for shl_load in -ldld
configure:12866: gcc -o conftest -g -O2   conftest.c -ldld   >&5
/usr/bin/ld: cannot find -ldld: No such file or directory
collect2: error: ld returned 1 exit status
configure:12866: $? = 1
configure: failed program was:
| /* confdefs.h */
| #define PACKAGE_NAME "Gyoto"
| #define PACKAGE_TARNAME "gyoto"
| #define PACKAGE_VERSION "2.0.0"
| #define PACKAGE_STRING "Gyoto 2.0.0"
| #define PACKAGE_BUGREPORT "gyoto@sympa.obspm.fr"
| #define PACKAGE_URL ""
| #define PACKAGE "gyoto"
| #define VERSION "2.0.0"
| #define HAVE_STDIO_H 1
| #define HAVE_STDLIB_H 1
| #define HAVE_STRING_H 1
| #define HAVE_INTTYPES_H 1
| #define HAVE_STDINT_H 1
| #define HAVE_STRINGS_H 1
| #define HAVE_SYS_STAT_H 1
| #define HAVE_SYS_TYPES_H 1
| #define HAVE_UNISTD_H 1
| #define STDC_HEADERS 1
| #define HAVE_DLFCN_H 1
| #define LT_OBJDIR ".libs/"
| /* end confdefs.h.  */
| 
| /* Override any GCC internal prototype to avoid an error.
|    Use char because int might match the return type of a GCC
|    builtin and then its argument prototype would still apply.  */
| char shl_load ();
| int
| main (void)
| {
| return shl_load ();
|   ;
|   return 0;
| }
configure:12876: result: no
configure:12882: checking for dlopen
configure:12882: gcc -o conftest -g -O2   conftest.c  >&5
configure:12882: $? = 0
configure:12882: result: yes
configure:13040: checking whether a program can dlopen itself
configure:13121: gcc -o conftest -g -O2  -DHAVE_DLFCN_H  -Wl,--export-dynamic conftest.c   >&5
configure:13124: $? = 0
configure:13142: result: yes
configure:13147: checking whether a statically linked program can dlopen itself
configure:13228: gcc -o conftest -g -O2  -DHAVE_DLFCN_H  -Wl,--export-dynamic -static conftest.c   >&5
/usr/bin/ld: /tmp/ccjpa7O1.o: in function `main':
/home/junichi/Gyoto/configure:13207: warning: Using 'dlopen' in statically linked applications requires at runtime the shared libraries from the glibc version used for linking
configure:13231: $? = 0
conftest: undefined symbol: _fnord
configure:13249: result: no
configure:13288: checking whether stripping libraries is possible
configure:13293: result: yes
configure:13328: checking if libtool supports shared libraries
configure:13330: result: yes
configure:13333: checking whether to build shared libraries
configure:13354: result: yes
configure:13357: checking whether to build static libraries
configure:13361: result: no
configure:13384: checking how to run the C++ preprocessor
configure:13406: g++ -E  conftest.cpp
configure:13406: $? = 0
configure:13421: g++ -E  conftest.cpp
conftest.cpp:23:10: fatal error: ac_nonexistent.h: No such file or directory
   23 | #include <ac_nonexistent.h>
      |          ^~~~~~~~~~~~~~~~~~
compilation terminated.
configure:13421: $? = 1
configure: failed program was:
| /* confdefs.h */
| #define PACKAGE_NAME "Gyoto"
| #define PACKAGE_TARNAME "gyoto"
| #define PACKAGE_VERSION "2.0.0"
| #define PACKAGE_STRING "Gyoto 2.0.0"
| #define PACKAGE_BUGREPORT "gyoto@sympa.obspm.fr"
| #define PACKAGE_URL ""
| #define PACKAGE "gyoto"
| #define VERSION "2.0.0"
| #define HAVE_STDIO_H 1
| #define HAVE_STDLIB_H 1
| #define HAVE_STRING_H 1
| #define HAVE_INTTYPES_H 1
| #define HAVE_STDINT_H 1
| #define HAVE_STRINGS_H 1
| #define HAVE_SYS_STAT_H 1
| #define HAVE_SYS_TYPES_H 1
| #define HAVE_UNISTD_H 1
| #define STDC_HEADERS 1
| #define HAVE_DLFCN_H 1
| #define LT_OBJDIR ".libs/"
| /* end confdefs.h.  */
| #include <ac_nonexistent.h>
configure:13448: result: g++ -E
configure:13462: g++ -E  conftest.cpp
configure:13462: $? = 0
configure:13477: g++ -E  conftest.cpp
conftest.cpp:23:10: fatal error: ac_nonexistent.h: No such file or directory
   23 | #include <ac_nonexistent.h>
      |          ^~~~~~~~~~~~~~~~~~
compilation terminated.
configure:13477: $? = 1
configure: failed program was:
| /* confdefs.h */
| #define PACKAGE_NAME "Gyoto"
| #define PACKAGE_TARNAME "gyoto"
| #define PACKAGE_VERSION "2.0.0"
| #define PACKAGE_STRING "Gyoto 2.0.0"
| #define PACKAGE_BUGREPORT "gyoto@sympa.obspm.fr"
| #define PACKAGE_URL ""
| #define PACKAGE "gyoto"
| #define VERSION "2.0.0"
| #define HAVE_STDIO_H 1
| #define HAVE_STDLIB_H 1
| #define HAVE_STRING_H 1
| #define HAVE_INTTYPES_H 1
| #define HAVE_STDINT_H 1
| #define HAVE_STRINGS_H 1
| #define HAVE_SYS_STAT_H 1
| #define HAVE_SYS_TYPES_H 1
| #define HAVE_UNISTD_H 1
| #define STDC_HEADERS 1
| #define HAVE_DLFCN_H 1
| #define LT_OBJDIR ".libs/"
| /* end confdefs.h.  */
| #include <ac_nonexistent.h>
configure:13649: checking for ld used by g++
configure:13717: result: /usr/bin/ld -m elf_x86_64
configure:13724: checking if the linker (/usr/bin/ld -m elf_x86_64) is GNU ld
configure:13740: result: yes
configure:13795: checking whether the g++ linker (/usr/bin/ld -m elf_x86_64) supports shared libraries
configure:14801: result: yes
configure:14837: g++ -c -g -O2  conftest.cpp >&5
configure:14840: $? = 0
configure:15360: checking for g++ option to produce PIC
configure:15368: result: -fPIC -DPIC
configure:15376: checking if g++ PIC flag -fPIC -DPIC works
configure:15395: g++ -c -g -O2  -fPIC -DPIC -DPIC conftest.cpp >&5
configure:15399: $? = 0
configure:15412: result: yes
configure:15435: checking if g++ static flag -static works
configure:15464: result: yes
configure:15476: checking if g++ supports -c -o file.o
configure:15498: g++ -c -g -O2  -o out/conftest2.o conftest.cpp >&5
configure:15502: $? = 0
configure:15524: result: yes
configure:15529: checking if g++ supports -c -o file.o
configure:15577: result: yes
configure:15607: checking whether the g++ linker (/usr/bin/ld -m elf_x86_64) supports shared libraries
configure:15646: result: yes
configure:15788: checking dynamic linker characteristics
configure:16459: result: GNU/Linux ld.so
configure:16512: checking how to hardcode library paths into programs
configure:16537: result: immediate
configure:16620: checking whether C++ compiler accepts -P
configure:16640: g++ -c -g -O2  -P  conftest.cpp >&5
configure:16640: $? = 0
configure:16650: result: yes
configure:16668: : CPPFLAGS="$CPPFLAGS"
configure:16671: $? = 0
configure:16758: checking for fenv.h
configure:16771: g++ -o conftest -g -O2  -P  conftest.cpp  >&5
configure:16771: $? = 0
configure:16777: result: yes
configure:16794: checking whether size_t is the same as unsigned long
configure:16837: g++ -o conftest -g -O2  -P  conftest.cpp  >&5
configure:16837: $? = 0
configure:16837: ./conftest
configure:16837: $? = 0
configure:16859: result: same
configure:16889: checking for python3
configure:16912: found /usr/bin/python3
configure:16924: result: /usr/bin/python3
configure:16940: checking for python3-config
configure:16963: found /usr/bin/python3-config
configure:16975: result: /usr/bin/python3-config
configure:16990: checking for Python includes
configure:17003: result: -I/usr/include/python3.10 -I/usr/include/python3.10
configure:17008: checking for Python prefix
configure:17052: result: /usr
configure:17056: checking for Python exec-prefix
configure:17101: result: /usr
configure:17107: checking for Python.h
configure:17107: g++ -c -g -O2 -g -O2 -I/usr/include/python3.10 -I/usr/include/python3.10 conftest.cpp >&5
configure:17107: $? = 0
configure:17107: result: yes
configure:17111: checking for Python includes
configure:17124: result: -I/usr/include/python3.10 -I/usr/include/python3.10
configure:17128: checking for Python CFLAGS
configure:17141: result: -I/usr/include/python3.10 -I/usr/include/python3.10  -Wno-unused-result -Wsign-compare -g      -fstack-protector-strong -Wformat -Werror=format-security  -DNDEBUG -g -fwrapv -O2 -Wall
configure:17145: checking for Python LDFLAGS
configure:17158: result: -L/usr/lib/python3.10/config-3.10-x86_64-linux-gnu -L/usr/lib/x86_64-linux-gnu  -lcrypt -ldl  -lm -lm 
configure:17162: checking for Python libs
configure:17175: result:  -lcrypt -ldl  -lm -lm 
configure:17179: checking for Python site-packages directory
configure:17219: chmod +x conftest.py && cp conftest.py conftest >&5
configure:17219: $? = 0
configure:17251: result: local/lib/python3.10/dist-packages
configure:17257: checking for Python extension module directory
configure:17297: chmod +x conftest.py && cp conftest.py conftest >&5
configure:17297: $? = 0
configure:17329: result: local/lib/python3.10/dist-packages
configure:17333: checking for Python extension suffix
configure:17346: result: .cpython-310-x86_64-linux-gnu.so
configure:17350: checking for Python extension module directory
configure:17422: result: local/lib/python3.10/dist-packages
configure:17521: checking for swig
configure:17559: result: no
configure:17521: checking for swig4.0
configure:17559: result: no
configure:17521: checking for swig3.0
configure:17544: found /usr/bin/swig3.0
configure:17556: result: /usr/bin/swig3.0
configure:17570: checking SWIG version
configure:17573: result: 3.0.12
configure:17622: checking for SWIG library
configure:17625: result: /usr/share/swig3.0
configure:17661: checking whether g++ supports C++11 features by default
configure:17696: g++ -c -g -O2  -P conftest.cpp >&5
configure:17696: $? = 0
configure:17704: result: yes
configure: this is boost.m4 serial 22
configure:17907: checking for Boost headers version >= 1.53.1
configure:17979: g++ -c -g -O2  -P conftest.cpp >&5
configure:17979: $? = 0
configure:18001: result: yes
configure:18021: checking for Boost's header version
configure:18051: result: 1_74
configure:18077: checking for boost/multiprecision/cpp_dec_float.hpp
configure:18077: g++ -c -g -O2  -P  conftest.cpp >&5
configure:18077: $? = 0
configure:18077: result: yes
configure:18109: checking for boost/array.hpp
configure:18109: g++ -c -g -O2  -P  conftest.cpp >&5
configure:18109: $? = 0
configure:18109: result: yes
configure:18141: checking for boost/numeric/odeint/stepper/controlled_step_result.hpp
configure:18141: g++ -c -g -O2  -P  conftest.cpp >&5
configure:18141: $? = 0
configure:18141: result: yes
configure:18192: checking for mpic++
configure:18213: found /usr/bin/mpic++
configure:18224: result: mpic++
configure:18235: checking for the toolset name used by Boost for g++
configure:18338: g++ -c -g -O2  -P conftest.cpp >&5
conftest.cpp:35:3: error: #error defined __GNUC__ && __GNUC__ == 4 && __GNUC_MINOR__ == 8 && !defined __ICC && (defined WIN32 || defined WINNT || defined _WIN32 || defined __WIN32 || defined __WIN32__ || defined __WINNT || defined __WINNT__)
   35 | # error defined __GNUC__ && __GNUC__ == 4 && __GNUC_MINOR__ == 8 && !defined __ICC &&   (defined WIN32 || defined WINNT || defined _WIN32 || defined __WIN32          || defined __WIN32__ || defined __WINNT || defined __WINNT__)
      |   ^~~~~
configure:18338: $? = 1
configure: failed program was:
| /* confdefs.h */
| #define PACKAGE_NAME "Gyoto"
| #define PACKAGE_TARNAME "gyoto"
| #define PACKAGE_VERSION "2.0.0"
| #define PACKAGE_STRING "Gyoto 2.0.0"
| #define PACKAGE_BUGREPORT "gyoto@sympa.obspm.fr"
| #define PACKAGE_URL ""
| #define PACKAGE "gyoto"
| #define VERSION "2.0.0"
| #define HAVE_STDIO_H 1
| #define HAVE_STDLIB_H 1
| #define HAVE_STRING_H 1
| #define HAVE_INTTYPES_H 1
| #define HAVE_STDINT_H 1
| #define HAVE_STRINGS_H 1
| #define HAVE_SYS_STAT_H 1
| #define HAVE_SYS_TYPES_H 1
| #define HAVE_UNISTD_H 1
| #define STDC_HEADERS 1
| #define HAVE_DLFCN_H 1
| #define LT_OBJDIR ".libs/"
| #define HAVE_FENV_H 1
| #define GYOTO_SIZE__T_IS_UNSIGNED_LONG 1
| #define HAVE_CXX11 1
| #define HAVE_BOOST 1
| #define HAVE_BOOST_MULTIPRECISION_CPP_DEC_FLOAT_HPP 1
| #define HAVE_BOOST_ARRAY_HPP 1
| #define HAVE_BOOST_NUMERIC_ODEINT_STEPPER_CONTROLLED_STEP_RESULT_HPP 1
| #define GYOTO_HAVE_BOOST_INTEGRATORS 1
| /* end confdefs.h.  */
| 
| #if defined __GNUC__ && __GNUC__ == 4 && __GNUC_MINOR__ == 8 && !defined __ICC &&   (defined WIN32 || defined WINNT || defined _WIN32 || defined __WIN32          || defined __WIN32__ || defined __WINNT || defined __WINNT__)
| /* OK */
| #else
| # error defined __GNUC__ && __GNUC__ == 4 && __GNUC_MINOR__ == 8 && !defined __ICC &&   (defined WIN32 || defined WINNT || defined _WIN32 || defined __WIN32          || defined __WIN32__ || defined __WINNT || defined __WINNT__)
| #endif
| 
| int
| main (void)
| {
| 
|   ;
|   return 0;
| }
configure:18338: g++ -c -g -O2  -P conftest.cpp >&5
conftest.cpp:35:3: error: #error defined __GNUC__ && __GNUC__ == 4 && __GNUC_MINOR__ == 8 && !defined __ICC
   35 | # error defined __GNUC__ && __GNUC__ == 4 && __GNUC_MINOR__ == 8 && !defined __ICC
      |   ^~~~~
configure:18338: $? = 1
configure: failed program was:
| /* confdefs.h */
| #define PACKAGE_NAME "Gyoto"
| #define PACKAGE_TARNAME "gyoto"
| #define PACKAGE_VERSION "2.0.0"
| #define PACKAGE_STRING "Gyoto 2.0.0"
| #define PACKAGE_BUGREPORT "gyoto@sympa.obspm.fr"
| #define PACKAGE_URL ""
| #define PACKAGE "gyoto"
| #define VERSION "2.0.0"
| #define HAVE_STDIO_H 1
| #define HAVE_STDLIB_H 1
| #define HAVE_STRING_H 1
| #define HAVE_INTTYPES_H 1
| #define HAVE_STDINT_H 1
| #define HAVE_STRINGS_H 1
| #define HAVE_SYS_STAT_H 1
| #define HAVE_SYS_TYPES_H 1
| #define HAVE_UNISTD_H 1
| #define STDC_HEADERS 1
| #define HAVE_DLFCN_H 1
| #define LT_OBJDIR ".libs/"
| #define HAVE_FENV_H 1
| #define GYOTO_SIZE__T_IS_UNSIGNED_LONG 1
| #define HAVE_CXX11 1
| #define HAVE_BOOST 1
| #define HAVE_BOOST_MULTIPRECISION_CPP_DEC_FLOAT_HPP 1
| #define HAVE_BOOST_ARRAY_HPP 1
| #define HAVE_BOOST_NUMERIC_ODEINT_STEPPER_CONTROLLED_STEP_RESULT_HPP 1
| #define GYOTO_HAVE_BOOST_INTEGRATORS 1
| /* end confdefs.h.  */
| 
| #if defined __GNUC__ && __GNUC__ == 4 && __GNUC_MINOR__ == 8 && !defined __ICC
| /* OK */
| #else
| # error defined __GNUC__ && __GNUC__ == 4 && __GNUC_MINOR__ == 8 && !defined __ICC
| #endif
| 
| int
| main (void)
| {
| 
|   ;
|   return 0;
| }
configure:18338: g++ -c -g -O2  -P conftest.cpp >&5
conftest.cpp:35:3: error: #error defined __GNUC__ && __GNUC__ == 4 && __GNUC_MINOR__ == 7 && !defined __ICC && (defined WIN32 || defined WINNT || defined _WIN32 || defined __WIN32 || defined __WIN32__ || defined __WINNT || defined __WINNT__)
   35 | # error defined __GNUC__ && __GNUC__ == 4 && __GNUC_MINOR__ == 7 && !defined __ICC &&   (defined WIN32 || defined WINNT || defined _WIN32 || defined __WIN32          || defined __WIN32__ || defined __WINNT || defined __WINNT__)
      |   ^~~~~
configure:18338: $? = 1
configure: failed program was:
| /* confdefs.h */
| #define PACKAGE_NAME "Gyoto"
| #define PACKAGE_TARNAME "gyoto"
| #define PACKAGE_VERSION "2.0.0"
| #define PACKAGE_STRING "Gyoto 2.0.0"
| #define PACKAGE_BUGREPORT "gyoto@sympa.obspm.fr"
| #define PACKAGE_URL ""
| #define PACKAGE "gyoto"
| #define VERSION "2.0.0"
| #define HAVE_STDIO_H 1
| #define HAVE_STDLIB_H 1
| #define HAVE_STRING_H 1
| #define HAVE_INTTYPES_H 1
| #define HAVE_STDINT_H 1
| #define HAVE_STRINGS_H 1
| #define HAVE_SYS_STAT_H 1
| #define HAVE_SYS_TYPES_H 1
| #define HAVE_UNISTD_H 1
| #define STDC_HEADERS 1
| #define HAVE_DLFCN_H 1
| #define LT_OBJDIR ".libs/"
| #define HAVE_FENV_H 1
| #define GYOTO_SIZE__T_IS_UNSIGNED_LONG 1
| #define HAVE_CXX11 1
| #define HAVE_BOOST 1
| #define HAVE_BOOST_MULTIPRECISION_CPP_DEC_FLOAT_HPP 1
| #define HAVE_BOOST_ARRAY_HPP 1
| #define HAVE_BOOST_NUMERIC_ODEINT_STEPPER_CONTROLLED_STEP_RESULT_HPP 1
| #define GYOTO_HAVE_BOOST_INTEGRATORS 1
| /* end confdefs.h.  */
| 
| #if defined __GNUC__ && __GNUC__ == 4 && __GNUC_MINOR__ == 7 && !defined __ICC &&   (defined WIN32 || defined WINNT || defined _WIN32 || defined __WIN32          || defined __WIN32__ || defined __WINNT || defined __WINNT__)
| /* OK */
| #else
| # error defined __GNUC__ && __GNUC__ == 4 && __GNUC_MINOR__ == 7 && !defined __ICC &&   (defined WIN32 || defined WINNT || defined _WIN32 || defined __WIN32          || defined __WIN32__ || defined __WINNT || defined __WINNT__)
| #endif
| 
| int
| main (void)
| {
| 
|   ;
|   return 0;
| }
configure:18338: g++ -c -g -O2  -P conftest.cpp >&5
conftest.cpp:35:3: error: #error defined __GNUC__ && __GNUC__ == 4 && __GNUC_MINOR__ == 7 && !defined __ICC
   35 | # error defined __GNUC__ && __GNUC__ == 4 && __GNUC_MINOR__ == 7 && !defined __ICC
      |   ^~~~~
configure:18338: $? = 1
configure: failed program was:
| /* confdefs.h */
| #define PACKAGE_NAME "Gyoto"
| #define PACKAGE_TARNAME "gyoto"
| #define PACKAGE_VERSION "2.0.0"
| #define PACKAGE_STRING "Gyoto 2.0.0"
| #define PACKAGE_BUGREPORT "gyoto@sympa.obspm.fr"
| #define PACKAGE_URL ""
| #define PACKAGE "gyoto"
| #define VERSION "2.0.0"
| #define HAVE_STDIO_H 1
| #define HAVE_STDLIB_H 1
| #define HAVE_STRING_H 1
| #define HAVE_INTTYPES_H 1
| #define HAVE_STDINT_H 1
| #define HAVE_STRINGS_H 1
| #define HAVE_SYS_STAT_H 1
| #define HAVE_SYS_TYPES_H 1
| #define HAVE_UNISTD_H 1
| #define STDC_HEADERS 1
| #define HAVE_DLFCN_H 1
| #define LT_OBJDIR ".libs/"
| #define HAVE_FENV_H 1
| #define GYOTO_SIZE__T_IS_UNSIGNED_LONG 1
| #define HAVE_CXX11 1
| #define HAVE_BOOST 1
| #define HAVE_BOOST_MULTIPRECISION_CPP_DEC_FLOAT_HPP 1
| #define HAVE_BOOST_ARRAY_HPP 1
| #define HAVE_BOOST_NUMERIC_ODEINT_STEPPER_CONTROLLED_STEP_RESULT_HPP 1
| #define GYOTO_HAVE_BOOST_INTEGRATORS 1
| /* end confdefs.h.  */
| 
| #if defined __GNUC__ && __GNUC__ == 4 && __GNUC_MINOR__ == 7 && !defined __ICC
| /* OK */
| #else
| # error defined __GNUC__ && __GNUC__ == 4 && __GNUC_MINOR__ == 7 && !defined __ICC
| #endif
| 
| int
| main (void)
| {
| 
|   ;
|   return 0;
| }
configure:18338: g++ -c -g -O2  -P conftest.cpp >&5
conftest.cpp:35:3: error: #error defined __GNUC__ && __GNUC__ == 4 && __GNUC_MINOR__ == 6 && !defined __ICC && (defined WIN32 || defined WINNT || defined _WIN32 || defined __WIN32 || defined __WIN32__ || defined __WINNT || defined __WINNT__)
   35 | # error defined __GNUC__ && __GNUC__ == 4 && __GNUC_MINOR__ == 6 && !defined __ICC &&   (defined WIN32 || defined WINNT || defined _WIN32 || defined __WIN32          || defined __WIN32__ || defined __WINNT || defined __WINNT__)
      |   ^~~~~
configure:18338: $? = 1
configure: failed program was:
| /* confdefs.h */
| #define PACKAGE_NAME "Gyoto"
| #define PACKAGE_TARNAME "gyoto"
| #define PACKAGE_VERSION "2.0.0"
| #define PACKAGE_STRING "Gyoto 2.0.0"
| #define PACKAGE_BUGREPORT "gyoto@sympa.obspm.fr"
| #define PACKAGE_URL ""
| #define PACKAGE "gyoto"
| #define VERSION "2.0.0"
| #define HAVE_STDIO_H 1
| #define HAVE_STDLIB_H 1
| #define HAVE_STRING_H 1
| #define HAVE_INTTYPES_H 1
| #define HAVE_STDINT_H 1
| #define HAVE_STRINGS_H 1
| #define HAVE_SYS_STAT_H 1
| #define HAVE_SYS_TYPES_H 1
| #define HAVE_UNISTD_H 1
| #define STDC_HEADERS 1
| #define HAVE_DLFCN_H 1
| #define LT_OBJDIR ".libs/"
| #define HAVE_FENV_H 1
| #define GYOTO_SIZE__T_IS_UNSIGNED_LONG 1
| #define HAVE_CXX11 1
| #define HAVE_BOOST 1
| #define HAVE_BOOST_MULTIPRECISION_CPP_DEC_FLOAT_HPP 1
| #define HAVE_BOOST_ARRAY_HPP 1
| #define HAVE_BOOST_NUMERIC_ODEINT_STEPPER_CONTROLLED_STEP_RESULT_HPP 1
| #define GYOTO_HAVE_BOOST_INTEGRATORS 1
| /* end confdefs.h.  */
| 
| #if defined __GNUC__ && __GNUC__ == 4 && __GNUC_MINOR__ == 6 && !defined __ICC &&   (defined WIN32 || defined WINNT || defined _WIN32 || defined __WIN32          || defined __WIN32__ || defined __WINNT || defined __WINNT__)
| /* OK */
| #else
| # error defined __GNUC__ && __GNUC__ == 4 && __GNUC_MINOR__ == 6 && !defined __ICC &&   (defined WIN32 || defined WINNT || defined _WIN32 || defined __WIN32          || defined __WIN32__ || defined __WINNT || defined __WINNT__)
| #endif
| 
| int
| main (void)
| {
| 
|   ;
|   return 0;
| }
configure:18338: g++ -c -g -O2  -P conftest.cpp >&5
conftest.cpp:35:3: error: #error defined __GNUC__ && __GNUC__ == 4 && __GNUC_MINOR__ == 6 && !defined __ICC
   35 | # error defined __GNUC__ && __GNUC__ == 4 && __GNUC_MINOR__ == 6 && !defined __ICC
      |   ^~~~~
configure:18338: $? = 1
configure: failed program was:
| /* confdefs.h */
| #define PACKAGE_NAME "Gyoto"
| #define PACKAGE_TARNAME "gyoto"
| #define PACKAGE_VERSION "2.0.0"
| #define PACKAGE_STRING "Gyoto 2.0.0"
| #define PACKAGE_BUGREPORT "gyoto@sympa.obspm.fr"
| #define PACKAGE_URL ""
| #define PACKAGE "gyoto"
| #define VERSION "2.0.0"
| #define HAVE_STDIO_H 1
| #define HAVE_STDLIB_H 1
| #define HAVE_STRING_H 1
| #define HAVE_INTTYPES_H 1
| #define HAVE_STDINT_H 1
| #define HAVE_STRINGS_H 1
| #define HAVE_SYS_STAT_H 1
| #define HAVE_SYS_TYPES_H 1
| #define HAVE_UNISTD_H 1
| #define STDC_HEADERS 1
| #define HAVE_DLFCN_H 1
| #define LT_OBJDIR ".libs/"
| #define HAVE_FENV_H 1
| #define GYOTO_SIZE__T_IS_UNSIGNED_LONG 1
| #define HAVE_CXX11 1
| #define HAVE_BOOST 1
| #define HAVE_BOOST_MULTIPRECISION_CPP_DEC_FLOAT_HPP 1
| #define HAVE_BOOST_ARRAY_HPP 1
| #define HAVE_BOOST_NUMERIC_ODEINT_STEPPER_CONTROLLED_STEP_RESULT_HPP 1
| #define GYOTO_HAVE_BOOST_INTEGRATORS 1
| /* end confdefs.h.  */
| 
| #if defined __GNUC__ && __GNUC__ == 4 && __GNUC_MINOR__ == 6 && !defined __ICC
| /* OK */
| #else
| # error defined __GNUC__ && __GNUC__ == 4 && __GNUC_MINOR__ == 6 && !defined __ICC
| #endif
| 
| int
| main (void)
| {
| 
|   ;
|   return 0;
| }
configure:18338: g++ -c -g -O2  -P conftest.cpp >&5
conftest.cpp:35:3: error: #error defined __GNUC__ && __GNUC__ == 4 && __GNUC_MINOR__ == 5 && !defined __ICC && (defined WIN32 || defined WINNT || defined _WIN32 || defined __WIN32 || defined __WIN32__ || defined __WINNT || defined __WINNT__)
   35 | # error defined __GNUC__ && __GNUC__ == 4 && __GNUC_MINOR__ == 5 && !defined __ICC &&   (defined WIN32 || defined WINNT || defined _WIN32 || defined __WIN32          || defined __WIN32__ || defined __WINNT || defined __WINNT__)
      |   ^~~~~
configure:18338: $? = 1
configure: failed program was:
| /* confdefs.h */
| #define PACKAGE_NAME "Gyoto"
| #define PACKAGE_TARNAME "gyoto"
| #define PACKAGE_VERSION "2.0.0"
| #define PACKAGE_STRING "Gyoto 2.0.0"
| #define PACKAGE_BUGREPORT "gyoto@sympa.obspm.fr"
| #define PACKAGE_URL ""
| #define PACKAGE "gyoto"
| #define VERSION "2.0.0"
| #define HAVE_STDIO_H 1
| #define HAVE_STDLIB_H 1
| #define HAVE_STRING_H 1
| #define HAVE_INTTYPES_H 1
| #define HAVE_STDINT_H 1
| #define HAVE_STRINGS_H 1
| #define HAVE_SYS_STAT_H 1
| #define HAVE_SYS_TYPES_H 1
| #define HAVE_UNISTD_H 1
| #define STDC_HEADERS 1
| #define HAVE_DLFCN_H 1
| #define LT_OBJDIR ".libs/"
| #define HAVE_FENV_H 1
| #define GYOTO_SIZE__T_IS_UNSIGNED_LONG 1
| #define HAVE_CXX11 1
| #define HAVE_BOOST 1
| #define HAVE_BOOST_MULTIPRECISION_CPP_DEC_FLOAT_HPP 1
| #define HAVE_BOOST_ARRAY_HPP 1
| #define HAVE_BOOST_NUMERIC_ODEINT_STEPPER_CONTROLLED_STEP_RESULT_HPP 1
| #define GYOTO_HAVE_BOOST_INTEGRATORS 1
| /* end confdefs.h.  */
| 
| #if defined __GNUC__ && __GNUC__ == 4 && __GNUC_MINOR__ == 5 && !defined __ICC &&   (defined WIN32 || defined WINNT || defined _WIN32 || defined __WIN32          || defined __WIN32__ || defined __WINNT || defined __WINNT__)
| /* OK */
| #else
| # error defined __GNUC__ && __GNUC__ == 4 && __GNUC_MINOR__ == 5 && !defined __ICC &&   (defined WIN32 || defined WINNT || defined _WIN32 || defined __WIN32          || defined __WIN32__ || defined __WINNT || defined __WINNT__)
| #endif
| 
| int
| main (void)
| {
| 
|   ;
|   return 0;
| }
configure:18338: g++ -c -g -O2  -P conftest.cpp >&5
conftest.cpp:35:3: error: #error defined __GNUC__ && __GNUC__ == 4 && __GNUC_MINOR__ == 5 && !defined __ICC
   35 | # error defined __GNUC__ && __GNUC__ == 4 && __GNUC_MINOR__ == 5 && !defined __ICC
      |   ^~~~~
configure:18338: $? = 1
configure: failed program was:
| /* confdefs.h */
| #define PACKAGE_NAME "Gyoto"
| #define PACKAGE_TARNAME "gyoto"
| #define PACKAGE_VERSION "2.0.0"
| #define PACKAGE_STRING "Gyoto 2.0.0"
| #define PACKAGE_BUGREPORT "gyoto@sympa.obspm.fr"
| #define PACKAGE_URL ""
| #define PACKAGE "gyoto"
| #define VERSION "2.0.0"
| #define HAVE_STDIO_H 1
| #define HAVE_STDLIB_H 1
| #define HAVE_STRING_H 1
| #define HAVE_INTTYPES_H 1
| #define HAVE_STDINT_H 1
| #define HAVE_STRINGS_H 1
| #define HAVE_SYS_STAT_H 1
| #define HAVE_SYS_TYPES_H 1
| #define HAVE_UNISTD_H 1
| #define STDC_HEADERS 1
| #define HAVE_DLFCN_H 1
| #define LT_OBJDIR ".libs/"
| #define HAVE_FENV_H 1
| #define GYOTO_SIZE__T_IS_UNSIGNED_LONG 1
| #define HAVE_CXX11 1
| #define HAVE_BOOST 1
| #define HAVE_BOOST_MULTIPRECISION_CPP_DEC_FLOAT_HPP 1
| #define HAVE_BOOST_ARRAY_HPP 1
| #define HAVE_BOOST_NUMERIC_ODEINT_STEPPER_CONTROLLED_STEP_RESULT_HPP 1
| #define GYOTO_HAVE_BOOST_INTEGRATORS 1
| /* end confdefs.h.  */
| 
| #if defined __GNUC__ && __GNUC__ == 4 && __GNUC_MINOR__ == 5 && !defined __ICC
| /* OK */
| #else
| # error defined __GNUC__ && __GNUC__ == 4 && __GNUC_MINOR__ == 5 && !defined __ICC
| #endif
| 
| int
| main (void)
| {
| 
|   ;
|   return 0;
| }
configure:18338: g++ -c -g -O2  -P conftest.cpp >&5
conftest.cpp:35:3: error: #error defined __GNUC__ && __GNUC__ == 4 && __GNUC_MINOR__ == 4 && !defined __ICC && (defined WIN32 || defined WINNT || defined _WIN32 || defined __WIN32 || defined __WIN32__ || defined __WINNT || defined __WINNT__)
   35 | # error defined __GNUC__ && __GNUC__ == 4 && __GNUC_MINOR__ == 4 && !defined __ICC &&   (defined WIN32 || defined WINNT || defined _WIN32 || defined __WIN32          || defined __WIN32__ || defined __WINNT || defined __WINNT__)
      |   ^~~~~
configure:18338: $? = 1
configure: failed program was:
| /* confdefs.h */
| #define PACKAGE_NAME "Gyoto"
| #define PACKAGE_TARNAME "gyoto"
| #define PACKAGE_VERSION "2.0.0"
| #define PACKAGE_STRING "Gyoto 2.0.0"
| #define PACKAGE_BUGREPORT "gyoto@sympa.obspm.fr"
| #define PACKAGE_URL ""
| #define PACKAGE "gyoto"
| #define VERSION "2.0.0"
| #define HAVE_STDIO_H 1
| #define HAVE_STDLIB_H 1
| #define HAVE_STRING_H 1
| #define HAVE_INTTYPES_H 1
| #define HAVE_STDINT_H 1
| #define HAVE_STRINGS_H 1
| #define HAVE_SYS_STAT_H 1
| #define HAVE_SYS_TYPES_H 1
| #define HAVE_UNISTD_H 1
| #define STDC_HEADERS 1
| #define HAVE_DLFCN_H 1
| #define LT_OBJDIR ".libs/"
| #define HAVE_FENV_H 1
| #define GYOTO_SIZE__T_IS_UNSIGNED_LONG 1
| #define HAVE_CXX11 1
| #define HAVE_BOOST 1
| #define HAVE_BOOST_MULTIPRECISION_CPP_DEC_FLOAT_HPP 1
| #define HAVE_BOOST_ARRAY_HPP 1
| #define HAVE_BOOST_NUMERIC_ODEINT_STEPPER_CONTROLLED_STEP_RESULT_HPP 1
| #define GYOTO_HAVE_BOOST_INTEGRATORS 1
| /* end confdefs.h.  */
| 
| #if defined __GNUC__ && __GNUC__ == 4 && __GNUC_MINOR__ == 4 && !defined __ICC &&   (defined WIN32 || defined WINNT || defined _WIN32 || defined __WIN32          || defined __WIN32__ || defined __WINNT || defined __WINNT__)
| /* OK */
| #else
| # error defined __GNUC__ && __GNUC__ == 4 && __GNUC_MINOR__ == 4 && !defined __ICC &&   (defined WIN32 || defined WINNT || defined _WIN32 || defined __WIN32          || defined __WIN32__ || defined __WINNT || defined __WINNT__)
| #endif
| 
| int
| main (void)
| {
| 
|   ;
|   return 0;
| }
configure:18338: g++ -c -g -O2  -P conftest.cpp >&5
conftest.cpp:35:3: error: #error defined __GNUC__ && __GNUC__ == 4 && __GNUC_MINOR__ == 4 && !defined __ICC
   35 | # error defined __GNUC__ && __GNUC__ == 4 && __GNUC_MINOR__ == 4 && !defined __ICC
      |   ^~~~~
configure:18338: $? = 1
configure: failed program was:
| /* confdefs.h */
| #define PACKAGE_NAME "Gyoto"
| #define PACKAGE_TARNAME "gyoto"
| #define PACKAGE_VERSION "2.0.0"
| #define PACKAGE_STRING "Gyoto 2.0.0"
| #define PACKAGE_BUGREPORT "gyoto@sympa.obspm.fr"
| #define PACKAGE_URL ""
| #define PACKAGE "gyoto"
| #define VERSION "2.0.0"
| #define HAVE_STDIO_H 1
| #define HAVE_STDLIB_H 1
| #define HAVE_STRING_H 1
| #define HAVE_INTTYPES_H 1
| #define HAVE_STDINT_H 1
| #define HAVE_STRINGS_H 1
| #define HAVE_SYS_STAT_H 1
| #define HAVE_SYS_TYPES_H 1
| #define HAVE_UNISTD_H 1
| #define STDC_HEADERS 1
| #define HAVE_DLFCN_H 1
| #define LT_OBJDIR ".libs/"
| #define HAVE_FENV_H 1
| #define GYOTO_SIZE__T_IS_UNSIGNED_LONG 1
| #define HAVE_CXX11 1
| #define HAVE_BOOST 1
| #define HAVE_BOOST_MULTIPRECISION_CPP_DEC_FLOAT_HPP 1
| #define HAVE_BOOST_ARRAY_HPP 1
| #define HAVE_BOOST_NUMERIC_ODEINT_STEPPER_CONTROLLED_STEP_RESULT_HPP 1
| #define GYOTO_HAVE_BOOST_INTEGRATORS 1
| /* end confdefs.h.  */
| 
| #if defined __GNUC__ && __GNUC__ == 4 && __GNUC_MINOR__ == 4 && !defined __ICC
| /* OK */
| #else
| # error defined __GNUC__ && __GNUC__ == 4 && __GNUC_MINOR__ == 4 && !defined __ICC
| #endif
| 
| int
| main (void)
| {
| 
|   ;
|   return 0;
| }
configure:18338: g++ -c -g -O2  -P conftest.cpp >&5
conftest.cpp:35:3: error: #error defined __GNUC__ && __GNUC__ == 4 && __GNUC_MINOR__ == 3 && !defined __ICC && (defined WIN32 || defined WINNT || defined _WIN32 || defined __WIN32 || defined __WIN32__ || defined __WINNT || defined __WINNT__)
   35 | # error defined __GNUC__ && __GNUC__ == 4 && __GNUC_MINOR__ == 3 && !defined __ICC &&   (defined WIN32 || defined WINNT || defined _WIN32 || defined __WIN32          || defined __WIN32__ || defined __WINNT || defined __WINNT__)
      |   ^~~~~
configure:18338: $? = 1
configure: failed program was:
| /* confdefs.h */
| #define PACKAGE_NAME "Gyoto"
| #define PACKAGE_TARNAME "gyoto"
| #define PACKAGE_VERSION "2.0.0"
| #define PACKAGE_STRING "Gyoto 2.0.0"
| #define PACKAGE_BUGREPORT "gyoto@sympa.obspm.fr"
| #define PACKAGE_URL ""
| #define PACKAGE "gyoto"
| #define VERSION "2.0.0"
| #define HAVE_STDIO_H 1
| #define HAVE_STDLIB_H 1
| #define HAVE_STRING_H 1
| #define HAVE_INTTYPES_H 1
| #define HAVE_STDINT_H 1
| #define HAVE_STRINGS_H 1
| #define HAVE_SYS_STAT_H 1
| #define HAVE_SYS_TYPES_H 1
| #define HAVE_UNISTD_H 1
| #define STDC_HEADERS 1
| #define HAVE_DLFCN_H 1
| #define LT_OBJDIR ".libs/"
| #define HAVE_FENV_H 1
| #define GYOTO_SIZE__T_IS_UNSIGNED_LONG 1
| #define HAVE_CXX11 1
| #define HAVE_BOOST 1
| #define HAVE_BOOST_MULTIPRECISION_CPP_DEC_FLOAT_HPP 1
| #define HAVE_BOOST_ARRAY_HPP 1
| #define HAVE_BOOST_NUMERIC_ODEINT_STEPPER_CONTROLLED_STEP_RESULT_HPP 1
| #define GYOTO_HAVE_BOOST_INTEGRATORS 1
| /* end confdefs.h.  */
| 
| #if defined __GNUC__ && __GNUC__ == 4 && __GNUC_MINOR__ == 3 && !defined __ICC &&   (defined WIN32 || defined WINNT || defined _WIN32 || defined __WIN32          || defined __WIN32__ || defined __WINNT || defined __WINNT__)
| /* OK */
| #else
| # error defined __GNUC__ && __GNUC__ == 4 && __GNUC_MINOR__ == 3 && !defined __ICC &&   (defined WIN32 || defined WINNT || defined _WIN32 || defined __WIN32          || defined __WIN32__ || defined __WINNT || defined __WINNT__)
| #endif
| 
| int
| main (void)
| {
| 
|   ;
|   return 0;
| }
configure:18338: g++ -c -g -O2  -P conftest.cpp >&5
conftest.cpp:35:3: error: #error defined __GNUC__ && __GNUC__ == 4 && __GNUC_MINOR__ == 3 && !defined __ICC
   35 | # error defined __GNUC__ && __GNUC__ == 4 && __GNUC_MINOR__ == 3 && !defined __ICC
      |   ^~~~~
configure:18338: $? = 1
configure: failed program was:
| /* confdefs.h */
| #define PACKAGE_NAME "Gyoto"
| #define PACKAGE_TARNAME "gyoto"
| #define PACKAGE_VERSION "2.0.0"
| #define PACKAGE_STRING "Gyoto 2.0.0"
| #define PACKAGE_BUGREPORT "gyoto@sympa.obspm.fr"
| #define PACKAGE_URL ""
| #define PACKAGE "gyoto"
| #define VERSION "2.0.0"
| #define HAVE_STDIO_H 1
| #define HAVE_STDLIB_H 1
| #define HAVE_STRING_H 1
| #define HAVE_INTTYPES_H 1
| #define HAVE_STDINT_H 1
| #define HAVE_STRINGS_H 1
| #define HAVE_SYS_STAT_H 1
| #define HAVE_SYS_TYPES_H 1
| #define HAVE_UNISTD_H 1
| #define STDC_HEADERS 1
| #define HAVE_DLFCN_H 1
| #define LT_OBJDIR ".libs/"
| #define HAVE_FENV_H 1
| #define GYOTO_SIZE__T_IS_UNSIGNED_LONG 1
| #define HAVE_CXX11 1
| #define HAVE_BOOST 1
| #define HAVE_BOOST_MULTIPRECISION_CPP_DEC_FLOAT_HPP 1
| #define HAVE_BOOST_ARRAY_HPP 1
| #define HAVE_BOOST_NUMERIC_ODEINT_STEPPER_CONTROLLED_STEP_RESULT_HPP 1
| #define GYOTO_HAVE_BOOST_INTEGRATORS 1
| /* end confdefs.h.  */
| 
| #if defined __GNUC__ && __GNUC__ == 4 && __GNUC_MINOR__ == 3 && !defined __ICC
| /* OK */
| #else
| # error defined __GNUC__ && __GNUC__ == 4 && __GNUC_MINOR__ == 3 && !defined __ICC
| #endif
| 
| int
| main (void)
| {
| 
|   ;
|   return 0;
| }
configure:18338: g++ -c -g -O2  -P conftest.cpp >&5
conftest.cpp:35:3: error: #error defined __GNUC__ && __GNUC__ == 4 && __GNUC_MINOR__ == 2 && !defined __ICC && (defined WIN32 || defined WINNT || defined _WIN32 || defined __WIN32 || defined __WIN32__ || defined __WINNT || defined __WINNT__)
   35 | # error defined __GNUC__ && __GNUC__ == 4 && __GNUC_MINOR__ == 2 && !defined __ICC &&   (defined WIN32 || defined WINNT || defined _WIN32 || defined __WIN32          || defined __WIN32__ || defined __WINNT || defined __WINNT__)
      |   ^~~~~
configure:18338: $? = 1
configure: failed program was:
| /* confdefs.h */
| #define PACKAGE_NAME "Gyoto"
| #define PACKAGE_TARNAME "gyoto"
| #define PACKAGE_VERSION "2.0.0"
| #define PACKAGE_STRING "Gyoto 2.0.0"
| #define PACKAGE_BUGREPORT "gyoto@sympa.obspm.fr"
| #define PACKAGE_URL ""
| #define PACKAGE "gyoto"
| #define VERSION "2.0.0"
| #define HAVE_STDIO_H 1
| #define HAVE_STDLIB_H 1
| #define HAVE_STRING_H 1
| #define HAVE_INTTYPES_H 1
| #define HAVE_STDINT_H 1
| #define HAVE_STRINGS_H 1
| #define HAVE_SYS_STAT_H 1
| #define HAVE_SYS_TYPES_H 1
| #define HAVE_UNISTD_H 1
| #define STDC_HEADERS 1
| #define HAVE_DLFCN_H 1
| #define LT_OBJDIR ".libs/"
| #define HAVE_FENV_H 1
| #define GYOTO_SIZE__T_IS_UNSIGNED_LONG 1
| #define HAVE_CXX11 1
| #define HAVE_BOOST 1
| #define HAVE_BOOST_MULTIPRECISION_CPP_DEC_FLOAT_HPP 1
| #define HAVE_BOOST_ARRAY_HPP 1
| #define HAVE_BOOST_NUMERIC_ODEINT_STEPPER_CONTROLLED_STEP_RESULT_HPP 1
| #define GYOTO_HAVE_BOOST_INTEGRATORS 1
| /* end confdefs.h.  */
| 
| #if defined __GNUC__ && __GNUC__ == 4 && __GNUC_MINOR__ == 2 && !defined __ICC &&   (defined WIN32 || defined WINNT || defined _WIN32 || defined __WIN32          || defined __WIN32__ || defined __WINNT || defined __WINNT__)
| /* OK */
| #else
| # error defined __GNUC__ && __GNUC__ == 4 && __GNUC_MINOR__ == 2 && !defined __ICC &&   (defined WIN32 || defined WINNT || defined _WIN32 || defined __WIN32          || defined __WIN32__ || defined __WINNT || defined __WINNT__)
| #endif
| 
| int
| main (void)
| {
| 
|   ;
|   return 0;
| }
configure:18338: g++ -c -g -O2  -P conftest.cpp >&5
conftest.cpp:35:3: error: #error defined __GNUC__ && __GNUC__ == 4 && __GNUC_MINOR__ == 2 && !defined __ICC
   35 | # error defined __GNUC__ && __GNUC__ == 4 && __GNUC_MINOR__ == 2 && !defined __ICC
      |   ^~~~~
configure:18338: $? = 1
configure: failed program was:
| /* confdefs.h */
| #define PACKAGE_NAME "Gyoto"
| #define PACKAGE_TARNAME "gyoto"
| #define PACKAGE_VERSION "2.0.0"
| #define PACKAGE_STRING "Gyoto 2.0.0"
| #define PACKAGE_BUGREPORT "gyoto@sympa.obspm.fr"
| #define PACKAGE_URL ""
| #define PACKAGE "gyoto"
| #define VERSION "2.0.0"
| #define HAVE_STDIO_H 1
| #define HAVE_STDLIB_H 1
| #define HAVE_STRING_H 1
| #define HAVE_INTTYPES_H 1
| #define HAVE_STDINT_H 1
| #define HAVE_STRINGS_H 1
| #define HAVE_SYS_STAT_H 1
| #define HAVE_SYS_TYPES_H 1
| #define HAVE_UNISTD_H 1
| #define STDC_HEADERS 1
| #define HAVE_DLFCN_H 1
| #define LT_OBJDIR ".libs/"
| #define HAVE_FENV_H 1
| #define GYOTO_SIZE__T_IS_UNSIGNED_LONG 1
| #define HAVE_CXX11 1
| #define HAVE_BOOST 1
| #define HAVE_BOOST_MULTIPRECISION_CPP_DEC_FLOAT_HPP 1
| #define HAVE_BOOST_ARRAY_HPP 1
| #define HAVE_BOOST_NUMERIC_ODEINT_STEPPER_CONTROLLED_STEP_RESULT_HPP 1
| #define GYOTO_HAVE_BOOST_INTEGRATORS 1
| /* end confdefs.h.  */
| 
| #if defined __GNUC__ && __GNUC__ == 4 && __GNUC_MINOR__ == 2 && !defined __ICC
| /* OK */
| #else
| # error defined __GNUC__ && __GNUC__ == 4 && __GNUC_MINOR__ == 2 && !defined __ICC
| #endif
| 
| int
| main (void)
| {
| 
|   ;
|   return 0;
| }
configure:18338: g++ -c -g -O2  -P conftest.cpp >&5
conftest.cpp:35:3: error: #error defined __GNUC__ && __GNUC__ == 4 && __GNUC_MINOR__ == 1 && !defined __ICC && (defined WIN32 || defined WINNT || defined _WIN32 || defined __WIN32 || defined __WIN32__ || defined __WINNT || defined __WINNT__)
   35 | # error defined __GNUC__ && __GNUC__ == 4 && __GNUC_MINOR__ == 1 && !defined __ICC &&   (defined WIN32 || defined WINNT || defined _WIN32 || defined __WIN32          || defined __WIN32__ || defined __WINNT || defined __WINNT__)
      |   ^~~~~
configure:18338: $? = 1
configure: failed program was:
| /* confdefs.h */
| #define PACKAGE_NAME "Gyoto"
| #define PACKAGE_TARNAME "gyoto"
| #define PACKAGE_VERSION "2.0.0"
| #define PACKAGE_STRING "Gyoto 2.0.0"
| #define PACKAGE_BUGREPORT "gyoto@sympa.obspm.fr"
| #define PACKAGE_URL ""
| #define PACKAGE "gyoto"
| #define VERSION "2.0.0"
| #define HAVE_STDIO_H 1
| #define HAVE_STDLIB_H 1
| #define HAVE_STRING_H 1
| #define HAVE_INTTYPES_H 1
| #define HAVE_STDINT_H 1
| #define HAVE_STRINGS_H 1
| #define HAVE_SYS_STAT_H 1
| #define HAVE_SYS_TYPES_H 1
| #define HAVE_UNISTD_H 1
| #define STDC_HEADERS 1
| #define HAVE_DLFCN_H 1
| #define LT_OBJDIR ".libs/"
| #define HAVE_FENV_H 1
| #define GYOTO_SIZE__T_IS_UNSIGNED_LONG 1
| #define HAVE_CXX11 1
| #define HAVE_BOOST 1
| #define HAVE_BOOST_MULTIPRECISION_CPP_DEC_FLOAT_HPP 1
| #define HAVE_BOOST_ARRAY_HPP 1
| #define HAVE_BOOST_NUMERIC_ODEINT_STEPPER_CONTROLLED_STEP_RESULT_HPP 1
| #define GYOTO_HAVE_BOOST_INTEGRATORS 1
| /* end confdefs.h.  */
| 
| #if defined __GNUC__ && __GNUC__ == 4 && __GNUC_MINOR__ == 1 && !defined __ICC &&   (defined WIN32 || defined WINNT || defined _WIN32 || defined __WIN32          || defined __WIN32__ || defined __WINNT || defined __WINNT__)
| /* OK */
| #else
| # error defined __GNUC__ && __GNUC__ == 4 && __GNUC_MINOR__ == 1 && !defined __ICC &&   (defined WIN32 || defined WINNT || defined _WIN32 || defined __WIN32          || defined __WIN32__ || defined __WINNT || defined __WINNT__)
| #endif
| 
| int
| main (void)
| {
| 
|   ;
|   return 0;
| }
configure:18338: g++ -c -g -O2  -P conftest.cpp >&5
conftest.cpp:35:3: error: #error defined __GNUC__ && __GNUC__ == 4 && __GNUC_MINOR__ == 1 && !defined __ICC
   35 | # error defined __GNUC__ && __GNUC__ == 4 && __GNUC_MINOR__ == 1 && !defined __ICC
      |   ^~~~~
configure:18338: $? = 1
configure: failed program was:
| /* confdefs.h */
| #define PACKAGE_NAME "Gyoto"
| #define PACKAGE_TARNAME "gyoto"
| #define PACKAGE_VERSION "2.0.0"
| #define PACKAGE_STRING "Gyoto 2.0.0"
| #define PACKAGE_BUGREPORT "gyoto@sympa.obspm.fr"
| #define PACKAGE_URL ""
| #define PACKAGE "gyoto"
| #define VERSION "2.0.0"
| #define HAVE_STDIO_H 1
| #define HAVE_STDLIB_H 1
| #define HAVE_STRING_H 1
| #define HAVE_INTTYPES_H 1
| #define HAVE_STDINT_H 1
| #define HAVE_STRINGS_H 1
| #define HAVE_SYS_STAT_H 1
| #define HAVE_SYS_TYPES_H 1
| #define HAVE_UNISTD_H 1
| #define STDC_HEADERS 1
| #define HAVE_DLFCN_H 1
| #define LT_OBJDIR ".libs/"
| #define HAVE_FENV_H 1
| #define GYOTO_SIZE__T_IS_UNSIGNED_LONG 1
| #define HAVE_CXX11 1
| #define HAVE_BOOST 1
| #define HAVE_BOOST_MULTIPRECISION_CPP_DEC_FLOAT_HPP 1
| #define HAVE_BOOST_ARRAY_HPP 1
| #define HAVE_BOOST_NUMERIC_ODEINT_STEPPER_CONTROLLED_STEP_RESULT_HPP 1
| #define GYOTO_HAVE_BOOST_INTEGRATORS 1
| /* end confdefs.h.  */
| 
| #if defined __GNUC__ && __GNUC__ == 4 && __GNUC_MINOR__ == 1 && !defined __ICC
| /* OK */
| #else
| # error defined __GNUC__ && __GNUC__ == 4 && __GNUC_MINOR__ == 1 && !defined __ICC
| #endif
| 
| int
| main (void)
| {
| 
|   ;
|   return 0;
| }
configure:18338: g++ -c -g -O2  -P conftest.cpp >&5
conftest.cpp:35:3: error: #error defined __GNUC__ && __GNUC__ == 4 && __GNUC_MINOR__ == 0 && !defined __ICC && (defined WIN32 || defined WINNT || defined _WIN32 || defined __WIN32 || defined __WIN32__ || defined __WINNT || defined __WINNT__)
   35 | # error defined __GNUC__ && __GNUC__ == 4 && __GNUC_MINOR__ == 0 && !defined __ICC &&   (defined WIN32 || defined WINNT || defined _WIN32 || defined __WIN32          || defined __WIN32__ || defined __WINNT || defined __WINNT__)
      |   ^~~~~
configure:18338: $? = 1
configure: failed program was:
| /* confdefs.h */
| #define PACKAGE_NAME "Gyoto"
| #define PACKAGE_TARNAME "gyoto"
| #define PACKAGE_VERSION "2.0.0"
| #define PACKAGE_STRING "Gyoto 2.0.0"
| #define PACKAGE_BUGREPORT "gyoto@sympa.obspm.fr"
| #define PACKAGE_URL ""
| #define PACKAGE "gyoto"
| #define VERSION "2.0.0"
| #define HAVE_STDIO_H 1
| #define HAVE_STDLIB_H 1
| #define HAVE_STRING_H 1
| #define HAVE_INTTYPES_H 1
| #define HAVE_STDINT_H 1
| #define HAVE_STRINGS_H 1
| #define HAVE_SYS_STAT_H 1
| #define HAVE_SYS_TYPES_H 1
| #define HAVE_UNISTD_H 1
| #define STDC_HEADERS 1
| #define HAVE_DLFCN_H 1
| #define LT_OBJDIR ".libs/"
| #define HAVE_FENV_H 1
| #define GYOTO_SIZE__T_IS_UNSIGNED_LONG 1
| #define HAVE_CXX11 1
| #define HAVE_BOOST 1
| #define HAVE_BOOST_MULTIPRECISION_CPP_DEC_FLOAT_HPP 1
| #define HAVE_BOOST_ARRAY_HPP 1
| #define HAVE_BOOST_NUMERIC_ODEINT_STEPPER_CONTROLLED_STEP_RESULT_HPP 1
| #define GYOTO_HAVE_BOOST_INTEGRATORS 1
| /* end confdefs.h.  */
| 
| #if defined __GNUC__ && __GNUC__ == 4 && __GNUC_MINOR__ == 0 && !defined __ICC &&   (defined WIN32 || defined WINNT || defined _WIN32 || defined __WIN32          || defined __WIN32__ || defined __WINNT || defined __WINNT__)
| /* OK */
| #else
| # error defined __GNUC__ && __GNUC__ == 4 && __GNUC_MINOR__ == 0 && !defined __ICC &&   (defined WIN32 || defined WINNT || defined _WIN32 || defined __WIN32          || defined __WIN32__ || defined __WINNT || defined __WINNT__)
| #endif
| 
| int
| main (void)
| {
| 
|   ;
|   return 0;
| }
configure:18338: g++ -c -g -O2  -P conftest.cpp >&5
conftest.cpp:35:3: error: #error defined __GNUC__ && __GNUC__ == 4 && __GNUC_MINOR__ == 0 && !defined __ICC
   35 | # error defined __GNUC__ && __GNUC__ == 4 && __GNUC_MINOR__ == 0 && !defined __ICC
      |   ^~~~~
configure:18338: $? = 1
configure: failed program was:
| /* confdefs.h */
| #define PACKAGE_NAME "Gyoto"
| #define PACKAGE_TARNAME "gyoto"
| #define PACKAGE_VERSION "2.0.0"
| #define PACKAGE_STRING "Gyoto 2.0.0"
| #define PACKAGE_BUGREPORT "gyoto@sympa.obspm.fr"
| #define PACKAGE_URL ""
| #define PACKAGE "gyoto"
| #define VERSION "2.0.0"
| #define HAVE_STDIO_H 1
| #define HAVE_STDLIB_H 1
| #define HAVE_STRING_H 1
| #define HAVE_INTTYPES_H 1
| #define HAVE_STDINT_H 1
| #define HAVE_STRINGS_H 1
| #define HAVE_SYS_STAT_H 1
| #define HAVE_SYS_TYPES_H 1
| #define HAVE_UNISTD_H 1
| #define STDC_HEADERS 1
| #define HAVE_DLFCN_H 1
| #define LT_OBJDIR ".libs/"
| #define HAVE_FENV_H 1
| #define GYOTO_SIZE__T_IS_UNSIGNED_LONG 1
| #define HAVE_CXX11 1
| #define HAVE_BOOST 1
| #define HAVE_BOOST_MULTIPRECISION_CPP_DEC_FLOAT_HPP 1
| #define HAVE_BOOST_ARRAY_HPP 1
| #define HAVE_BOOST_NUMERIC_ODEINT_STEPPER_CONTROLLED_STEP_RESULT_HPP 1
| #define GYOTO_HAVE_BOOST_INTEGRATORS 1
| /* end confdefs.h.  */
| 
| #if defined __GNUC__ && __GNUC__ == 4 && __GNUC_MINOR__ == 0 && !defined __ICC
| /* OK */
| #else
| # error defined __GNUC__ && __GNUC__ == 4 && __GNUC_MINOR__ == 0 && !defined __ICC
| #endif
| 
| int
| main (void)
| {
| 
|   ;
|   return 0;
| }
configure:18338: g++ -c -g -O2  -P conftest.cpp >&5
conftest.cpp:35:3: error: #error defined __GNUC__ && __GNUC__ == 3 && !defined __ICC && (defined WIN32 || defined WINNT || defined _WIN32 || defined __WIN32 || defined __WIN32__ || defined __WINNT || defined __WINNT__)
   35 | # error defined __GNUC__ && __GNUC__ == 3 && !defined __ICC      && (defined WIN32 || defined WINNT || defined _WIN32 || defined __WIN32          || defined __WIN32__ || defined __WINNT || defined __WINNT__)
      |   ^~~~~
configure:18338: $? = 1
configure: failed program was:
| /* confdefs.h */
| #define PACKAGE_NAME "Gyoto"
| #define PACKAGE_TARNAME "gyoto"
| #define PACKAGE_VERSION "2.0.0"
| #define PACKAGE_STRING "Gyoto 2.0.0"
| #define PACKAGE_BUGREPORT "gyoto@sympa.obspm.fr"
| #define PACKAGE_URL ""
| #define PACKAGE "gyoto"
| #define VERSION "2.0.0"
| #define HAVE_STDIO_H 1
| #define HAVE_STDLIB_H 1
| #define HAVE_STRING_H 1
| #define HAVE_INTTYPES_H 1
| #define HAVE_STDINT_H 1
| #define HAVE_STRINGS_H 1
| #define HAVE_SYS_STAT_H 1
| #define HAVE_SYS_TYPES_H 1
| #define HAVE_UNISTD_H 1
| #define STDC_HEADERS 1
| #define HAVE_DLFCN_H 1
| #define LT_OBJDIR ".libs/"
| #define HAVE_FENV_H 1
| #define GYOTO_SIZE__T_IS_UNSIGNED_LONG 1
| #define HAVE_CXX11 1
| #define HAVE_BOOST 1
| #define HAVE_BOOST_MULTIPRECISION_CPP_DEC_FLOAT_HPP 1
| #define HAVE_BOOST_ARRAY_HPP 1
| #define HAVE_BOOST_NUMERIC_ODEINT_STEPPER_CONTROLLED_STEP_RESULT_HPP 1
| #define GYOTO_HAVE_BOOST_INTEGRATORS 1
| /* end confdefs.h.  */
| 
| #if defined __GNUC__ && __GNUC__ == 3 && !defined __ICC      && (defined WIN32 || defined WINNT || defined _WIN32 || defined __WIN32          || defined __WIN32__ || defined __WINNT || defined __WINNT__)
| /* OK */
| #else
| # error defined __GNUC__ && __GNUC__ == 3 && !defined __ICC      && (defined WIN32 || defined WINNT || defined _WIN32 || defined __WIN32          || defined __WIN32__ || defined __WINNT || defined __WINNT__)
| #endif
| 
| int
| main (void)
| {
| 
|   ;
|   return 0;
| }
configure:18338: g++ -c -g -O2  -P conftest.cpp >&5
conftest.cpp:35:3: error: #error defined __GNUC__ && __GNUC__ == 3 && __GNUC_MINOR__ == 4 && !defined __ICC
   35 | # error defined __GNUC__ && __GNUC__ == 3 && __GNUC_MINOR__ == 4 && !defined __ICC
      |   ^~~~~
configure:18338: $? = 1
configure: failed program was:
| /* confdefs.h */
| #define PACKAGE_NAME "Gyoto"
| #define PACKAGE_TARNAME "gyoto"
| #define PACKAGE_VERSION "2.0.0"
| #define PACKAGE_STRING "Gyoto 2.0.0"
| #define PACKAGE_BUGREPORT "gyoto@sympa.obspm.fr"
| #define PACKAGE_URL ""
| #define PACKAGE "gyoto"
| #define VERSION "2.0.0"
| #define HAVE_STDIO_H 1
| #define HAVE_STDLIB_H 1
| #define HAVE_STRING_H 1
| #define HAVE_INTTYPES_H 1
| #define HAVE_STDINT_H 1
| #define HAVE_STRINGS_H 1
| #define HAVE_SYS_STAT_H 1
| #define HAVE_SYS_TYPES_H 1
| #define HAVE_UNISTD_H 1
| #define STDC_HEADERS 1
| #define HAVE_DLFCN_H 1
| #define LT_OBJDIR ".libs/"
| #define HAVE_FENV_H 1
| #define GYOTO_SIZE__T_IS_UNSIGNED_LONG 1
| #define HAVE_CXX11 1
| #define HAVE_BOOST 1
| #define HAVE_BOOST_MULTIPRECISION_CPP_DEC_FLOAT_HPP 1
| #define HAVE_BOOST_ARRAY_HPP 1
| #define HAVE_BOOST_NUMERIC_ODEINT_STEPPER_CONTROLLED_STEP_RESULT_HPP 1
| #define GYOTO_HAVE_BOOST_INTEGRATORS 1
| /* end confdefs.h.  */
| 
| #if defined __GNUC__ && __GNUC__ == 3 && __GNUC_MINOR__ == 4 && !defined __ICC
| /* OK */
| #else
| # error defined __GNUC__ && __GNUC__ == 3 && __GNUC_MINOR__ == 4 && !defined __ICC
| #endif
| 
| int
| main (void)
| {
| 
|   ;
|   return 0;
| }
configure:18338: g++ -c -g -O2  -P conftest.cpp >&5
conftest.cpp:35:3: error: #error defined __GNUC__ && __GNUC__ == 3 && __GNUC_MINOR__ == 3 && !defined __ICC
   35 | # error defined __GNUC__ && __GNUC__ == 3 && __GNUC_MINOR__ == 3 && !defined __ICC
      |   ^~~~~
configure:18338: $? = 1
configure: failed program was:
| /* confdefs.h */
| #define PACKAGE_NAME "Gyoto"
| #define PACKAGE_TARNAME "gyoto"
| #define PACKAGE_VERSION "2.0.0"
| #define PACKAGE_STRING "Gyoto 2.0.0"
| #define PACKAGE_BUGREPORT "gyoto@sympa.obspm.fr"
| #define PACKAGE_URL ""
| #define PACKAGE "gyoto"
| #define VERSION "2.0.0"
| #define HAVE_STDIO_H 1
| #define HAVE_STDLIB_H 1
| #define HAVE_STRING_H 1
| #define HAVE_INTTYPES_H 1
| #define HAVE_STDINT_H 1
| #define HAVE_STRINGS_H 1
| #define HAVE_SYS_STAT_H 1
| #define HAVE_SYS_TYPES_H 1
| #define HAVE_UNISTD_H 1
| #define STDC_HEADERS 1
| #define HAVE_DLFCN_H 1
| #define LT_OBJDIR ".libs/"
| #define HAVE_FENV_H 1
| #define GYOTO_SIZE__T_IS_UNSIGNED_LONG 1
| #define HAVE_CXX11 1
| #define HAVE_BOOST 1
| #define HAVE_BOOST_MULTIPRECISION_CPP_DEC_FLOAT_HPP 1
| #define HAVE_BOOST_ARRAY_HPP 1
| #define HAVE_BOOST_NUMERIC_ODEINT_STEPPER_CONTROLLED_STEP_RESULT_HPP 1
| #define GYOTO_HAVE_BOOST_INTEGRATORS 1
| /* end confdefs.h.  */
| 
| #if defined __GNUC__ && __GNUC__ == 3 && __GNUC_MINOR__ == 3 && !defined __ICC
| /* OK */
| #else
| # error defined __GNUC__ && __GNUC__ == 3 && __GNUC_MINOR__ == 3 && !defined __ICC
| #endif
| 
| int
| main (void)
| {
| 
|   ;
|   return 0;
| }
configure:18338: g++ -c -g -O2  -P conftest.cpp >&5
conftest.cpp:35:3: error: #error defined _MSC_VER && _MSC_VER >= 1500
   35 | # error defined _MSC_VER && _MSC_VER >= 1500
      |   ^~~~~
configure:18338: $? = 1
configure: failed program was:
| /* confdefs.h */
| #define PACKAGE_NAME "Gyoto"
| #define PACKAGE_TARNAME "gyoto"
| #define PACKAGE_VERSION "2.0.0"
| #define PACKAGE_STRING "Gyoto 2.0.0"
| #define PACKAGE_BUGREPORT "gyoto@sympa.obspm.fr"
| #define PACKAGE_URL ""
| #define PACKAGE "gyoto"
| #define VERSION "2.0.0"
| #define HAVE_STDIO_H 1
| #define HAVE_STDLIB_H 1
| #define HAVE_STRING_H 1
| #define HAVE_INTTYPES_H 1
| #define HAVE_STDINT_H 1
| #define HAVE_STRINGS_H 1
| #define HAVE_SYS_STAT_H 1
| #define HAVE_SYS_TYPES_H 1
| #define HAVE_UNISTD_H 1
| #define STDC_HEADERS 1
| #define HAVE_DLFCN_H 1
| #define LT_OBJDIR ".libs/"
| #define HAVE_FENV_H 1
| #define GYOTO_SIZE__T_IS_UNSIGNED_LONG 1
| #define HAVE_CXX11 1
| #define HAVE_BOOST 1
| #define HAVE_BOOST_MULTIPRECISION_CPP_DEC_FLOAT_HPP 1
| #define HAVE_BOOST_ARRAY_HPP 1
| #define HAVE_BOOST_NUMERIC_ODEINT_STEPPER_CONTROLLED_STEP_RESULT_HPP 1
| #define GYOTO_HAVE_BOOST_INTEGRATORS 1
| /* end confdefs.h.  */
| 
| #if defined _MSC_VER && _MSC_VER >= 1500
| /* OK */
| #else
| # error defined _MSC_VER && _MSC_VER >= 1500
| #endif
| 
| int
| main (void)
| {
| 
|   ;
|   return 0;
| }
configure:18338: g++ -c -g -O2  -P conftest.cpp >&5
conftest.cpp:35:3: error: #error defined _MSC_VER && _MSC_VER == 1400
   35 | # error defined _MSC_VER && _MSC_VER == 1400
      |   ^~~~~
configure:18338: $? = 1
configure: failed program was:
| /* confdefs.h */
| #define PACKAGE_NAME "Gyoto"
| #define PACKAGE_TARNAME "gyoto"
| #define PACKAGE_VERSION "2.0.0"
| #define PACKAGE_STRING "Gyoto 2.0.0"
| #define PACKAGE_BUGREPORT "gyoto@sympa.obspm.fr"
| #define PACKAGE_URL ""
| #define PACKAGE "gyoto"
| #define VERSION "2.0.0"
| #define HAVE_STDIO_H 1
| #define HAVE_STDLIB_H 1
| #define HAVE_STRING_H 1
| #define HAVE_INTTYPES_H 1
| #define HAVE_STDINT_H 1
| #define HAVE_STRINGS_H 1
| #define HAVE_SYS_STAT_H 1
| #define HAVE_SYS_TYPES_H 1
| #define HAVE_UNISTD_H 1
| #define STDC_HEADERS 1
| #define HAVE_DLFCN_H 1
| #define LT_OBJDIR ".libs/"
| #define HAVE_FENV_H 1
| #define GYOTO_SIZE__T_IS_UNSIGNED_LONG 1
| #define HAVE_CXX11 1
| #define HAVE_BOOST 1
| #define HAVE_BOOST_MULTIPRECISION_CPP_DEC_FLOAT_HPP 1
| #define HAVE_BOOST_ARRAY_HPP 1
| #define HAVE_BOOST_NUMERIC_ODEINT_STEPPER_CONTROLLED_STEP_RESULT_HPP 1
| #define GYOTO_HAVE_BOOST_INTEGRATORS 1
| /* end confdefs.h.  */
| 
| #if defined _MSC_VER && _MSC_VER == 1400
| /* OK */
| #else
| # error defined _MSC_VER && _MSC_VER == 1400
| #endif
| 
| int
| main (void)
| {
| 
|   ;
|   return 0;
| }
configure:18338: g++ -c -g -O2  -P conftest.cpp >&5
conftest.cpp:35:3: error: #error defined __GNUC__ && __GNUC__ == 3 && __GNUC_MINOR__ == 2 && !defined __ICC
   35 | # error defined __GNUC__ && __GNUC__ == 3 && __GNUC_MINOR__ == 2 && !defined __ICC
      |   ^~~~~
configure:18338: $? = 1
configure: failed program was:
| /* confdefs.h */
| #define PACKAGE_NAME "Gyoto"
| #define PACKAGE_TARNAME "gyoto"
| #define PACKAGE_VERSION "2.0.0"
| #define PACKAGE_STRING "Gyoto 2.0.0"
| #define PACKAGE_BUGREPORT "gyoto@sympa.obspm.fr"
| #define PACKAGE_URL ""
| #define PACKAGE "gyoto"
| #define VERSION "2.0.0"
| #define HAVE_STDIO_H 1
| #define HAVE_STDLIB_H 1
| #define HAVE_STRING_H 1
| #define HAVE_INTTYPES_H 1
| #define HAVE_STDINT_H 1
| #define HAVE_STRINGS_H 1
| #define HAVE_SYS_STAT_H 1
| #define HAVE_SYS_TYPES_H 1
| #define HAVE_UNISTD_H 1
| #define STDC_HEADERS 1
| #define HAVE_DLFCN_H 1
| #define LT_OBJDIR ".libs/"
| #define HAVE_FENV_H 1
| #define GYOTO_SIZE__T_IS_UNSIGNED_LONG 1
| #define HAVE_CXX11 1
| #define HAVE_BOOST 1
| #define HAVE_BOOST_MULTIPRECISION_CPP_DEC_FLOAT_HPP 1
| #define HAVE_BOOST_ARRAY_HPP 1
| #define HAVE_BOOST_NUMERIC_ODEINT_STEPPER_CONTROLLED_STEP_RESULT_HPP 1
| #define GYOTO_HAVE_BOOST_INTEGRATORS 1
| /* end confdefs.h.  */
| 
| #if defined __GNUC__ && __GNUC__ == 3 && __GNUC_MINOR__ == 2 && !defined __ICC
| /* OK */
| #else
| # error defined __GNUC__ && __GNUC__ == 3 && __GNUC_MINOR__ == 2 && !defined __ICC
| #endif
| 
| int
| main (void)
| {
| 
|   ;
|   return 0;
| }
configure:18338: g++ -c -g -O2  -P conftest.cpp >&5
conftest.cpp:35:3: error: #error defined _MSC_VER && _MSC_VER == 1310
   35 | # error defined _MSC_VER && _MSC_VER == 1310
      |   ^~~~~
configure:18338: $? = 1
configure: failed program was:
| /* confdefs.h */
| #define PACKAGE_NAME "Gyoto"
| #define PACKAGE_TARNAME "gyoto"
| #define PACKAGE_VERSION "2.0.0"
| #define PACKAGE_STRING "Gyoto 2.0.0"
| #define PACKAGE_BUGREPORT "gyoto@sympa.obspm.fr"
| #define PACKAGE_URL ""
| #define PACKAGE "gyoto"
| #define VERSION "2.0.0"
| #define HAVE_STDIO_H 1
| #define HAVE_STDLIB_H 1
| #define HAVE_STRING_H 1
| #define HAVE_INTTYPES_H 1
| #define HAVE_STDINT_H 1
| #define HAVE_STRINGS_H 1
| #define HAVE_SYS_STAT_H 1
| #define HAVE_SYS_TYPES_H 1
| #define HAVE_UNISTD_H 1
| #define STDC_HEADERS 1
| #define HAVE_DLFCN_H 1
| #define LT_OBJDIR ".libs/"
| #define HAVE_FENV_H 1
| #define GYOTO_SIZE__T_IS_UNSIGNED_LONG 1
| #define HAVE_CXX11 1
| #define HAVE_BOOST 1
| #define HAVE_BOOST_MULTIPRECISION_CPP_DEC_FLOAT_HPP 1
| #define HAVE_BOOST_ARRAY_HPP 1
| #define HAVE_BOOST_NUMERIC_ODEINT_STEPPER_CONTROLLED_STEP_RESULT_HPP 1
| #define GYOTO_HAVE_BOOST_INTEGRATORS 1
| /* end confdefs.h.  */
| 
| #if defined _MSC_VER && _MSC_VER == 1310
| /* OK */
| #else
| # error defined _MSC_VER && _MSC_VER == 1310
| #endif
| 
| int
| main (void)
| {
| 
|   ;
|   return 0;
| }
configure:18338: g++ -c -g -O2  -P conftest.cpp >&5
conftest.cpp:35:3: error: #error defined __GNUC__ && __GNUC__ == 3 && __GNUC_MINOR__ == 1 && !defined __ICC
   35 | # error defined __GNUC__ && __GNUC__ == 3 && __GNUC_MINOR__ == 1 && !defined __ICC
      |   ^~~~~
configure:18338: $? = 1
configure: failed program was:
| /* confdefs.h */
| #define PACKAGE_NAME "Gyoto"
| #define PACKAGE_TARNAME "gyoto"
| #define PACKAGE_VERSION "2.0.0"
| #define PACKAGE_STRING "Gyoto 2.0.0"
| #define PACKAGE_BUGREPORT "gyoto@sympa.obspm.fr"
| #define PACKAGE_URL ""
| #define PACKAGE "gyoto"
| #define VERSION "2.0.0"
| #define HAVE_STDIO_H 1
| #define HAVE_STDLIB_H 1
| #define HAVE_STRING_H 1
| #define HAVE_INTTYPES_H 1
| #define HAVE_STDINT_H 1
| #define HAVE_STRINGS_H 1
| #define HAVE_SYS_STAT_H 1
| #define HAVE_SYS_TYPES_H 1
| #define HAVE_UNISTD_H 1
| #define STDC_HEADERS 1
| #define HAVE_DLFCN_H 1
| #define LT_OBJDIR ".libs/"
| #define HAVE_FENV_H 1
| #define GYOTO_SIZE__T_IS_UNSIGNED_LONG 1
| #define HAVE_CXX11 1
| #define HAVE_BOOST 1
| #define HAVE_BOOST_MULTIPRECISION_CPP_DEC_FLOAT_HPP 1
| #define HAVE_BOOST_ARRAY_HPP 1
| #define HAVE_BOOST_NUMERIC_ODEINT_STEPPER_CONTROLLED_STEP_RESULT_HPP 1
| #define GYOTO_HAVE_BOOST_INTEGRATORS 1
| /* end confdefs.h.  */
| 
| #if defined __GNUC__ && __GNUC__ == 3 && __GNUC_MINOR__ == 1 && !defined __ICC
| /* OK */
| #else
| # error defined __GNUC__ && __GNUC__ == 3 && __GNUC_MINOR__ == 1 && !defined __ICC
| #endif
| 
| int
| main (void)
| {
| 
|   ;
|   return 0;
| }
configure:18338: g++ -c -g -O2  -P conftest.cpp >&5
conftest.cpp:35:3: error: #error defined __GNUC__ && __GNUC__ == 3 && __GNUC_MINOR__ == 0 && !defined __ICC
   35 | # error defined __GNUC__ && __GNUC__ == 3 && __GNUC_MINOR__ == 0 && !defined __ICC
      |   ^~~~~
configure:18338: $? = 1
configure: failed program was:
| /* confdefs.h */
| #define PACKAGE_NAME "Gyoto"
| #define PACKAGE_TARNAME "gyoto"
| #define PACKAGE_VERSION "2.0.0"
| #define PACKAGE_STRING "Gyoto 2.0.0"
| #define PACKAGE_BUGREPORT "gyoto@sympa.obspm.fr"
| #define PACKAGE_URL ""
| #define PACKAGE "gyoto"
| #define VERSION "2.0.0"
| #define HAVE_STDIO_H 1
| #define HAVE_STDLIB_H 1
| #define HAVE_STRING_H 1
| #define HAVE_INTTYPES_H 1
| #define HAVE_STDINT_H 1
| #define HAVE_STRINGS_H 1
| #define HAVE_SYS_STAT_H 1
| #define HAVE_SYS_TYPES_H 1
| #define HAVE_UNISTD_H 1
| #define STDC_HEADERS 1
| #define HAVE_DLFCN_H 1
| #define LT_OBJDIR ".libs/"
| #define HAVE_FENV_H 1
| #define GYOTO_SIZE__T_IS_UNSIGNED_LONG 1
| #define HAVE_CXX11 1
| #define HAVE_BOOST 1
| #define HAVE_BOOST_MULTIPRECISION_CPP_DEC_FLOAT_HPP 1
| #define HAVE_BOOST_ARRAY_HPP 1
| #define HAVE_BOOST_NUMERIC_ODEINT_STEPPER_CONTROLLED_STEP_RESULT_HPP 1
| #define GYOTO_HAVE_BOOST_INTEGRATORS 1
| /* end confdefs.h.  */
| 
| #if defined __GNUC__ && __GNUC__ == 3 && __GNUC_MINOR__ == 0 && !defined __ICC
| /* OK */
| #else
| # error defined __GNUC__ && __GNUC__ == 3 && __GNUC_MINOR__ == 0 && !defined __ICC
| #endif
| 
| int
| main (void)
| {
| 
|   ;
|   return 0;
| }
configure:18338: g++ -c -g -O2  -P conftest.cpp >&5
conftest.cpp:35:3: error: #error defined __BORLANDC__
   35 | # error defined __BORLANDC__
      |   ^~~~~
configure:18338: $? = 1
configure: failed program was:
| /* confdefs.h */
| #define PACKAGE_NAME "Gyoto"
| #define PACKAGE_TARNAME "gyoto"
| #define PACKAGE_VERSION "2.0.0"
| #define PACKAGE_STRING "Gyoto 2.0.0"
| #define PACKAGE_BUGREPORT "gyoto@sympa.obspm.fr"
| #define PACKAGE_URL ""
| #define PACKAGE "gyoto"
| #define VERSION "2.0.0"
| #define HAVE_STDIO_H 1
| #define HAVE_STDLIB_H 1
| #define HAVE_STRING_H 1
| #define HAVE_INTTYPES_H 1
| #define HAVE_STDINT_H 1
| #define HAVE_STRINGS_H 1
| #define HAVE_SYS_STAT_H 1
| #define HAVE_SYS_TYPES_H 1
| #define HAVE_UNISTD_H 1
| #define STDC_HEADERS 1
| #define HAVE_DLFCN_H 1
| #define LT_OBJDIR ".libs/"
| #define HAVE_FENV_H 1
| #define GYOTO_SIZE__T_IS_UNSIGNED_LONG 1
| #define HAVE_CXX11 1
| #define HAVE_BOOST 1
| #define HAVE_BOOST_MULTIPRECISION_CPP_DEC_FLOAT_HPP 1
| #define HAVE_BOOST_ARRAY_HPP 1
| #define HAVE_BOOST_NUMERIC_ODEINT_STEPPER_CONTROLLED_STEP_RESULT_HPP 1
| #define GYOTO_HAVE_BOOST_INTEGRATORS 1
| /* end confdefs.h.  */
| 
| #if defined __BORLANDC__
| /* OK */
| #else
| # error defined __BORLANDC__
| #endif
| 
| int
| main (void)
| {
| 
|   ;
|   return 0;
| }
configure:18338: g++ -c -g -O2  -P conftest.cpp >&5
conftest.cpp:32:49: error: operator "defined" requires an identifier
   32 | #if defined __ICC && (defined __unix || defined )
      |                                                 ^
conftest.cpp:32:22: error: missing ')' in expression
   32 | #if defined __ICC && (defined __unix || defined )
      |                      ^
conftest.cpp:35:3: error: #error defined __ICC && (defined __unix || defined )
   35 | # error defined __ICC && (defined __unix || defined )
      |   ^~~~~
configure:18338: $? = 1
configure: failed program was:
| /* confdefs.h */
| #define PACKAGE_NAME "Gyoto"
| #define PACKAGE_TARNAME "gyoto"
| #define PACKAGE_VERSION "2.0.0"
| #define PACKAGE_STRING "Gyoto 2.0.0"
| #define PACKAGE_BUGREPORT "gyoto@sympa.obspm.fr"
| #define PACKAGE_URL ""
| #define PACKAGE "gyoto"
| #define VERSION "2.0.0"
| #define HAVE_STDIO_H 1
| #define HAVE_STDLIB_H 1
| #define HAVE_STRING_H 1
| #define HAVE_INTTYPES_H 1
| #define HAVE_STDINT_H 1
| #define HAVE_STRINGS_H 1
| #define HAVE_SYS_STAT_H 1
| #define HAVE_SYS_TYPES_H 1
| #define HAVE_UNISTD_H 1
| #define STDC_HEADERS 1
| #define HAVE_DLFCN_H 1
| #define LT_OBJDIR ".libs/"
| #define HAVE_FENV_H 1
| #define GYOTO_SIZE__T_IS_UNSIGNED_LONG 1
| #define HAVE_CXX11 1
| #define HAVE_BOOST 1
| #define HAVE_BOOST_MULTIPRECISION_CPP_DEC_FLOAT_HPP 1
| #define HAVE_BOOST_ARRAY_HPP 1
| #define HAVE_BOOST_NUMERIC_ODEINT_STEPPER_CONTROLLED_STEP_RESULT_HPP 1
| #define GYOTO_HAVE_BOOST_INTEGRATORS 1
| /* end confdefs.h.  */
| 
| #if defined __ICC && (defined __unix || defined )
| /* OK */
| #else
| # error defined __ICC && (defined __unix || defined )
| #endif
| 
| int
| main (void)
| {
| 
|   ;
|   return 0;
| }
configure:18338: g++ -c -g -O2  -P conftest.cpp >&5
conftest.cpp:35:3: error: #error defined __ICL
   35 | # error defined __ICL
      |   ^~~~~
configure:18338: $? = 1
configure: failed program was:
| /* confdefs.h */
| #define PACKAGE_NAME "Gyoto"
| #define PACKAGE_TARNAME "gyoto"
| #define PACKAGE_VERSION "2.0.0"
| #define PACKAGE_STRING "Gyoto 2.0.0"
| #define PACKAGE_BUGREPORT "gyoto@sympa.obspm.fr"
| #define PACKAGE_URL ""
| #define PACKAGE "gyoto"
| #define VERSION "2.0.0"
| #define HAVE_STDIO_H 1
| #define HAVE_STDLIB_H 1
| #define HAVE_STRING_H 1
| #define HAVE_INTTYPES_H 1
| #define HAVE_STDINT_H 1
| #define HAVE_STRINGS_H 1
| #define HAVE_SYS_STAT_H 1
| #define HAVE_SYS_TYPES_H 1
| #define HAVE_UNISTD_H 1
| #define STDC_HEADERS 1
| #define HAVE_DLFCN_H 1
| #define LT_OBJDIR ".libs/"
| #define HAVE_FENV_H 1
| #define GYOTO_SIZE__T_IS_UNSIGNED_LONG 1
| #define HAVE_CXX11 1
| #define HAVE_BOOST 1
| #define HAVE_BOOST_MULTIPRECISION_CPP_DEC_FLOAT_HPP 1
| #define HAVE_BOOST_ARRAY_HPP 1
| #define HAVE_BOOST_NUMERIC_ODEINT_STEPPER_CONTROLLED_STEP_RESULT_HPP 1
| #define GYOTO_HAVE_BOOST_INTEGRATORS 1
| /* end confdefs.h.  */
| 
| #if defined __ICL
| /* OK */
| #else
| # error defined __ICL
| #endif
| 
| int
| main (void)
| {
| 
|   ;
|   return 0;
| }
configure:18338: g++ -c -g -O2  -P conftest.cpp >&5
conftest.cpp:35:3: error: #error defined _MSC_VER && _MSC_VER == 1300
   35 | # error defined _MSC_VER && _MSC_VER == 1300
      |   ^~~~~
configure:18338: $? = 1
configure: failed program was:
| /* confdefs.h */
| #define PACKAGE_NAME "Gyoto"
| #define PACKAGE_TARNAME "gyoto"
| #define PACKAGE_VERSION "2.0.0"
| #define PACKAGE_STRING "Gyoto 2.0.0"
| #define PACKAGE_BUGREPORT "gyoto@sympa.obspm.fr"
| #define PACKAGE_URL ""
| #define PACKAGE "gyoto"
| #define VERSION "2.0.0"
| #define HAVE_STDIO_H 1
| #define HAVE_STDLIB_H 1
| #define HAVE_STRING_H 1
| #define HAVE_INTTYPES_H 1
| #define HAVE_STDINT_H 1
| #define HAVE_STRINGS_H 1
| #define HAVE_SYS_STAT_H 1
| #define HAVE_SYS_TYPES_H 1
| #define HAVE_UNISTD_H 1
| #define STDC_HEADERS 1
| #define HAVE_DLFCN_H 1
| #define LT_OBJDIR ".libs/"
| #define HAVE_FENV_H 1
| #define GYOTO_SIZE__T_IS_UNSIGNED_LONG 1
| #define HAVE_CXX11 1
| #define HAVE_BOOST 1
| #define HAVE_BOOST_MULTIPRECISION_CPP_DEC_FLOAT_HPP 1
| #define HAVE_BOOST_ARRAY_HPP 1
| #define HAVE_BOOST_NUMERIC_ODEINT_STEPPER_CONTROLLED_STEP_RESULT_HPP 1
| #define GYOTO_HAVE_BOOST_INTEGRATORS 1
| /* end confdefs.h.  */
| 
| #if defined _MSC_VER && _MSC_VER == 1300
| /* OK */
| #else
| # error defined _MSC_VER && _MSC_VER == 1300
| #endif
| 
| int
| main (void)
| {
| 
|   ;
|   return 0;
| }
configure:18338: g++ -c -g -O2  -P conftest.cpp >&5
conftest.cpp:35:3: error: #error defined __GNUC__ && __GNUC__ == 2 && __GNUC_MINOR__ == 95 && !defined __ICC
   35 | # error defined __GNUC__ && __GNUC__ == 2 && __GNUC_MINOR__ == 95 && !defined __ICC
      |   ^~~~~
configure:18338: $? = 1
configure: failed program was:
| /* confdefs.h */
| #define PACKAGE_NAME "Gyoto"
| #define PACKAGE_TARNAME "gyoto"
| #define PACKAGE_VERSION "2.0.0"
| #define PACKAGE_STRING "Gyoto 2.0.0"
| #define PACKAGE_BUGREPORT "gyoto@sympa.obspm.fr"
| #define PACKAGE_URL ""
| #define PACKAGE "gyoto"
| #define VERSION "2.0.0"
| #define HAVE_STDIO_H 1
| #define HAVE_STDLIB_H 1
| #define HAVE_STRING_H 1
| #define HAVE_INTTYPES_H 1
| #define HAVE_STDINT_H 1
| #define HAVE_STRINGS_H 1
| #define HAVE_SYS_STAT_H 1
| #define HAVE_SYS_TYPES_H 1
| #define HAVE_UNISTD_H 1
| #define STDC_HEADERS 1
| #define HAVE_DLFCN_H 1
| #define LT_OBJDIR ".libs/"
| #define HAVE_FENV_H 1
| #define GYOTO_SIZE__T_IS_UNSIGNED_LONG 1
| #define HAVE_CXX11 1
| #define HAVE_BOOST 1
| #define HAVE_BOOST_MULTIPRECISION_CPP_DEC_FLOAT_HPP 1
| #define HAVE_BOOST_ARRAY_HPP 1
| #define HAVE_BOOST_NUMERIC_ODEINT_STEPPER_CONTROLLED_STEP_RESULT_HPP 1
| #define GYOTO_HAVE_BOOST_INTEGRATORS 1
| /* end confdefs.h.  */
| 
| #if defined __GNUC__ && __GNUC__ == 2 && __GNUC_MINOR__ == 95 && !defined __ICC
| /* OK */
| #else
| # error defined __GNUC__ && __GNUC__ == 2 && __GNUC_MINOR__ == 95 && !defined __ICC
| #endif
| 
| int
| main (void)
| {
| 
|   ;
|   return 0;
| }
configure:18338: g++ -c -g -O2  -P conftest.cpp >&5
conftest.cpp:35:3: error: #error defined __MWERKS__ && __MWERKS__ <= 0x32FF
   35 | # error defined __MWERKS__ && __MWERKS__ <= 0x32FF
      |   ^~~~~
configure:18338: $? = 1
configure: failed program was:
| /* confdefs.h */
| #define PACKAGE_NAME "Gyoto"
| #define PACKAGE_TARNAME "gyoto"
| #define PACKAGE_VERSION "2.0.0"
| #define PACKAGE_STRING "Gyoto 2.0.0"
| #define PACKAGE_BUGREPORT "gyoto@sympa.obspm.fr"
| #define PACKAGE_URL ""
| #define PACKAGE "gyoto"
| #define VERSION "2.0.0"
| #define HAVE_STDIO_H 1
| #define HAVE_STDLIB_H 1
| #define HAVE_STRING_H 1
| #define HAVE_INTTYPES_H 1
| #define HAVE_STDINT_H 1
| #define HAVE_STRINGS_H 1
| #define HAVE_SYS_STAT_H 1
| #define HAVE_SYS_TYPES_H 1
| #define HAVE_UNISTD_H 1
| #define STDC_HEADERS 1
| #define HAVE_DLFCN_H 1
| #define LT_OBJDIR ".libs/"
| #define HAVE_FENV_H 1
| #define GYOTO_SIZE__T_IS_UNSIGNED_LONG 1
| #define HAVE_CXX11 1
| #define HAVE_BOOST 1
| #define HAVE_BOOST_MULTIPRECISION_CPP_DEC_FLOAT_HPP 1
| #define HAVE_BOOST_ARRAY_HPP 1
| #define HAVE_BOOST_NUMERIC_ODEINT_STEPPER_CONTROLLED_STEP_RESULT_HPP 1
| #define GYOTO_HAVE_BOOST_INTEGRATORS 1
| /* end confdefs.h.  */
| 
| #if defined __MWERKS__ && __MWERKS__ <= 0x32FF
| /* OK */
| #else
| # error defined __MWERKS__ && __MWERKS__ <= 0x32FF
| #endif
| 
| int
| main (void)
| {
| 
|   ;
|   return 0;
| }
configure:18338: g++ -c -g -O2  -P conftest.cpp >&5
conftest.cpp:35:3: error: #error defined _MSC_VER && _MSC_VER < 1300 && !defined UNDER_CE
   35 | # error defined _MSC_VER && _MSC_VER < 1300 && !defined UNDER_CE
      |   ^~~~~
configure:18338: $? = 1
configure: failed program was:
| /* confdefs.h */
| #define PACKAGE_NAME "Gyoto"
| #define PACKAGE_TARNAME "gyoto"
| #define PACKAGE_VERSION "2.0.0"
| #define PACKAGE_STRING "Gyoto 2.0.0"
| #define PACKAGE_BUGREPORT "gyoto@sympa.obspm.fr"
| #define PACKAGE_URL ""
| #define PACKAGE "gyoto"
| #define VERSION "2.0.0"
| #define HAVE_STDIO_H 1
| #define HAVE_STDLIB_H 1
| #define HAVE_STRING_H 1
| #define HAVE_INTTYPES_H 1
| #define HAVE_STDINT_H 1
| #define HAVE_STRINGS_H 1
| #define HAVE_SYS_STAT_H 1
| #define HAVE_SYS_TYPES_H 1
| #define HAVE_UNISTD_H 1
| #define STDC_HEADERS 1
| #define HAVE_DLFCN_H 1
| #define LT_OBJDIR ".libs/"
| #define HAVE_FENV_H 1
| #define GYOTO_SIZE__T_IS_UNSIGNED_LONG 1
| #define HAVE_CXX11 1
| #define HAVE_BOOST 1
| #define HAVE_BOOST_MULTIPRECISION_CPP_DEC_FLOAT_HPP 1
| #define HAVE_BOOST_ARRAY_HPP 1
| #define HAVE_BOOST_NUMERIC_ODEINT_STEPPER_CONTROLLED_STEP_RESULT_HPP 1
| #define GYOTO_HAVE_BOOST_INTEGRATORS 1
| /* end confdefs.h.  */
| 
| #if defined _MSC_VER && _MSC_VER < 1300 && !defined UNDER_CE
| /* OK */
| #else
| # error defined _MSC_VER && _MSC_VER < 1300 && !defined UNDER_CE
| #endif
| 
| int
| main (void)
| {
| 
|   ;
|   return 0;
| }
configure:18338: g++ -c -g -O2  -P conftest.cpp >&5
conftest.cpp:35:3: error: #error defined _MSC_VER && _MSC_VER < 1300 && defined UNDER_CE
   35 | # error defined _MSC_VER && _MSC_VER < 1300 && defined UNDER_CE
      |   ^~~~~
configure:18338: $? = 1
configure: failed program was:
| /* confdefs.h */
| #define PACKAGE_NAME "Gyoto"
| #define PACKAGE_TARNAME "gyoto"
| #define PACKAGE_VERSION "2.0.0"
| #define PACKAGE_STRING "Gyoto 2.0.0"
| #define PACKAGE_BUGREPORT "gyoto@sympa.obspm.fr"
| #define PACKAGE_URL ""
| #define PACKAGE "gyoto"
| #define VERSION "2.0.0"
| #define HAVE_STDIO_H 1
| #define HAVE_STDLIB_H 1
| #define HAVE_STRING_H 1
| #define HAVE_INTTYPES_H 1
| #define HAVE_STDINT_H 1
| #define HAVE_STRINGS_H 1
| #define HAVE_SYS_STAT_H 1
| #define HAVE_SYS_TYPES_H 1
| #define HAVE_UNISTD_H 1
| #define STDC_HEADERS 1
| #define HAVE_DLFCN_H 1
| #define LT_OBJDIR ".libs/"
| #define HAVE_FENV_H 1
| #define GYOTO_SIZE__T_IS_UNSIGNED_LONG 1
| #define HAVE_CXX11 1
| #define HAVE_BOOST 1
| #define HAVE_BOOST_MULTIPRECISION_CPP_DEC_FLOAT_HPP 1
| #define HAVE_BOOST_ARRAY_HPP 1
| #define HAVE_BOOST_NUMERIC_ODEINT_STEPPER_CONTROLLED_STEP_RESULT_HPP 1
| #define GYOTO_HAVE_BOOST_INTEGRATORS 1
| /* end confdefs.h.  */
| 
| #if defined _MSC_VER && _MSC_VER < 1300 && defined UNDER_CE
| /* OK */
| #else
| # error defined _MSC_VER && _MSC_VER < 1300 && defined UNDER_CE
| #endif
| 
| int
| main (void)
| {
| 
|   ;
|   return 0;
| }
configure:18338: g++ -c -g -O2  -P conftest.cpp >&5
conftest.cpp:35:3: error: #error defined __MWERKS__ && __MWERKS__ <= 0x31FF
   35 | # error defined __MWERKS__ && __MWERKS__ <= 0x31FF
      |   ^~~~~
configure:18338: $? = 1
configure: failed program was:
| /* confdefs.h */
| #define PACKAGE_NAME "Gyoto"
| #define PACKAGE_TARNAME "gyoto"
| #define PACKAGE_VERSION "2.0.0"
| #define PACKAGE_STRING "Gyoto 2.0.0"
| #define PACKAGE_BUGREPORT "gyoto@sympa.obspm.fr"
| #define PACKAGE_URL ""
| #define PACKAGE "gyoto"
| #define VERSION "2.0.0"
| #define HAVE_STDIO_H 1
| #define HAVE_STDLIB_H 1
| #define HAVE_STRING_H 1
| #define HAVE_INTTYPES_H 1
| #define HAVE_STDINT_H 1
| #define HAVE_STRINGS_H 1
| #define HAVE_SYS_STAT_H 1
| #define HAVE_SYS_TYPES_H 1
| #define HAVE_UNISTD_H 1
| #define STDC_HEADERS 1
| #define HAVE_DLFCN_H 1
| #define LT_OBJDIR ".libs/"
| #define HAVE_FENV_H 1
| #define GYOTO_SIZE__T_IS_UNSIGNED_LONG 1
| #define HAVE_CXX11 1
| #define HAVE_BOOST 1
| #define HAVE_BOOST_MULTIPRECISION_CPP_DEC_FLOAT_HPP 1
| #define HAVE_BOOST_ARRAY_HPP 1
| #define HAVE_BOOST_NUMERIC_ODEINT_STEPPER_CONTROLLED_STEP_RESULT_HPP 1
| #define GYOTO_HAVE_BOOST_INTEGRATORS 1
| /* end confdefs.h.  */
| 
| #if defined __MWERKS__ && __MWERKS__ <= 0x31FF
| /* OK */
| #else
| # error defined __MWERKS__ && __MWERKS__ <= 0x31FF
| #endif
| 
| int
| main (void)
| {
| 
|   ;
|   return 0;
| }
configure:18367: WARNING: could not figure out which toolset name to use for g++
configure:18374: result: 
configure:18407: g++ -c -g -O2  -P conftest.cpp >&5
conftest.cpp:35:3: error: #error MT not needed
   35 | # error MT not needed
      |   ^~~~~
configure:18407: $? = 1
configure: failed program was:
| /* confdefs.h */
| #define PACKAGE_NAME "Gyoto"
| #define PACKAGE_TARNAME "gyoto"
| #define PACKAGE_VERSION "2.0.0"
| #define PACKAGE_STRING "Gyoto 2.0.0"
| #define PACKAGE_BUGREPORT "gyoto@sympa.obspm.fr"
| #define PACKAGE_URL ""
| #define PACKAGE "gyoto"
| #define VERSION "2.0.0"
| #define HAVE_STDIO_H 1
| #define HAVE_STDLIB_H 1
| #define HAVE_STRING_H 1
| #define HAVE_INTTYPES_H 1
| #define HAVE_STDINT_H 1
| #define HAVE_STRINGS_H 1
| #define HAVE_SYS_STAT_H 1
| #define HAVE_SYS_TYPES_H 1
| #define HAVE_UNISTD_H 1
| #define STDC_HEADERS 1
| #define HAVE_DLFCN_H 1
| #define LT_OBJDIR ".libs/"
| #define HAVE_FENV_H 1
| #define GYOTO_SIZE__T_IS_UNSIGNED_LONG 1
| #define HAVE_CXX11 1
| #define HAVE_BOOST 1
| #define HAVE_BOOST_MULTIPRECISION_CPP_DEC_FLOAT_HPP 1
| #define HAVE_BOOST_ARRAY_HPP 1
| #define HAVE_BOOST_NUMERIC_ODEINT_STEPPER_CONTROLLED_STEP_RESULT_HPP 1
| #define GYOTO_HAVE_BOOST_INTEGRATORS 1
| /* end confdefs.h.  */
| 
| #if defined _REENTRANT || defined _MT || defined __MT__
| /* use -mt */
| #else
| # error MT not needed
| #endif
| 
| int
| main (void)
| {
| 
|   ;
|   return 0;
| }
configure:18443: checking for boost/mpi/environment.hpp
configure:18443: mpic++ -c -g -O2  -P  conftest.cpp >&5
configure:18443: $? = 0
configure:18443: result: yes
configure:18467: checking for boost/mpi/environment.hpp
configure:18467: result: yes
configure:18487: checking for the Boost mpi library
configure:18530: mpic++ -c -g -O2  -P   conftest.cpp >&5
configure:18530: $? = 0
configure:18586: re-using the existing conftest.o
configure:18592: mpic++ -o conftest -g -O2  -P    conftest.o -lboost_mpi--mt-1_74  >&5
/usr/bin/ld: cannot find -lboost_mpi--mt-1_74: No such file or directory
collect2: error: ld returned 1 exit status
configure:18601: $? = 1
configure:18586: re-using the existing conftest.o
configure:18592: mpic++ -o conftest -g -O2  -P    -L/usr/local/lib conftest.o -lboost_mpi--mt-1_74  >&5
/usr/bin/ld: cannot find -lboost_mpi--mt-1_74: No such file or directory
collect2: error: ld returned 1 exit status
configure:18601: $? = 1
configure:18586: re-using the existing conftest.o
configure:18592: mpic++ -o conftest -g -O2  -P    -L/usr/lib conftest.o -lboost_mpi--mt-1_74  >&5
/usr/bin/ld: cannot find -lboost_mpi--mt-1_74: No such file or directory
collect2: error: ld returned 1 exit status
configure:18601: $? = 1
configure:18586: re-using the existing conftest.o
configure:18592: mpic++ -o conftest -g -O2  -P    -L/usr/lib32 conftest.o -lboost_mpi--mt-1_74  >&5
/usr/bin/ld: cannot find -lboost_mpi--mt-1_74: No such file or directory
collect2: error: ld returned 1 exit status
configure:18601: $? = 1
configure:18586: re-using the existing conftest.o
configure:18592: mpic++ -o conftest -g -O2  -P    -L/usr/lib64 conftest.o -lboost_mpi--mt-1_74  >&5
/usr/bin/ld: cannot find -lboost_mpi--mt-1_74: No such file or directory
collect2: error: ld returned 1 exit status
configure:18601: $? = 1
configure:18586: re-using the existing conftest.o
configure:18592: mpic++ -o conftest -g -O2  -P    -L/usr/libexec conftest.o -lboost_mpi--mt-1_74  >&5
/usr/bin/ld: cannot find -lboost_mpi--mt-1_74: No such file or directory
collect2: error: ld returned 1 exit status
configure:18601: $? = 1
configure:18586: re-using the existing conftest.o
configure:18592: mpic++ -o conftest -g -O2  -P    -L/usr/libx32 conftest.o -lboost_mpi--mt-1_74  >&5
/usr/bin/ld: cannot find -lboost_mpi--mt-1_74: No such file or directory
collect2: error: ld returned 1 exit status
configure:18601: $? = 1
configure:18586: re-using the existing conftest.o
configure:18592: mpic++ -o conftest -g -O2  -P    conftest.o -lboost_mpi--mt-1_74  >&5
/usr/bin/ld: cannot find -lboost_mpi--mt-1_74: No such file or directory
collect2: error: ld returned 1 exit status
configure:18601: $? = 1
configure:18586: re-using the existing conftest.o
configure:18592: mpic++ -o conftest -g -O2  -P    -L/lib conftest.o -lboost_mpi--mt-1_74  >&5
/usr/bin/ld: cannot find -lboost_mpi--mt-1_74: No such file or directory
collect2: error: ld returned 1 exit status
configure:18601: $? = 1
configure:18586: re-using the existing conftest.o
configure:18592: mpic++ -o conftest -g -O2  -P    -L/lib32 conftest.o -lboost_mpi--mt-1_74  >&5
/usr/bin/ld: cannot find -lboost_mpi--mt-1_74: No such file or directory
collect2: error: ld returned 1 exit status
configure:18601: $? = 1
configure:18586: re-using the existing conftest.o
configure:18592: mpic++ -o conftest -g -O2  -P    -L/lib64 conftest.o -lboost_mpi--mt-1_74  >&5
/usr/bin/ld: cannot find -lboost_mpi--mt-1_74: No such file or directory
collect2: error: ld returned 1 exit status
configure:18601: $? = 1
configure:18586: re-using the existing conftest.o
configure:18592: mpic++ -o conftest -g -O2  -P    -L/libx32 conftest.o -lboost_mpi--mt-1_74  >&5
/usr/bin/ld: cannot find -lboost_mpi--mt-1_74: No such file or directory
collect2: error: ld returned 1 exit status
configure:18601: $? = 1
configure:18586: re-using the existing conftest.o
configure:18592: mpic++ -o conftest -g -O2  -P    conftest.o -lboost_mpi--1_74  >&5
/usr/bin/ld: cannot find -lboost_mpi--1_74: No such file or directory
collect2: error: ld returned 1 exit status
configure:18601: $? = 1
configure:18586: re-using the existing conftest.o
configure:18592: mpic++ -o conftest -g -O2  -P    -L/usr/local/lib conftest.o -lboost_mpi--1_74  >&5
/usr/bin/ld: cannot find -lboost_mpi--1_74: No such file or directory
collect2: error: ld returned 1 exit status
configure:18601: $? = 1
configure:18586: re-using the existing conftest.o
configure:18592: mpic++ -o conftest -g -O2  -P    -L/usr/lib conftest.o -lboost_mpi--1_74  >&5
/usr/bin/ld: cannot find -lboost_mpi--1_74: No such file or directory
collect2: error: ld returned 1 exit status
configure:18601: $? = 1
configure:18586: re-using the existing conftest.o
configure:18592: mpic++ -o conftest -g -O2  -P    -L/usr/lib32 conftest.o -lboost_mpi--1_74  >&5
/usr/bin/ld: cannot find -lboost_mpi--1_74: No such file or directory
collect2: error: ld returned 1 exit status
configure:18601: $? = 1
configure:18586: re-using the existing conftest.o
configure:18592: mpic++ -o conftest -g -O2  -P    -L/usr/lib64 conftest.o -lboost_mpi--1_74  >&5
/usr/bin/ld: cannot find -lboost_mpi--1_74: No such file or directory
collect2: error: ld returned 1 exit status
configure:18601: $? = 1
configure:18586: re-using the existing conftest.o
configure:18592: mpic++ -o conftest -g -O2  -P    -L/usr/libexec conftest.o -lboost_mpi--1_74  >&5
/usr/bin/ld: cannot find -lboost_mpi--1_74: No such file or directory
collect2: error: ld returned 1 exit status
configure:18601: $? = 1
configure:18586: re-using the existing conftest.o
configure:18592: mpic++ -o conftest -g -O2  -P    -L/usr/libx32 conftest.o -lboost_mpi--1_74  >&5
/usr/bin/ld: cannot find -lboost_mpi--1_74: No such file or directory
collect2: error: ld returned 1 exit status
configure:18601: $? = 1
configure:18586: re-using the existing conftest.o
configure:18592: mpic++ -o conftest -g -O2  -P    conftest.o -lboost_mpi--1_74  >&5
/usr/bin/ld: cannot find -lboost_mpi--1_74: No such file or directory
collect2: error: ld returned 1 exit status
configure:18601: $? = 1
configure:18586: re-using the existing conftest.o
configure:18592: mpic++ -o conftest -g -O2  -P    -L/lib conftest.o -lboost_mpi--1_74  >&5
/usr/bin/ld: cannot find -lboost_mpi--1_74: No such file or directory
collect2: error: ld returned 1 exit status
configure:18601: $? = 1
configure:18586: re-using the existing conftest.o
configure:18592: mpic++ -o conftest -g -O2  -P    -L/lib32 conftest.o -lboost_mpi--1_74  >&5
/usr/bin/ld: cannot find -lboost_mpi--1_74: No such file or directory
collect2: error: ld returned 1 exit status
configure:18601: $? = 1
configure:18586: re-using the existing conftest.o
configure:18592: mpic++ -o conftest -g -O2  -P    -L/lib64 conftest.o -lboost_mpi--1_74  >&5
/usr/bin/ld: cannot find -lboost_mpi--1_74: No such file or directory
collect2: error: ld returned 1 exit status
configure:18601: $? = 1
configure:18586: re-using the existing conftest.o
configure:18592: mpic++ -o conftest -g -O2  -P    -L/libx32 conftest.o -lboost_mpi--1_74  >&5
/usr/bin/ld: cannot find -lboost_mpi--1_74: No such file or directory
collect2: error: ld returned 1 exit status
configure:18601: $? = 1
configure:18586: re-using the existing conftest.o
configure:18592: mpic++ -o conftest -g -O2  -P    conftest.o -lboost_mpi--mt-d-1_74  >&5
/usr/bin/ld: cannot find -lboost_mpi--mt-d-1_74: No such file or directory
collect2: error: ld returned 1 exit status
configure:18601: $? = 1
configure:18586: re-using the existing conftest.o
configure:18592: mpic++ -o conftest -g -O2  -P    -L/usr/local/lib conftest.o -lboost_mpi--mt-d-1_74  >&5
/usr/bin/ld: cannot find -lboost_mpi--mt-d-1_74: No such file or directory
collect2: error: ld returned 1 exit status
configure:18601: $? = 1
configure:18586: re-using the existing conftest.o
configure:18592: mpic++ -o conftest -g -O2  -P    -L/usr/lib conftest.o -lboost_mpi--mt-d-1_74  >&5
/usr/bin/ld: cannot find -lboost_mpi--mt-d-1_74: No such file or directory
collect2: error: ld returned 1 exit status
configure:18601: $? = 1
configure:18586: re-using the existing conftest.o
configure:18592: mpic++ -o conftest -g -O2  -P    -L/usr/lib32 conftest.o -lboost_mpi--mt-d-1_74  >&5
/usr/bin/ld: cannot find -lboost_mpi--mt-d-1_74: No such file or directory
collect2: error: ld returned 1 exit status
configure:18601: $? = 1
configure:18586: re-using the existing conftest.o
configure:18592: mpic++ -o conftest -g -O2  -P    -L/usr/lib64 conftest.o -lboost_mpi--mt-d-1_74  >&5
/usr/bin/ld: cannot find -lboost_mpi--mt-d-1_74: No such file or directory
collect2: error: ld returned 1 exit status
configure:18601: $? = 1
configure:18586: re-using the existing conftest.o
configure:18592: mpic++ -o conftest -g -O2  -P    -L/usr/libexec conftest.o -lboost_mpi--mt-d-1_74  >&5
/usr/bin/ld: cannot find -lboost_mpi--mt-d-1_74: No such file or directory
collect2: error: ld returned 1 exit status
configure:18601: $? = 1
configure:18586: re-using the existing conftest.o
configure:18592: mpic++ -o conftest -g -O2  -P    -L/usr/libx32 conftest.o -lboost_mpi--mt-d-1_74  >&5
/usr/bin/ld: cannot find -lboost_mpi--mt-d-1_74: No such file or directory
collect2: error: ld returned 1 exit status
configure:18601: $? = 1
configure:18586: re-using the existing conftest.o
configure:18592: mpic++ -o conftest -g -O2  -P    conftest.o -lboost_mpi--mt-d-1_74  >&5
/usr/bin/ld: cannot find -lboost_mpi--mt-d-1_74: No such file or directory
collect2: error: ld returned 1 exit status
configure:18601: $? = 1
configure:18586: re-using the existing conftest.o
configure:18592: mpic++ -o conftest -g -O2  -P    -L/lib conftest.o -lboost_mpi--mt-d-1_74  >&5
/usr/bin/ld: cannot find -lboost_mpi--mt-d-1_74: No such file or directory
collect2: error: ld returned 1 exit status
configure:18601: $? = 1
configure:18586: re-using the existing conftest.o
configure:18592: mpic++ -o conftest -g -O2  -P    -L/lib32 conftest.o -lboost_mpi--mt-d-1_74  >&5
/usr/bin/ld: cannot find -lboost_mpi--mt-d-1_74: No such file or directory
collect2: error: ld returned 1 exit status
configure:18601: $? = 1
configure:18586: re-using the existing conftest.o
configure:18592: mpic++ -o conftest -g -O2  -P    -L/lib64 conftest.o -lboost_mpi--mt-d-1_74  >&5
/usr/bin/ld: cannot find -lboost_mpi--mt-d-1_74: No such file or directory
collect2: error: ld returned 1 exit status
configure:18601: $? = 1
configure:18586: re-using the existing conftest.o
configure:18592: mpic++ -o conftest -g -O2  -P    -L/libx32 conftest.o -lboost_mpi--mt-d-1_74  >&5
/usr/bin/ld: cannot find -lboost_mpi--mt-d-1_74: No such file or directory
collect2: error: ld returned 1 exit status
configure:18601: $? = 1
configure:18586: re-using the existing conftest.o
configure:18592: mpic++ -o conftest -g -O2  -P    conftest.o -lboost_mpi--d-1_74  >&5
/usr/bin/ld: cannot find -lboost_mpi--d-1_74: No such file or directory
collect2: error: ld returned 1 exit status
configure:18601: $? = 1
configure:18586: re-using the existing conftest.o
configure:18592: mpic++ -o conftest -g -O2  -P    -L/usr/local/lib conftest.o -lboost_mpi--d-1_74  >&5
/usr/bin/ld: cannot find -lboost_mpi--d-1_74: No such file or directory
collect2: error: ld returned 1 exit status
configure:18601: $? = 1
configure:18586: re-using the existing conftest.o
configure:18592: mpic++ -o conftest -g -O2  -P    -L/usr/lib conftest.o -lboost_mpi--d-1_74  >&5
/usr/bin/ld: cannot find -lboost_mpi--d-1_74: No such file or directory
collect2: error: ld returned 1 exit status
configure:18601: $? = 1
configure:18586: re-using the existing conftest.o
configure:18592: mpic++ -o conftest -g -O2  -P    -L/usr/lib32 conftest.o -lboost_mpi--d-1_74  >&5
/usr/bin/ld: cannot find -lboost_mpi--d-1_74: No such file or directory
collect2: error: ld returned 1 exit status
configure:18601: $? = 1
configure:18586: re-using the existing conftest.o
configure:18592: mpic++ -o conftest -g -O2  -P    -L/usr/lib64 conftest.o -lboost_mpi--d-1_74  >&5
/usr/bin/ld: cannot find -lboost_mpi--d-1_74: No such file or directory
collect2: error: ld returned 1 exit status
configure:18601: $? = 1
configure:18586: re-using the existing conftest.o
configure:18592: mpic++ -o conftest -g -O2  -P    -L/usr/libexec conftest.o -lboost_mpi--d-1_74  >&5
/usr/bin/ld: cannot find -lboost_mpi--d-1_74: No such file or directory
collect2: error: ld returned 1 exit status
configure:18601: $? = 1
configure:18586: re-using the existing conftest.o
configure:18592: mpic++ -o conftest -g -O2  -P    -L/usr/libx32 conftest.o -lboost_mpi--d-1_74  >&5
/usr/bin/ld: cannot find -lboost_mpi--d-1_74: No such file or directory
collect2: error: ld returned 1 exit status
configure:18601: $? = 1
configure:18586: re-using the existing conftest.o
configure:18592: mpic++ -o conftest -g -O2  -P    conftest.o -lboost_mpi--d-1_74  >&5
/usr/bin/ld: cannot find -lboost_mpi--d-1_74: No such file or directory
collect2: error: ld returned 1 exit status
configure:18601: $? = 1
configure:18586: re-using the existing conftest.o
configure:18592: mpic++ -o conftest -g -O2  -P    -L/lib conftest.o -lboost_mpi--d-1_74  >&5
/usr/bin/ld: cannot find -lboost_mpi--d-1_74: No such file or directory
collect2: error: ld returned 1 exit status
configure:18601: $? = 1
configure:18586: re-using the existing conftest.o
configure:18592: mpic++ -o conftest -g -O2  -P    -L/lib32 conftest.o -lboost_mpi--d-1_74  >&5
/usr/bin/ld: cannot find -lboost_mpi--d-1_74: No such file or directory
collect2: error: ld returned 1 exit status
configure:18601: $? = 1
configure:18586: re-using the existing conftest.o
configure:18592: mpic++ -o conftest -g -O2  -P    -L/lib64 conftest.o -lboost_mpi--d-1_74  >&5
/usr/bin/ld: cannot find -lboost_mpi--d-1_74: No such file or directory
collect2: error: ld returned 1 exit status
configure:18601: $? = 1
configure:18586: re-using the existing conftest.o
configure:18592: mpic++ -o conftest -g -O2  -P    -L/libx32 conftest.o -lboost_mpi--d-1_74  >&5
/usr/bin/ld: cannot find -lboost_mpi--d-1_74: No such file or directory
collect2: error: ld returned 1 exit status
configure:18601: $? = 1
configure:18586: re-using the existing conftest.o
configure:18592: mpic++ -o conftest -g -O2  -P    conftest.o -lboost_mpi--mt  >&5
/usr/bin/ld: cannot find -lboost_mpi--mt: No such file or directory
collect2: error: ld returned 1 exit status
configure:18601: $? = 1
configure:18586: re-using the existing conftest.o
configure:18592: mpic++ -o conftest -g -O2  -P    -L/usr/local/lib conftest.o -lboost_mpi--mt  >&5
/usr/bin/ld: cannot find -lboost_mpi--mt: No such file or directory
collect2: error: ld returned 1 exit status
configure:18601: $? = 1
configure:18586: re-using the existing conftest.o
configure:18592: mpic++ -o conftest -g -O2  -P    -L/usr/lib conftest.o -lboost_mpi--mt  >&5
/usr/bin/ld: cannot find -lboost_mpi--mt: No such file or directory
collect2: error: ld returned 1 exit status
configure:18601: $? = 1
configure:18586: re-using the existing conftest.o
configure:18592: mpic++ -o conftest -g -O2  -P    -L/usr/lib32 conftest.o -lboost_mpi--mt  >&5
/usr/bin/ld: cannot find -lboost_mpi--mt: No such file or directory
collect2: error: ld returned 1 exit status
configure:18601: $? = 1
configure:18586: re-using the existing conftest.o
configure:18592: mpic++ -o conftest -g -O2  -P    -L/usr/lib64 conftest.o -lboost_mpi--mt  >&5
/usr/bin/ld: cannot find -lboost_mpi--mt: No such file or directory
collect2: error: ld returned 1 exit status
configure:18601: $? = 1
configure:18586: re-using the existing conftest.o
configure:18592: mpic++ -o conftest -g -O2  -P    -L/usr/libexec conftest.o -lboost_mpi--mt  >&5
/usr/bin/ld: cannot find -lboost_mpi--mt: No such file or directory
collect2: error: ld returned 1 exit status
configure:18601: $? = 1
configure:18586: re-using the existing conftest.o
configure:18592: mpic++ -o conftest -g -O2  -P    -L/usr/libx32 conftest.o -lboost_mpi--mt  >&5
/usr/bin/ld: cannot find -lboost_mpi--mt: No such file or directory
collect2: error: ld returned 1 exit status
configure:18601: $? = 1
configure:18586: re-using the existing conftest.o
configure:18592: mpic++ -o conftest -g -O2  -P    conftest.o -lboost_mpi--mt  >&5
/usr/bin/ld: cannot find -lboost_mpi--mt: No such file or directory
collect2: error: ld returned 1 exit status
configure:18601: $? = 1
configure:18586: re-using the existing conftest.o
configure:18592: mpic++ -o conftest -g -O2  -P    -L/lib conftest.o -lboost_mpi--mt  >&5
/usr/bin/ld: cannot find -lboost_mpi--mt: No such file or directory
collect2: error: ld returned 1 exit status
configure:18601: $? = 1
configure:18586: re-using the existing conftest.o
configure:18592: mpic++ -o conftest -g -O2  -P    -L/lib32 conftest.o -lboost_mpi--mt  >&5
/usr/bin/ld: cannot find -lboost_mpi--mt: No such file or directory
collect2: error: ld returned 1 exit status
configure:18601: $? = 1
configure:18586: re-using the existing conftest.o
configure:18592: mpic++ -o conftest -g -O2  -P    -L/lib64 conftest.o -lboost_mpi--mt  >&5
/usr/bin/ld: cannot find -lboost_mpi--mt: No such file or directory
collect2: error: ld returned 1 exit status
configure:18601: $? = 1
configure:18586: re-using the existing conftest.o
configure:18592: mpic++ -o conftest -g -O2  -P    -L/libx32 conftest.o -lboost_mpi--mt  >&5
/usr/bin/ld: cannot find -lboost_mpi--mt: No such file or directory
collect2: error: ld returned 1 exit status
configure:18601: $? = 1
configure:18586: re-using the existing conftest.o
configure:18592: mpic++ -o conftest -g -O2  -P    conftest.o -lboost_mpi-  >&5
/usr/bin/ld: cannot find -lboost_mpi-: No such file or directory
collect2: error: ld returned 1 exit status
configure:18601: $? = 1
configure:18586: re-using the existing conftest.o
configure:18592: mpic++ -o conftest -g -O2  -P    -L/usr/local/lib conftest.o -lboost_mpi-  >&5
/usr/bin/ld: cannot find -lboost_mpi-: No such file or directory
collect2: error: ld returned 1 exit status
configure:18601: $? = 1
configure:18586: re-using the existing conftest.o
configure:18592: mpic++ -o conftest -g -O2  -P    -L/usr/lib conftest.o -lboost_mpi-  >&5
/usr/bin/ld: cannot find -lboost_mpi-: No such file or directory
collect2: error: ld returned 1 exit status
configure:18601: $? = 1
configure:18586: re-using the existing conftest.o
configure:18592: mpic++ -o conftest -g -O2  -P    -L/usr/lib32 conftest.o -lboost_mpi-  >&5
/usr/bin/ld: cannot find -lboost_mpi-: No such file or directory
collect2: error: ld returned 1 exit status
configure:18601: $? = 1
configure:18586: re-using the existing conftest.o
configure:18592: mpic++ -o conftest -g -O2  -P    -L/usr/lib64 conftest.o -lboost_mpi-  >&5
/usr/bin/ld: cannot find -lboost_mpi-: No such file or directory
collect2: error: ld returned 1 exit status
configure:18601: $? = 1
configure:18586: re-using the existing conftest.o
configure:18592: mpic++ -o conftest -g -O2  -P    -L/usr/libexec conftest.o -lboost_mpi-  >&5
/usr/bin/ld: cannot find -lboost_mpi-: No such file or directory
collect2: error: ld returned 1 exit status
configure:18601: $? = 1
configure:18586: re-using the existing conftest.o
configure:18592: mpic++ -o conftest -g -O2  -P    -L/usr/libx32 conftest.o -lboost_mpi-  >&5
/usr/bin/ld: cannot find -lboost_mpi-: No such file or directory
collect2: error: ld returned 1 exit status
configure:18601: $? = 1
configure:18586: re-using the existing conftest.o
configure:18592: mpic++ -o conftest -g -O2  -P    conftest.o -lboost_mpi-  >&5
/usr/bin/ld: cannot find -lboost_mpi-: No such file or directory
collect2: error: ld returned 1 exit status
configure:18601: $? = 1
configure:18586: re-using the existing conftest.o
configure:18592: mpic++ -o conftest -g -O2  -P    -L/lib conftest.o -lboost_mpi-  >&5
/usr/bin/ld: cannot find -lboost_mpi-: No such file or directory
collect2: error: ld returned 1 exit status
configure:18601: $? = 1
configure:18586: re-using the existing conftest.o
configure:18592: mpic++ -o conftest -g -O2  -P    -L/lib32 conftest.o -lboost_mpi-  >&5
/usr/bin/ld: cannot find -lboost_mpi-: No such file or directory
collect2: error: ld returned 1 exit status
configure:18601: $? = 1
configure:18586: re-using the existing conftest.o
configure:18592: mpic++ -o conftest -g -O2  -P    -L/lib64 conftest.o -lboost_mpi-  >&5
/usr/bin/ld: cannot find -lboost_mpi-: No such file or directory
collect2: error: ld returned 1 exit status
configure:18601: $? = 1
configure:18586: re-using the existing conftest.o
configure:18592: mpic++ -o conftest -g -O2  -P    -L/libx32 conftest.o -lboost_mpi-  >&5
/usr/bin/ld: cannot find -lboost_mpi-: No such file or directory
collect2: error: ld returned 1 exit status
configure:18601: $? = 1
configure:18586: re-using the existing conftest.o
configure:18592: mpic++ -o conftest -g -O2  -P    conftest.o -lboost_mpi--mt-d  >&5
/usr/bin/ld: cannot find -lboost_mpi--mt-d: No such file or directory
collect2: error: ld returned 1 exit status
configure:18601: $? = 1
configure:18586: re-using the existing conftest.o
configure:18592: mpic++ -o conftest -g -O2  -P    -L/usr/local/lib conftest.o -lboost_mpi--mt-d  >&5
/usr/bin/ld: cannot find -lboost_mpi--mt-d: No such file or directory
collect2: error: ld returned 1 exit status
configure:18601: $? = 1
configure:18586: re-using the existing conftest.o
configure:18592: mpic++ -o conftest -g -O2  -P    -L/usr/lib conftest.o -lboost_mpi--mt-d  >&5
/usr/bin/ld: cannot find -lboost_mpi--mt-d: No such file or directory
collect2: error: ld returned 1 exit status
configure:18601: $? = 1
configure:18586: re-using the existing conftest.o
configure:18592: mpic++ -o conftest -g -O2  -P    -L/usr/lib32 conftest.o -lboost_mpi--mt-d  >&5
/usr/bin/ld: cannot find -lboost_mpi--mt-d: No such file or directory
collect2: error: ld returned 1 exit status
configure:18601: $? = 1
configure:18586: re-using the existing conftest.o
configure:18592: mpic++ -o conftest -g -O2  -P    -L/usr/lib64 conftest.o -lboost_mpi--mt-d  >&5
/usr/bin/ld: cannot find -lboost_mpi--mt-d: No such file or directory
collect2: error: ld returned 1 exit status
configure:18601: $? = 1
configure:18586: re-using the existing conftest.o
configure:18592: mpic++ -o conftest -g -O2  -P    -L/usr/libexec conftest.o -lboost_mpi--mt-d  >&5
/usr/bin/ld: cannot find -lboost_mpi--mt-d: No such file or directory
collect2: error: ld returned 1 exit status
configure:18601: $? = 1
configure:18586: re-using the existing conftest.o
configure:18592: mpic++ -o conftest -g -O2  -P    -L/usr/libx32 conftest.o -lboost_mpi--mt-d  >&5
/usr/bin/ld: cannot find -lboost_mpi--mt-d: No such file or directory
collect2: error: ld returned 1 exit status
configure:18601: $? = 1
configure:18586: re-using the existing conftest.o
configure:18592: mpic++ -o conftest -g -O2  -P    conftest.o -lboost_mpi--mt-d  >&5
/usr/bin/ld: cannot find -lboost_mpi--mt-d: No such file or directory
collect2: error: ld returned 1 exit status
configure:18601: $? = 1
configure:18586: re-using the existing conftest.o
configure:18592: mpic++ -o conftest -g -O2  -P    -L/lib conftest.o -lboost_mpi--mt-d  >&5
/usr/bin/ld: cannot find -lboost_mpi--mt-d: No such file or directory
collect2: error: ld returned 1 exit status
configure:18601: $? = 1
configure:18586: re-using the existing conftest.o
configure:18592: mpic++ -o conftest -g -O2  -P    -L/lib32 conftest.o -lboost_mpi--mt-d  >&5
/usr/bin/ld: cannot find -lboost_mpi--mt-d: No such file or directory
collect2: error: ld returned 1 exit status
configure:18601: $? = 1
configure:18586: re-using the existing conftest.o
configure:18592: mpic++ -o conftest -g -O2  -P    -L/lib64 conftest.o -lboost_mpi--mt-d  >&5
/usr/bin/ld: cannot find -lboost_mpi--mt-d: No such file or directory
collect2: error: ld returned 1 exit status
configure:18601: $? = 1
configure:18586: re-using the existing conftest.o
configure:18592: mpic++ -o conftest -g -O2  -P    -L/libx32 conftest.o -lboost_mpi--mt-d  >&5
/usr/bin/ld: cannot find -lboost_mpi--mt-d: No such file or directory
collect2: error: ld returned 1 exit status
configure:18601: $? = 1
configure:18586: re-using the existing conftest.o
configure:18592: mpic++ -o conftest -g -O2  -P    conftest.o -lboost_mpi--d  >&5
/usr/bin/ld: cannot find -lboost_mpi--d: No such file or directory
collect2: error: ld returned 1 exit status
configure:18601: $? = 1
configure:18586: re-using the existing conftest.o
configure:18592: mpic++ -o conftest -g -O2  -P    -L/usr/local/lib conftest.o -lboost_mpi--d  >&5
/usr/bin/ld: cannot find -lboost_mpi--d: No such file or directory
collect2: error: ld returned 1 exit status
configure:18601: $? = 1
configure:18586: re-using the existing conftest.o
configure:18592: mpic++ -o conftest -g -O2  -P    -L/usr/lib conftest.o -lboost_mpi--d  >&5
/usr/bin/ld: cannot find -lboost_mpi--d: No such file or directory
collect2: error: ld returned 1 exit status
configure:18601: $? = 1
configure:18586: re-using the existing conftest.o
configure:18592: mpic++ -o conftest -g -O2  -P    -L/usr/lib32 conftest.o -lboost_mpi--d  >&5
/usr/bin/ld: cannot find -lboost_mpi--d: No such file or directory
collect2: error: ld returned 1 exit status
configure:18601: $? = 1
configure:18586: re-using the existing conftest.o
configure:18592: mpic++ -o conftest -g -O2  -P    -L/usr/lib64 conftest.o -lboost_mpi--d  >&5
/usr/bin/ld: cannot find -lboost_mpi--d: No such file or directory
collect2: error: ld returned 1 exit status
configure:18601: $? = 1
configure:18586: re-using the existing conftest.o
configure:18592: mpic++ -o conftest -g -O2  -P    -L/usr/libexec conftest.o -lboost_mpi--d  >&5
/usr/bin/ld: cannot find -lboost_mpi--d: No such file or directory
collect2: error: ld returned 1 exit status
configure:18601: $? = 1
configure:18586: re-using the existing conftest.o
configure:18592: mpic++ -o conftest -g -O2  -P    -L/usr/libx32 conftest.o -lboost_mpi--d  >&5
/usr/bin/ld: cannot find -lboost_mpi--d: No such file or directory
collect2: error: ld returned 1 exit status
configure:18601: $? = 1
configure:18586: re-using the existing conftest.o
configure:18592: mpic++ -o conftest -g -O2  -P    conftest.o -lboost_mpi--d  >&5
/usr/bin/ld: cannot find -lboost_mpi--d: No such file or directory
collect2: error: ld returned 1 exit status
configure:18601: $? = 1
configure:18586: re-using the existing conftest.o
configure:18592: mpic++ -o conftest -g -O2  -P    -L/lib conftest.o -lboost_mpi--d  >&5
/usr/bin/ld: cannot find -lboost_mpi--d: No such file or directory
collect2: error: ld returned 1 exit status
configure:18601: $? = 1
configure:18586: re-using the existing conftest.o
configure:18592: mpic++ -o conftest -g -O2  -P    -L/lib32 conftest.o -lboost_mpi--d  >&5
/usr/bin/ld: cannot find -lboost_mpi--d: No such file or directory
collect2: error: ld returned 1 exit status
configure:18601: $? = 1
configure:18586: re-using the existing conftest.o
configure:18592: mpic++ -o conftest -g -O2  -P    -L/lib64 conftest.o -lboost_mpi--d  >&5
/usr/bin/ld: cannot find -lboost_mpi--d: No such file or directory
collect2: error: ld returned 1 exit status
configure:18601: $? = 1
configure:18586: re-using the existing conftest.o
configure:18592: mpic++ -o conftest -g -O2  -P    -L/libx32 conftest.o -lboost_mpi--d  >&5
/usr/bin/ld: cannot find -lboost_mpi--d: No such file or directory
collect2: error: ld returned 1 exit status
configure:18601: $? = 1
configure:18586: re-using the existing conftest.o
configure:18592: mpic++ -o conftest -g -O2  -P    conftest.o -lboost_mpi-mt-1_74  >&5
/usr/bin/ld: cannot find -lboost_mpi-mt-1_74: No such file or directory
collect2: error: ld returned 1 exit status
configure:18601: $? = 1
configure:18586: re-using the existing conftest.o
configure:18592: mpic++ -o conftest -g -O2  -P    -L/usr/local/lib conftest.o -lboost_mpi-mt-1_74  >&5
/usr/bin/ld: cannot find -lboost_mpi-mt-1_74: No such file or directory
collect2: error: ld returned 1 exit status
configure:18601: $? = 1
configure:18586: re-using the existing conftest.o
configure:18592: mpic++ -o conftest -g -O2  -P    -L/usr/lib conftest.o -lboost_mpi-mt-1_74  >&5
/usr/bin/ld: cannot find -lboost_mpi-mt-1_74: No such file or directory
collect2: error: ld returned 1 exit status
configure:18601: $? = 1
configure:18586: re-using the existing conftest.o
configure:18592: mpic++ -o conftest -g -O2  -P    -L/usr/lib32 conftest.o -lboost_mpi-mt-1_74  >&5
/usr/bin/ld: cannot find -lboost_mpi-mt-1_74: No such file or directory
collect2: error: ld returned 1 exit status
configure:18601: $? = 1
configure:18586: re-using the existing conftest.o
configure:18592: mpic++ -o conftest -g -O2  -P    -L/usr/lib64 conftest.o -lboost_mpi-mt-1_74  >&5
/usr/bin/ld: cannot find -lboost_mpi-mt-1_74: No such file or directory
collect2: error: ld returned 1 exit status
configure:18601: $? = 1
configure:18586: re-using the existing conftest.o
configure:18592: mpic++ -o conftest -g -O2  -P    -L/usr/libexec conftest.o -lboost_mpi-mt-1_74  >&5
/usr/bin/ld: cannot find -lboost_mpi-mt-1_74: No such file or directory
collect2: error: ld returned 1 exit status
configure:18601: $? = 1
configure:18586: re-using the existing conftest.o
configure:18592: mpic++ -o conftest -g -O2  -P    -L/usr/libx32 conftest.o -lboost_mpi-mt-1_74  >&5
/usr/bin/ld: cannot find -lboost_mpi-mt-1_74: No such file or directory
collect2: error: ld returned 1 exit status
configure:18601: $? = 1
configure:18586: re-using the existing conftest.o
configure:18592: mpic++ -o conftest -g -O2  -P    conftest.o -lboost_mpi-mt-1_74  >&5
/usr/bin/ld: cannot find -lboost_mpi-mt-1_74: No such file or directory
collect2: error: ld returned 1 exit status
configure:18601: $? = 1
configure:18586: re-using the existing conftest.o
configure:18592: mpic++ -o conftest -g -O2  -P    -L/lib conftest.o -lboost_mpi-mt-1_74  >&5
/usr/bin/ld: cannot find -lboost_mpi-mt-1_74: No such file or directory
collect2: error: ld returned 1 exit status
configure:18601: $? = 1
configure:18586: re-using the existing conftest.o
configure:18592: mpic++ -o conftest -g -O2  -P    -L/lib32 conftest.o -lboost_mpi-mt-1_74  >&5
/usr/bin/ld: cannot find -lboost_mpi-mt-1_74: No such file or directory
collect2: error: ld returned 1 exit status
configure:18601: $? = 1
configure:18586: re-using the existing conftest.o
configure:18592: mpic++ -o conftest -g -O2  -P    -L/lib64 conftest.o -lboost_mpi-mt-1_74  >&5
/usr/bin/ld: cannot find -lboost_mpi-mt-1_74: No such file or directory
collect2: error: ld returned 1 exit status
configure:18601: $? = 1
configure:18586: re-using the existing conftest.o
configure:18592: mpic++ -o conftest -g -O2  -P    -L/libx32 conftest.o -lboost_mpi-mt-1_74  >&5
/usr/bin/ld: cannot find -lboost_mpi-mt-1_74: No such file or directory
collect2: error: ld returned 1 exit status
configure:18601: $? = 1
configure:18586: re-using the existing conftest.o
configure:18592: mpic++ -o conftest -g -O2  -P    conftest.o -lboost_mpi-1_74  >&5
/usr/bin/ld: cannot find -lboost_mpi-1_74: No such file or directory
collect2: error: ld returned 1 exit status
configure:18601: $? = 1
configure:18586: re-using the existing conftest.o
configure:18592: mpic++ -o conftest -g -O2  -P    -L/usr/local/lib conftest.o -lboost_mpi-1_74  >&5
/usr/bin/ld: cannot find -lboost_mpi-1_74: No such file or directory
collect2: error: ld returned 1 exit status
configure:18601: $? = 1
configure:18586: re-using the existing conftest.o
configure:18592: mpic++ -o conftest -g -O2  -P    -L/usr/lib conftest.o -lboost_mpi-1_74  >&5
/usr/bin/ld: cannot find -lboost_mpi-1_74: No such file or directory
collect2: error: ld returned 1 exit status
configure:18601: $? = 1
configure:18586: re-using the existing conftest.o
configure:18592: mpic++ -o conftest -g -O2  -P    -L/usr/lib32 conftest.o -lboost_mpi-1_74  >&5
/usr/bin/ld: cannot find -lboost_mpi-1_74: No such file or directory
collect2: error: ld returned 1 exit status
configure:18601: $? = 1
configure:18586: re-using the existing conftest.o
configure:18592: mpic++ -o conftest -g -O2  -P    -L/usr/lib64 conftest.o -lboost_mpi-1_74  >&5
/usr/bin/ld: cannot find -lboost_mpi-1_74: No such file or directory
collect2: error: ld returned 1 exit status
configure:18601: $? = 1
configure:18586: re-using the existing conftest.o
configure:18592: mpic++ -o conftest -g -O2  -P    -L/usr/libexec conftest.o -lboost_mpi-1_74  >&5
/usr/bin/ld: cannot find -lboost_mpi-1_74: No such file or directory
collect2: error: ld returned 1 exit status
configure:18601: $? = 1
configure:18586: re-using the existing conftest.o
configure:18592: mpic++ -o conftest -g -O2  -P    -L/usr/libx32 conftest.o -lboost_mpi-1_74  >&5
/usr/bin/ld: cannot find -lboost_mpi-1_74: No such file or directory
collect2: error: ld returned 1 exit status
configure:18601: $? = 1
configure:18586: re-using the existing conftest.o
configure:18592: mpic++ -o conftest -g -O2  -P    conftest.o -lboost_mpi-1_74  >&5
/usr/bin/ld: cannot find -lboost_mpi-1_74: No such file or directory
collect2: error: ld returned 1 exit status
configure:18601: $? = 1
configure:18586: re-using the existing conftest.o
configure:18592: mpic++ -o conftest -g -O2  -P    -L/lib conftest.o -lboost_mpi-1_74  >&5
/usr/bin/ld: cannot find -lboost_mpi-1_74: No such file or directory
collect2: error: ld returned 1 exit status
configure:18601: $? = 1
configure:18586: re-using the existing conftest.o
configure:18592: mpic++ -o conftest -g -O2  -P    -L/lib32 conftest.o -lboost_mpi-1_74  >&5
/usr/bin/ld: cannot find -lboost_mpi-1_74: No such file or directory
collect2: error: ld returned 1 exit status
configure:18601: $? = 1
configure:18586: re-using the existing conftest.o
configure:18592: mpic++ -o conftest -g -O2  -P    -L/lib64 conftest.o -lboost_mpi-1_74  >&5
/usr/bin/ld: cannot find -lboost_mpi-1_74: No such file or directory
collect2: error: ld returned 1 exit status
configure:18601: $? = 1
configure:18586: re-using the existing conftest.o
configure:18592: mpic++ -o conftest -g -O2  -P    -L/libx32 conftest.o -lboost_mpi-1_74  >&5
/usr/bin/ld: cannot find -lboost_mpi-1_74: No such file or directory
collect2: error: ld returned 1 exit status
configure:18601: $? = 1
configure:18586: re-using the existing conftest.o
configure:18592: mpic++ -o conftest -g -O2  -P    conftest.o -lboost_mpi-mt-d-1_74  >&5
/usr/bin/ld: cannot find -lboost_mpi-mt-d-1_74: No such file or directory
collect2: error: ld returned 1 exit status
configure:18601: $? = 1
configure:18586: re-using the existing conftest.o
configure:18592: mpic++ -o conftest -g -O2  -P    -L/usr/local/lib conftest.o -lboost_mpi-mt-d-1_74  >&5
/usr/bin/ld: cannot find -lboost_mpi-mt-d-1_74: No such file or directory
collect2: error: ld returned 1 exit status
configure:18601: $? = 1
configure:18586: re-using the existing conftest.o
configure:18592: mpic++ -o conftest -g -O2  -P    -L/usr/lib conftest.o -lboost_mpi-mt-d-1_74  >&5
/usr/bin/ld: cannot find -lboost_mpi-mt-d-1_74: No such file or directory
collect2: error: ld returned 1 exit status
configure:18601: $? = 1
configure:18586: re-using the existing conftest.o
configure:18592: mpic++ -o conftest -g -O2  -P    -L/usr/lib32 conftest.o -lboost_mpi-mt-d-1_74  >&5
/usr/bin/ld: cannot find -lboost_mpi-mt-d-1_74: No such file or directory
collect2: error: ld returned 1 exit status
configure:18601: $? = 1
configure:18586: re-using the existing conftest.o
configure:18592: mpic++ -o conftest -g -O2  -P    -L/usr/lib64 conftest.o -lboost_mpi-mt-d-1_74  >&5
/usr/bin/ld: cannot find -lboost_mpi-mt-d-1_74: No such file or directory
collect2: error: ld returned 1 exit status
configure:18601: $? = 1
configure:18586: re-using the existing conftest.o
configure:18592: mpic++ -o conftest -g -O2  -P    -L/usr/libexec conftest.o -lboost_mpi-mt-d-1_74  >&5
/usr/bin/ld: cannot find -lboost_mpi-mt-d-1_74: No such file or directory
collect2: error: ld returned 1 exit status
configure:18601: $? = 1
configure:18586: re-using the existing conftest.o
configure:18592: mpic++ -o conftest -g -O2  -P    -L/usr/libx32 conftest.o -lboost_mpi-mt-d-1_74  >&5
/usr/bin/ld: cannot find -lboost_mpi-mt-d-1_74: No such file or directory
collect2: error: ld returned 1 exit status
configure:18601: $? = 1
configure:18586: re-using the existing conftest.o
configure:18592: mpic++ -o conftest -g -O2  -P    conftest.o -lboost_mpi-mt-d-1_74  >&5
/usr/bin/ld: cannot find -lboost_mpi-mt-d-1_74: No such file or directory
collect2: error: ld returned 1 exit status
configure:18601: $? = 1
configure:18586: re-using the existing conftest.o
configure:18592: mpic++ -o conftest -g -O2  -P    -L/lib conftest.o -lboost_mpi-mt-d-1_74  >&5
/usr/bin/ld: cannot find -lboost_mpi-mt-d-1_74: No such file or directory
collect2: error: ld returned 1 exit status
configure:18601: $? = 1
configure:18586: re-using the existing conftest.o
configure:18592: mpic++ -o conftest -g -O2  -P    -L/lib32 conftest.o -lboost_mpi-mt-d-1_74  >&5
/usr/bin/ld: cannot find -lboost_mpi-mt-d-1_74: No such file or directory
collect2: error: ld returned 1 exit status
configure:18601: $? = 1
configure:18586: re-using the existing conftest.o
configure:18592: mpic++ -o conftest -g -O2  -P    -L/lib64 conftest.o -lboost_mpi-mt-d-1_74  >&5
/usr/bin/ld: cannot find -lboost_mpi-mt-d-1_74: No such file or directory
collect2: error: ld returned 1 exit status
configure:18601: $? = 1
configure:18586: re-using the existing conftest.o
configure:18592: mpic++ -o conftest -g -O2  -P    -L/libx32 conftest.o -lboost_mpi-mt-d-1_74  >&5
/usr/bin/ld: cannot find -lboost_mpi-mt-d-1_74: No such file or directory
collect2: error: ld returned 1 exit status
configure:18601: $? = 1
configure:18586: re-using the existing conftest.o
configure:18592: mpic++ -o conftest -g -O2  -P    conftest.o -lboost_mpi-d-1_74  >&5
/usr/bin/ld: cannot find -lboost_mpi-d-1_74: No such file or directory
collect2: error: ld returned 1 exit status
configure:18601: $? = 1
configure:18586: re-using the existing conftest.o
configure:18592: mpic++ -o conftest -g -O2  -P    -L/usr/local/lib conftest.o -lboost_mpi-d-1_74  >&5
/usr/bin/ld: cannot find -lboost_mpi-d-1_74: No such file or directory
collect2: error: ld returned 1 exit status
configure:18601: $? = 1
configure:18586: re-using the existing conftest.o
configure:18592: mpic++ -o conftest -g -O2  -P    -L/usr/lib conftest.o -lboost_mpi-d-1_74  >&5
/usr/bin/ld: cannot find -lboost_mpi-d-1_74: No such file or directory
collect2: error: ld returned 1 exit status
configure:18601: $? = 1
configure:18586: re-using the existing conftest.o
configure:18592: mpic++ -o conftest -g -O2  -P    -L/usr/lib32 conftest.o -lboost_mpi-d-1_74  >&5
/usr/bin/ld: cannot find -lboost_mpi-d-1_74: No such file or directory
collect2: error: ld returned 1 exit status
configure:18601: $? = 1
configure:18586: re-using the existing conftest.o
configure:18592: mpic++ -o conftest -g -O2  -P    -L/usr/lib64 conftest.o -lboost_mpi-d-1_74  >&5
/usr/bin/ld: cannot find -lboost_mpi-d-1_74: No such file or directory
collect2: error: ld returned 1 exit status
configure:18601: $? = 1
configure:18586: re-using the existing conftest.o
configure:18592: mpic++ -o conftest -g -O2  -P    -L/usr/libexec conftest.o -lboost_mpi-d-1_74  >&5
/usr/bin/ld: cannot find -lboost_mpi-d-1_74: No such file or directory
collect2: error: ld returned 1 exit status
configure:18601: $? = 1
configure:18586: re-using the existing conftest.o
configure:18592: mpic++ -o conftest -g -O2  -P    -L/usr/libx32 conftest.o -lboost_mpi-d-1_74  >&5
/usr/bin/ld: cannot find -lboost_mpi-d-1_74: No such file or directory
collect2: error: ld returned 1 exit status
configure:18601: $? = 1
configure:18586: re-using the existing conftest.o
configure:18592: mpic++ -o conftest -g -O2  -P    conftest.o -lboost_mpi-d-1_74  >&5
/usr/bin/ld: cannot find -lboost_mpi-d-1_74: No such file or directory
collect2: error: ld returned 1 exit status
configure:18601: $? = 1
configure:18586: re-using the existing conftest.o
configure:18592: mpic++ -o conftest -g -O2  -P    -L/lib conftest.o -lboost_mpi-d-1_74  >&5
/usr/bin/ld: cannot find -lboost_mpi-d-1_74: No such file or directory
collect2: error: ld returned 1 exit status
configure:18601: $? = 1
configure:18586: re-using the existing conftest.o
configure:18592: mpic++ -o conftest -g -O2  -P    -L/lib32 conftest.o -lboost_mpi-d-1_74  >&5
/usr/bin/ld: cannot find -lboost_mpi-d-1_74: No such file or directory
collect2: error: ld returned 1 exit status
configure:18601: $? = 1
configure:18586: re-using the existing conftest.o
configure:18592: mpic++ -o conftest -g -O2  -P    -L/lib64 conftest.o -lboost_mpi-d-1_74  >&5
/usr/bin/ld: cannot find -lboost_mpi-d-1_74: No such file or directory
collect2: error: ld returned 1 exit status
configure:18601: $? = 1
configure:18586: re-using the existing conftest.o
configure:18592: mpic++ -o conftest -g -O2  -P    -L/libx32 conftest.o -lboost_mpi-d-1_74  >&5
/usr/bin/ld: cannot find -lboost_mpi-d-1_74: No such file or directory
collect2: error: ld returned 1 exit status
configure:18601: $? = 1
configure:18586: re-using the existing conftest.o
configure:18592: mpic++ -o conftest -g -O2  -P    conftest.o -lboost_mpi-mt  >&5
/usr/bin/ld: cannot find -lboost_mpi-mt: No such file or directory
collect2: error: ld returned 1 exit status
configure:18601: $? = 1
configure:18586: re-using the existing conftest.o
configure:18592: mpic++ -o conftest -g -O2  -P    -L/usr/local/lib conftest.o -lboost_mpi-mt  >&5
/usr/bin/ld: cannot find -lboost_mpi-mt: No such file or directory
collect2: error: ld returned 1 exit status
configure:18601: $? = 1
configure:18586: re-using the existing conftest.o
configure:18592: mpic++ -o conftest -g -O2  -P    -L/usr/lib conftest.o -lboost_mpi-mt  >&5
/usr/bin/ld: cannot find -lboost_mpi-mt: No such file or directory
collect2: error: ld returned 1 exit status
configure:18601: $? = 1
configure:18586: re-using the existing conftest.o
configure:18592: mpic++ -o conftest -g -O2  -P    -L/usr/lib32 conftest.o -lboost_mpi-mt  >&5
/usr/bin/ld: cannot find -lboost_mpi-mt: No such file or directory
collect2: error: ld returned 1 exit status
configure:18601: $? = 1
configure:18586: re-using the existing conftest.o
configure:18592: mpic++ -o conftest -g -O2  -P    -L/usr/lib64 conftest.o -lboost_mpi-mt  >&5
/usr/bin/ld: cannot find -lboost_mpi-mt: No such file or directory
collect2: error: ld returned 1 exit status
configure:18601: $? = 1
configure:18586: re-using the existing conftest.o
configure:18592: mpic++ -o conftest -g -O2  -P    -L/usr/libexec conftest.o -lboost_mpi-mt  >&5
/usr/bin/ld: cannot find -lboost_mpi-mt: No such file or directory
collect2: error: ld returned 1 exit status
configure:18601: $? = 1
configure:18586: re-using the existing conftest.o
configure:18592: mpic++ -o conftest -g -O2  -P    -L/usr/libx32 conftest.o -lboost_mpi-mt  >&5
/usr/bin/ld: cannot find -lboost_mpi-mt: No such file or directory
collect2: error: ld returned 1 exit status
configure:18601: $? = 1
configure:18586: re-using the existing conftest.o
configure:18592: mpic++ -o conftest -g -O2  -P    conftest.o -lboost_mpi-mt  >&5
/usr/bin/ld: cannot find -lboost_mpi-mt: No such file or directory
collect2: error: ld returned 1 exit status
configure:18601: $? = 1
configure:18586: re-using the existing conftest.o
configure:18592: mpic++ -o conftest -g -O2  -P    -L/lib conftest.o -lboost_mpi-mt  >&5
/usr/bin/ld: cannot find -lboost_mpi-mt: No such file or directory
collect2: error: ld returned 1 exit status
configure:18601: $? = 1
configure:18586: re-using the existing conftest.o
configure:18592: mpic++ -o conftest -g -O2  -P    -L/lib32 conftest.o -lboost_mpi-mt  >&5
/usr/bin/ld: cannot find -lboost_mpi-mt: No such file or directory
collect2: error: ld returned 1 exit status
configure:18601: $? = 1
configure:18586: re-using the existing conftest.o
configure:18592: mpic++ -o conftest -g -O2  -P    -L/lib64 conftest.o -lboost_mpi-mt  >&5
/usr/bin/ld: cannot find -lboost_mpi-mt: No such file or directory
collect2: error: ld returned 1 exit status
configure:18601: $? = 1
configure:18586: re-using the existing conftest.o
configure:18592: mpic++ -o conftest -g -O2  -P    -L/libx32 conftest.o -lboost_mpi-mt  >&5
/usr/bin/ld: cannot find -lboost_mpi-mt: No such file or directory
collect2: error: ld returned 1 exit status
configure:18601: $? = 1
configure:18586: re-using the existing conftest.o
configure:18592: mpic++ -o conftest -g -O2  -P    conftest.o -lboost_mpi  >&5
configure:18601: $? = 0
configure:18716: result: yes
configure:18757: checking for boost/serialization/base_object.hpp
configure:18757: mpic++ -c -g -O2  -P   conftest.cpp >&5
configure:18757: $? = 0
configure:18757: result: yes
configure:18777: checking for the Boost serialization library
configure:18820: mpic++ -c -g -O2  -P   conftest.cpp >&5
configure:18820: $? = 0
configure:18876: re-using the existing conftest.o
configure:18882: mpic++ -o conftest -g -O2  -P    conftest.o -lboost_serialization--mt-1_74  >&5
/usr/bin/ld: cannot find -lboost_serialization--mt-1_74: No such file or directory
collect2: error: ld returned 1 exit status
configure:18891: $? = 1
configure:18876: re-using the existing conftest.o
configure:18882: mpic++ -o conftest -g -O2  -P    -L/usr/local/lib conftest.o -lboost_serialization--mt-1_74  >&5
/usr/bin/ld: cannot find -lboost_serialization--mt-1_74: No such file or directory
collect2: error: ld returned 1 exit status
configure:18891: $? = 1
configure:18876: re-using the existing conftest.o
configure:18882: mpic++ -o conftest -g -O2  -P    -L/usr/lib conftest.o -lboost_serialization--mt-1_74  >&5
/usr/bin/ld: cannot find -lboost_serialization--mt-1_74: No such file or directory
collect2: error: ld returned 1 exit status
configure:18891: $? = 1
configure:18876: re-using the existing conftest.o
configure:18882: mpic++ -o conftest -g -O2  -P    -L/usr/lib32 conftest.o -lboost_serialization--mt-1_74  >&5
/usr/bin/ld: cannot find -lboost_serialization--mt-1_74: No such file or directory
collect2: error: ld returned 1 exit status
configure:18891: $? = 1
configure:18876: re-using the existing conftest.o
configure:18882: mpic++ -o conftest -g -O2  -P    -L/usr/lib64 conftest.o -lboost_serialization--mt-1_74  >&5
/usr/bin/ld: cannot find -lboost_serialization--mt-1_74: No such file or directory
collect2: error: ld returned 1 exit status
configure:18891: $? = 1
configure:18876: re-using the existing conftest.o
configure:18882: mpic++ -o conftest -g -O2  -P    -L/usr/libexec conftest.o -lboost_serialization--mt-1_74  >&5
/usr/bin/ld: cannot find -lboost_serialization--mt-1_74: No such file or directory
collect2: error: ld returned 1 exit status
configure:18891: $? = 1
configure:18876: re-using the existing conftest.o
configure:18882: mpic++ -o conftest -g -O2  -P    -L/usr/libx32 conftest.o -lboost_serialization--mt-1_74  >&5
/usr/bin/ld: cannot find -lboost_serialization--mt-1_74: No such file or directory
collect2: error: ld returned 1 exit status
configure:18891: $? = 1
configure:18876: re-using the existing conftest.o
configure:18882: mpic++ -o conftest -g -O2  -P    conftest.o -lboost_serialization--mt-1_74  >&5
/usr/bin/ld: cannot find -lboost_serialization--mt-1_74: No such file or directory
collect2: error: ld returned 1 exit status
configure:18891: $? = 1
configure:18876: re-using the existing conftest.o
configure:18882: mpic++ -o conftest -g -O2  -P    -L/lib conftest.o -lboost_serialization--mt-1_74  >&5
/usr/bin/ld: cannot find -lboost_serialization--mt-1_74: No such file or directory
collect2: error: ld returned 1 exit status
configure:18891: $? = 1
configure:18876: re-using the existing conftest.o
configure:18882: mpic++ -o conftest -g -O2  -P    -L/lib32 conftest.o -lboost_serialization--mt-1_74  >&5
/usr/bin/ld: cannot find -lboost_serialization--mt-1_74: No such file or directory
collect2: error: ld returned 1 exit status
configure:18891: $? = 1
configure:18876: re-using the existing conftest.o
configure:18882: mpic++ -o conftest -g -O2  -P    -L/lib64 conftest.o -lboost_serialization--mt-1_74  >&5
/usr/bin/ld: cannot find -lboost_serialization--mt-1_74: No such file or directory
collect2: error: ld returned 1 exit status
configure:18891: $? = 1
configure:18876: re-using the existing conftest.o
configure:18882: mpic++ -o conftest -g -O2  -P    -L/libx32 conftest.o -lboost_serialization--mt-1_74  >&5
/usr/bin/ld: cannot find -lboost_serialization--mt-1_74: No such file or directory
collect2: error: ld returned 1 exit status
configure:18891: $? = 1
configure:18876: re-using the existing conftest.o
configure:18882: mpic++ -o conftest -g -O2  -P    conftest.o -lboost_serialization--1_74  >&5
/usr/bin/ld: cannot find -lboost_serialization--1_74: No such file or directory
collect2: error: ld returned 1 exit status
configure:18891: $? = 1
configure:18876: re-using the existing conftest.o
configure:18882: mpic++ -o conftest -g -O2  -P    -L/usr/local/lib conftest.o -lboost_serialization--1_74  >&5
/usr/bin/ld: cannot find -lboost_serialization--1_74: No such file or directory
collect2: error: ld returned 1 exit status
configure:18891: $? = 1
configure:18876: re-using the existing conftest.o
configure:18882: mpic++ -o conftest -g -O2  -P    -L/usr/lib conftest.o -lboost_serialization--1_74  >&5
/usr/bin/ld: cannot find -lboost_serialization--1_74: No such file or directory
collect2: error: ld returned 1 exit status
configure:18891: $? = 1
configure:18876: re-using the existing conftest.o
configure:18882: mpic++ -o conftest -g -O2  -P    -L/usr/lib32 conftest.o -lboost_serialization--1_74  >&5
/usr/bin/ld: cannot find -lboost_serialization--1_74: No such file or directory
collect2: error: ld returned 1 exit status
configure:18891: $? = 1
configure:18876: re-using the existing conftest.o
configure:18882: mpic++ -o conftest -g -O2  -P    -L/usr/lib64 conftest.o -lboost_serialization--1_74  >&5
/usr/bin/ld: cannot find -lboost_serialization--1_74: No such file or directory
collect2: error: ld returned 1 exit status
configure:18891: $? = 1
configure:18876: re-using the existing conftest.o
configure:18882: mpic++ -o conftest -g -O2  -P    -L/usr/libexec conftest.o -lboost_serialization--1_74  >&5
/usr/bin/ld: cannot find -lboost_serialization--1_74: No such file or directory
collect2: error: ld returned 1 exit status
configure:18891: $? = 1
configure:18876: re-using the existing conftest.o
configure:18882: mpic++ -o conftest -g -O2  -P    -L/usr/libx32 conftest.o -lboost_serialization--1_74  >&5
/usr/bin/ld: cannot find -lboost_serialization--1_74: No such file or directory
collect2: error: ld returned 1 exit status
configure:18891: $? = 1
configure:18876: re-using the existing conftest.o
configure:18882: mpic++ -o conftest -g -O2  -P    conftest.o -lboost_serialization--1_74  >&5
/usr/bin/ld: cannot find -lboost_serialization--1_74: No such file or directory
collect2: error: ld returned 1 exit status
configure:18891: $? = 1
configure:18876: re-using the existing conftest.o
configure:18882: mpic++ -o conftest -g -O2  -P    -L/lib conftest.o -lboost_serialization--1_74  >&5
/usr/bin/ld: cannot find -lboost_serialization--1_74: No such file or directory
collect2: error: ld returned 1 exit status
configure:18891: $? = 1
configure:18876: re-using the existing conftest.o
configure:18882: mpic++ -o conftest -g -O2  -P    -L/lib32 conftest.o -lboost_serialization--1_74  >&5
/usr/bin/ld: cannot find -lboost_serialization--1_74: No such file or directory
collect2: error: ld returned 1 exit status
configure:18891: $? = 1
configure:18876: re-using the existing conftest.o
configure:18882: mpic++ -o conftest -g -O2  -P    -L/lib64 conftest.o -lboost_serialization--1_74  >&5
/usr/bin/ld: cannot find -lboost_serialization--1_74: No such file or directory
collect2: error: ld returned 1 exit status
configure:18891: $? = 1
configure:18876: re-using the existing conftest.o
configure:18882: mpic++ -o conftest -g -O2  -P    -L/libx32 conftest.o -lboost_serialization--1_74  >&5
/usr/bin/ld: cannot find -lboost_serialization--1_74: No such file or directory
collect2: error: ld returned 1 exit status
configure:18891: $? = 1
configure:18876: re-using the existing conftest.o
configure:18882: mpic++ -o conftest -g -O2  -P    conftest.o -lboost_serialization--mt-d-1_74  >&5
/usr/bin/ld: cannot find -lboost_serialization--mt-d-1_74: No such file or directory
collect2: error: ld returned 1 exit status
configure:18891: $? = 1
configure:18876: re-using the existing conftest.o
configure:18882: mpic++ -o conftest -g -O2  -P    -L/usr/local/lib conftest.o -lboost_serialization--mt-d-1_74  >&5
/usr/bin/ld: cannot find -lboost_serialization--mt-d-1_74: No such file or directory
collect2: error: ld returned 1 exit status
configure:18891: $? = 1
configure:18876: re-using the existing conftest.o
configure:18882: mpic++ -o conftest -g -O2  -P    -L/usr/lib conftest.o -lboost_serialization--mt-d-1_74  >&5
/usr/bin/ld: cannot find -lboost_serialization--mt-d-1_74: No such file or directory
collect2: error: ld returned 1 exit status
configure:18891: $? = 1
configure:18876: re-using the existing conftest.o
configure:18882: mpic++ -o conftest -g -O2  -P    -L/usr/lib32 conftest.o -lboost_serialization--mt-d-1_74  >&5
/usr/bin/ld: cannot find -lboost_serialization--mt-d-1_74: No such file or directory
collect2: error: ld returned 1 exit status
configure:18891: $? = 1
configure:18876: re-using the existing conftest.o
configure:18882: mpic++ -o conftest -g -O2  -P    -L/usr/lib64 conftest.o -lboost_serialization--mt-d-1_74  >&5
/usr/bin/ld: cannot find -lboost_serialization--mt-d-1_74: No such file or directory
collect2: error: ld returned 1 exit status
configure:18891: $? = 1
configure:18876: re-using the existing conftest.o
configure:18882: mpic++ -o conftest -g -O2  -P    -L/usr/libexec conftest.o -lboost_serialization--mt-d-1_74  >&5
/usr/bin/ld: cannot find -lboost_serialization--mt-d-1_74: No such file or directory
collect2: error: ld returned 1 exit status
configure:18891: $? = 1
configure:18876: re-using the existing conftest.o
configure:18882: mpic++ -o conftest -g -O2  -P    -L/usr/libx32 conftest.o -lboost_serialization--mt-d-1_74  >&5
/usr/bin/ld: cannot find -lboost_serialization--mt-d-1_74: No such file or directory
collect2: error: ld returned 1 exit status
configure:18891: $? = 1
configure:18876: re-using the existing conftest.o
configure:18882: mpic++ -o conftest -g -O2  -P    conftest.o -lboost_serialization--mt-d-1_74  >&5
/usr/bin/ld: cannot find -lboost_serialization--mt-d-1_74: No such file or directory
collect2: error: ld returned 1 exit status
configure:18891: $? = 1
configure:18876: re-using the existing conftest.o
configure:18882: mpic++ -o conftest -g -O2  -P    -L/lib conftest.o -lboost_serialization--mt-d-1_74  >&5
/usr/bin/ld: cannot find -lboost_serialization--mt-d-1_74: No such file or directory
collect2: error: ld returned 1 exit status
configure:18891: $? = 1
configure:18876: re-using the existing conftest.o
configure:18882: mpic++ -o conftest -g -O2  -P    -L/lib32 conftest.o -lboost_serialization--mt-d-1_74  >&5
/usr/bin/ld: cannot find -lboost_serialization--mt-d-1_74: No such file or directory
collect2: error: ld returned 1 exit status
configure:18891: $? = 1
configure:18876: re-using the existing conftest.o
configure:18882: mpic++ -o conftest -g -O2  -P    -L/lib64 conftest.o -lboost_serialization--mt-d-1_74  >&5
/usr/bin/ld: cannot find -lboost_serialization--mt-d-1_74: No such file or directory
collect2: error: ld returned 1 exit status
configure:18891: $? = 1
configure:18876: re-using the existing conftest.o
configure:18882: mpic++ -o conftest -g -O2  -P    -L/libx32 conftest.o -lboost_serialization--mt-d-1_74  >&5
/usr/bin/ld: cannot find -lboost_serialization--mt-d-1_74: No such file or directory
collect2: error: ld returned 1 exit status
configure:18891: $? = 1
configure:18876: re-using the existing conftest.o
configure:18882: mpic++ -o conftest -g -O2  -P    conftest.o -lboost_serialization--d-1_74  >&5
/usr/bin/ld: cannot find -lboost_serialization--d-1_74: No such file or directory
collect2: error: ld returned 1 exit status
configure:18891: $? = 1
configure:18876: re-using the existing conftest.o
configure:18882: mpic++ -o conftest -g -O2  -P    -L/usr/local/lib conftest.o -lboost_serialization--d-1_74  >&5
/usr/bin/ld: cannot find -lboost_serialization--d-1_74: No such file or directory
collect2: error: ld returned 1 exit status
configure:18891: $? = 1
configure:18876: re-using the existing conftest.o
configure:18882: mpic++ -o conftest -g -O2  -P    -L/usr/lib conftest.o -lboost_serialization--d-1_74  >&5
/usr/bin/ld: cannot find -lboost_serialization--d-1_74: No such file or directory
collect2: error: ld returned 1 exit status
configure:18891: $? = 1
configure:18876: re-using the existing conftest.o
configure:18882: mpic++ -o conftest -g -O2  -P    -L/usr/lib32 conftest.o -lboost_serialization--d-1_74  >&5
/usr/bin/ld: cannot find -lboost_serialization--d-1_74: No such file or directory
collect2: error: ld returned 1 exit status
configure:18891: $? = 1
configure:18876: re-using the existing conftest.o
configure:18882: mpic++ -o conftest -g -O2  -P    -L/usr/lib64 conftest.o -lboost_serialization--d-1_74  >&5
/usr/bin/ld: cannot find -lboost_serialization--d-1_74: No such file or directory
collect2: error: ld returned 1 exit status
configure:18891: $? = 1
configure:18876: re-using the existing conftest.o
configure:18882: mpic++ -o conftest -g -O2  -P    -L/usr/libexec conftest.o -lboost_serialization--d-1_74  >&5
/usr/bin/ld: cannot find -lboost_serialization--d-1_74: No such file or directory
collect2: error: ld returned 1 exit status
configure:18891: $? = 1
configure:18876: re-using the existing conftest.o
configure:18882: mpic++ -o conftest -g -O2  -P    -L/usr/libx32 conftest.o -lboost_serialization--d-1_74  >&5
/usr/bin/ld: cannot find -lboost_serialization--d-1_74: No such file or directory
collect2: error: ld returned 1 exit status
configure:18891: $? = 1
configure:18876: re-using the existing conftest.o
configure:18882: mpic++ -o conftest -g -O2  -P    conftest.o -lboost_serialization--d-1_74  >&5
/usr/bin/ld: cannot find -lboost_serialization--d-1_74: No such file or directory
collect2: error: ld returned 1 exit status
configure:18891: $? = 1
configure:18876: re-using the existing conftest.o
configure:18882: mpic++ -o conftest -g -O2  -P    -L/lib conftest.o -lboost_serialization--d-1_74  >&5
/usr/bin/ld: cannot find -lboost_serialization--d-1_74: No such file or directory
collect2: error: ld returned 1 exit status
configure:18891: $? = 1
configure:18876: re-using the existing conftest.o
configure:18882: mpic++ -o conftest -g -O2  -P    -L/lib32 conftest.o -lboost_serialization--d-1_74  >&5
/usr/bin/ld: cannot find -lboost_serialization--d-1_74: No such file or directory
collect2: error: ld returned 1 exit status
configure:18891: $? = 1
configure:18876: re-using the existing conftest.o
configure:18882: mpic++ -o conftest -g -O2  -P    -L/lib64 conftest.o -lboost_serialization--d-1_74  >&5
/usr/bin/ld: cannot find -lboost_serialization--d-1_74: No such file or directory
collect2: error: ld returned 1 exit status
configure:18891: $? = 1
configure:18876: re-using the existing conftest.o
configure:18882: mpic++ -o conftest -g -O2  -P    -L/libx32 conftest.o -lboost_serialization--d-1_74  >&5
/usr/bin/ld: cannot find -lboost_serialization--d-1_74: No such file or directory
collect2: error: ld returned 1 exit status
configure:18891: $? = 1
configure:18876: re-using the existing conftest.o
configure:18882: mpic++ -o conftest -g -O2  -P    conftest.o -lboost_serialization--mt  >&5
/usr/bin/ld: cannot find -lboost_serialization--mt: No such file or directory
collect2: error: ld returned 1 exit status
configure:18891: $? = 1
configure:18876: re-using the existing conftest.o
configure:18882: mpic++ -o conftest -g -O2  -P    -L/usr/local/lib conftest.o -lboost_serialization--mt  >&5
/usr/bin/ld: cannot find -lboost_serialization--mt: No such file or directory
collect2: error: ld returned 1 exit status
configure:18891: $? = 1
configure:18876: re-using the existing conftest.o
configure:18882: mpic++ -o conftest -g -O2  -P    -L/usr/lib conftest.o -lboost_serialization--mt  >&5
/usr/bin/ld: cannot find -lboost_serialization--mt: No such file or directory
collect2: error: ld returned 1 exit status
configure:18891: $? = 1
configure:18876: re-using the existing conftest.o
configure:18882: mpic++ -o conftest -g -O2  -P    -L/usr/lib32 conftest.o -lboost_serialization--mt  >&5
/usr/bin/ld: cannot find -lboost_serialization--mt: No such file or directory
collect2: error: ld returned 1 exit status
configure:18891: $? = 1
configure:18876: re-using the existing conftest.o
configure:18882: mpic++ -o conftest -g -O2  -P    -L/usr/lib64 conftest.o -lboost_serialization--mt  >&5
/usr/bin/ld: cannot find -lboost_serialization--mt: No such file or directory
collect2: error: ld returned 1 exit status
configure:18891: $? = 1
configure:18876: re-using the existing conftest.o
configure:18882: mpic++ -o conftest -g -O2  -P    -L/usr/libexec conftest.o -lboost_serialization--mt  >&5
/usr/bin/ld: cannot find -lboost_serialization--mt: No such file or directory
collect2: error: ld returned 1 exit status
configure:18891: $? = 1
configure:18876: re-using the existing conftest.o
configure:18882: mpic++ -o conftest -g -O2  -P    -L/usr/libx32 conftest.o -lboost_serialization--mt  >&5
/usr/bin/ld: cannot find -lboost_serialization--mt: No such file or directory
collect2: error: ld returned 1 exit status
configure:18891: $? = 1
configure:18876: re-using the existing conftest.o
configure:18882: mpic++ -o conftest -g -O2  -P    conftest.o -lboost_serialization--mt  >&5
/usr/bin/ld: cannot find -lboost_serialization--mt: No such file or directory
collect2: error: ld returned 1 exit status
configure:18891: $? = 1
configure:18876: re-using the existing conftest.o
configure:18882: mpic++ -o conftest -g -O2  -P    -L/lib conftest.o -lboost_serialization--mt  >&5
/usr/bin/ld: cannot find -lboost_serialization--mt: No such file or directory
collect2: error: ld returned 1 exit status
configure:18891: $? = 1
configure:18876: re-using the existing conftest.o
configure:18882: mpic++ -o conftest -g -O2  -P    -L/lib32 conftest.o -lboost_serialization--mt  >&5
/usr/bin/ld: cannot find -lboost_serialization--mt: No such file or directory
collect2: error: ld returned 1 exit status
configure:18891: $? = 1
configure:18876: re-using the existing conftest.o
configure:18882: mpic++ -o conftest -g -O2  -P    -L/lib64 conftest.o -lboost_serialization--mt  >&5
/usr/bin/ld: cannot find -lboost_serialization--mt: No such file or directory
collect2: error: ld returned 1 exit status
configure:18891: $? = 1
configure:18876: re-using the existing conftest.o
configure:18882: mpic++ -o conftest -g -O2  -P    -L/libx32 conftest.o -lboost_serialization--mt  >&5
/usr/bin/ld: cannot find -lboost_serialization--mt: No such file or directory
collect2: error: ld returned 1 exit status
configure:18891: $? = 1
configure:18876: re-using the existing conftest.o
configure:18882: mpic++ -o conftest -g -O2  -P    conftest.o -lboost_serialization-  >&5
/usr/bin/ld: cannot find -lboost_serialization-: No such file or directory
collect2: error: ld returned 1 exit status
configure:18891: $? = 1
configure:18876: re-using the existing conftest.o
configure:18882: mpic++ -o conftest -g -O2  -P    -L/usr/local/lib conftest.o -lboost_serialization-  >&5
/usr/bin/ld: cannot find -lboost_serialization-: No such file or directory
collect2: error: ld returned 1 exit status
configure:18891: $? = 1
configure:18876: re-using the existing conftest.o
configure:18882: mpic++ -o conftest -g -O2  -P    -L/usr/lib conftest.o -lboost_serialization-  >&5
/usr/bin/ld: cannot find -lboost_serialization-: No such file or directory
collect2: error: ld returned 1 exit status
configure:18891: $? = 1
configure:18876: re-using the existing conftest.o
configure:18882: mpic++ -o conftest -g -O2  -P    -L/usr/lib32 conftest.o -lboost_serialization-  >&5
/usr/bin/ld: cannot find -lboost_serialization-: No such file or directory
collect2: error: ld returned 1 exit status
configure:18891: $? = 1
configure:18876: re-using the existing conftest.o
configure:18882: mpic++ -o conftest -g -O2  -P    -L/usr/lib64 conftest.o -lboost_serialization-  >&5
/usr/bin/ld: cannot find -lboost_serialization-: No such file or directory
collect2: error: ld returned 1 exit status
configure:18891: $? = 1
configure:18876: re-using the existing conftest.o
configure:18882: mpic++ -o conftest -g -O2  -P    -L/usr/libexec conftest.o -lboost_serialization-  >&5
/usr/bin/ld: cannot find -lboost_serialization-: No such file or directory
collect2: error: ld returned 1 exit status
configure:18891: $? = 1
configure:18876: re-using the existing conftest.o
configure:18882: mpic++ -o conftest -g -O2  -P    -L/usr/libx32 conftest.o -lboost_serialization-  >&5
/usr/bin/ld: cannot find -lboost_serialization-: No such file or directory
collect2: error: ld returned 1 exit status
configure:18891: $? = 1
configure:18876: re-using the existing conftest.o
configure:18882: mpic++ -o conftest -g -O2  -P    conftest.o -lboost_serialization-  >&5
/usr/bin/ld: cannot find -lboost_serialization-: No such file or directory
collect2: error: ld returned 1 exit status
configure:18891: $? = 1
configure:18876: re-using the existing conftest.o
configure:18882: mpic++ -o conftest -g -O2  -P    -L/lib conftest.o -lboost_serialization-  >&5
/usr/bin/ld: cannot find -lboost_serialization-: No such file or directory
collect2: error: ld returned 1 exit status
configure:18891: $? = 1
configure:18876: re-using the existing conftest.o
configure:18882: mpic++ -o conftest -g -O2  -P    -L/lib32 conftest.o -lboost_serialization-  >&5
/usr/bin/ld: cannot find -lboost_serialization-: No such file or directory
collect2: error: ld returned 1 exit status
configure:18891: $? = 1
configure:18876: re-using the existing conftest.o
configure:18882: mpic++ -o conftest -g -O2  -P    -L/lib64 conftest.o -lboost_serialization-  >&5
/usr/bin/ld: cannot find -lboost_serialization-: No such file or directory
collect2: error: ld returned 1 exit status
configure:18891: $? = 1
configure:18876: re-using the existing conftest.o
configure:18882: mpic++ -o conftest -g -O2  -P    -L/libx32 conftest.o -lboost_serialization-  >&5
/usr/bin/ld: cannot find -lboost_serialization-: No such file or directory
collect2: error: ld returned 1 exit status
configure:18891: $? = 1
configure:18876: re-using the existing conftest.o
configure:18882: mpic++ -o conftest -g -O2  -P    conftest.o -lboost_serialization--mt-d  >&5
/usr/bin/ld: cannot find -lboost_serialization--mt-d: No such file or directory
collect2: error: ld returned 1 exit status
configure:18891: $? = 1
configure:18876: re-using the existing conftest.o
configure:18882: mpic++ -o conftest -g -O2  -P    -L/usr/local/lib conftest.o -lboost_serialization--mt-d  >&5
/usr/bin/ld: cannot find -lboost_serialization--mt-d: No such file or directory
collect2: error: ld returned 1 exit status
configure:18891: $? = 1
configure:18876: re-using the existing conftest.o
configure:18882: mpic++ -o conftest -g -O2  -P    -L/usr/lib conftest.o -lboost_serialization--mt-d  >&5
/usr/bin/ld: cannot find -lboost_serialization--mt-d: No such file or directory
collect2: error: ld returned 1 exit status
configure:18891: $? = 1
configure:18876: re-using the existing conftest.o
configure:18882: mpic++ -o conftest -g -O2  -P    -L/usr/lib32 conftest.o -lboost_serialization--mt-d  >&5
/usr/bin/ld: cannot find -lboost_serialization--mt-d: No such file or directory
collect2: error: ld returned 1 exit status
configure:18891: $? = 1
configure:18876: re-using the existing conftest.o
configure:18882: mpic++ -o conftest -g -O2  -P    -L/usr/lib64 conftest.o -lboost_serialization--mt-d  >&5
/usr/bin/ld: cannot find -lboost_serialization--mt-d: No such file or directory
collect2: error: ld returned 1 exit status
configure:18891: $? = 1
configure:18876: re-using the existing conftest.o
configure:18882: mpic++ -o conftest -g -O2  -P    -L/usr/libexec conftest.o -lboost_serialization--mt-d  >&5
/usr/bin/ld: cannot find -lboost_serialization--mt-d: No such file or directory
collect2: error: ld returned 1 exit status
configure:18891: $? = 1
configure:18876: re-using the existing conftest.o
configure:18882: mpic++ -o conftest -g -O2  -P    -L/usr/libx32 conftest.o -lboost_serialization--mt-d  >&5
/usr/bin/ld: cannot find -lboost_serialization--mt-d: No such file or directory
collect2: error: ld returned 1 exit status
configure:18891: $? = 1
configure:18876: re-using the existing conftest.o
configure:18882: mpic++ -o conftest -g -O2  -P    conftest.o -lboost_serialization--mt-d  >&5
/usr/bin/ld: cannot find -lboost_serialization--mt-d: No such file or directory
collect2: error: ld returned 1 exit status
configure:18891: $? = 1
configure:18876: re-using the existing conftest.o
configure:18882: mpic++ -o conftest -g -O2  -P    -L/lib conftest.o -lboost_serialization--mt-d  >&5
/usr/bin/ld: cannot find -lboost_serialization--mt-d: No such file or directory
collect2: error: ld returned 1 exit status
configure:18891: $? = 1
configure:18876: re-using the existing conftest.o
configure:18882: mpic++ -o conftest -g -O2  -P    -L/lib32 conftest.o -lboost_serialization--mt-d  >&5
/usr/bin/ld: cannot find -lboost_serialization--mt-d: No such file or directory
collect2: error: ld returned 1 exit status
configure:18891: $? = 1
configure:18876: re-using the existing conftest.o
configure:18882: mpic++ -o conftest -g -O2  -P    -L/lib64 conftest.o -lboost_serialization--mt-d  >&5
/usr/bin/ld: cannot find -lboost_serialization--mt-d: No such file or directory
collect2: error: ld returned 1 exit status
configure:18891: $? = 1
configure:18876: re-using the existing conftest.o
configure:18882: mpic++ -o conftest -g -O2  -P    -L/libx32 conftest.o -lboost_serialization--mt-d  >&5
/usr/bin/ld: cannot find -lboost_serialization--mt-d: No such file or directory
collect2: error: ld returned 1 exit status
configure:18891: $? = 1
configure:18876: re-using the existing conftest.o
configure:18882: mpic++ -o conftest -g -O2  -P    conftest.o -lboost_serialization--d  >&5
/usr/bin/ld: cannot find -lboost_serialization--d: No such file or directory
collect2: error: ld returned 1 exit status
configure:18891: $? = 1
configure:18876: re-using the existing conftest.o
configure:18882: mpic++ -o conftest -g -O2  -P    -L/usr/local/lib conftest.o -lboost_serialization--d  >&5
/usr/bin/ld: cannot find -lboost_serialization--d: No such file or directory
collect2: error: ld returned 1 exit status
configure:18891: $? = 1
configure:18876: re-using the existing conftest.o
configure:18882: mpic++ -o conftest -g -O2  -P    -L/usr/lib conftest.o -lboost_serialization--d  >&5
/usr/bin/ld: cannot find -lboost_serialization--d: No such file or directory
collect2: error: ld returned 1 exit status
configure:18891: $? = 1
configure:18876: re-using the existing conftest.o
configure:18882: mpic++ -o conftest -g -O2  -P    -L/usr/lib32 conftest.o -lboost_serialization--d  >&5
/usr/bin/ld: cannot find -lboost_serialization--d: No such file or directory
collect2: error: ld returned 1 exit status
configure:18891: $? = 1
configure:18876: re-using the existing conftest.o
configure:18882: mpic++ -o conftest -g -O2  -P    -L/usr/lib64 conftest.o -lboost_serialization--d  >&5
/usr/bin/ld: cannot find -lboost_serialization--d: No such file or directory
collect2: error: ld returned 1 exit status
configure:18891: $? = 1
configure:18876: re-using the existing conftest.o
configure:18882: mpic++ -o conftest -g -O2  -P    -L/usr/libexec conftest.o -lboost_serialization--d  >&5
/usr/bin/ld: cannot find -lboost_serialization--d: No such file or directory
collect2: error: ld returned 1 exit status
configure:18891: $? = 1
configure:18876: re-using the existing conftest.o
configure:18882: mpic++ -o conftest -g -O2  -P    -L/usr/libx32 conftest.o -lboost_serialization--d  >&5
/usr/bin/ld: cannot find -lboost_serialization--d: No such file or directory
collect2: error: ld returned 1 exit status
configure:18891: $? = 1
configure:18876: re-using the existing conftest.o
configure:18882: mpic++ -o conftest -g -O2  -P    conftest.o -lboost_serialization--d  >&5
/usr/bin/ld: cannot find -lboost_serialization--d: No such file or directory
collect2: error: ld returned 1 exit status
configure:18891: $? = 1
configure:18876: re-using the existing conftest.o
configure:18882: mpic++ -o conftest -g -O2  -P    -L/lib conftest.o -lboost_serialization--d  >&5
/usr/bin/ld: cannot find -lboost_serialization--d: No such file or directory
collect2: error: ld returned 1 exit status
configure:18891: $? = 1
configure:18876: re-using the existing conftest.o
configure:18882: mpic++ -o conftest -g -O2  -P    -L/lib32 conftest.o -lboost_serialization--d  >&5
/usr/bin/ld: cannot find -lboost_serialization--d: No such file or directory
collect2: error: ld returned 1 exit status
configure:18891: $? = 1
configure:18876: re-using the existing conftest.o
configure:18882: mpic++ -o conftest -g -O2  -P    -L/lib64 conftest.o -lboost_serialization--d  >&5
/usr/bin/ld: cannot find -lboost_serialization--d: No such file or directory
collect2: error: ld returned 1 exit status
configure:18891: $? = 1
configure:18876: re-using the existing conftest.o
configure:18882: mpic++ -o conftest -g -O2  -P    -L/libx32 conftest.o -lboost_serialization--d  >&5
/usr/bin/ld: cannot find -lboost_serialization--d: No such file or directory
collect2: error: ld returned 1 exit status
configure:18891: $? = 1
configure:18876: re-using the existing conftest.o
configure:18882: mpic++ -o conftest -g -O2  -P    conftest.o -lboost_serialization-mt-1_74  >&5
/usr/bin/ld: cannot find -lboost_serialization-mt-1_74: No such file or directory
collect2: error: ld returned 1 exit status
configure:18891: $? = 1
configure:18876: re-using the existing conftest.o
configure:18882: mpic++ -o conftest -g -O2  -P    -L/usr/local/lib conftest.o -lboost_serialization-mt-1_74  >&5
/usr/bin/ld: cannot find -lboost_serialization-mt-1_74: No such file or directory
collect2: error: ld returned 1 exit status
configure:18891: $? = 1
configure:18876: re-using the existing conftest.o
configure:18882: mpic++ -o conftest -g -O2  -P    -L/usr/lib conftest.o -lboost_serialization-mt-1_74  >&5
/usr/bin/ld: cannot find -lboost_serialization-mt-1_74: No such file or directory
collect2: error: ld returned 1 exit status
configure:18891: $? = 1
configure:18876: re-using the existing conftest.o
configure:18882: mpic++ -o conftest -g -O2  -P    -L/usr/lib32 conftest.o -lboost_serialization-mt-1_74  >&5
/usr/bin/ld: cannot find -lboost_serialization-mt-1_74: No such file or directory
collect2: error: ld returned 1 exit status
configure:18891: $? = 1
configure:18876: re-using the existing conftest.o
configure:18882: mpic++ -o conftest -g -O2  -P    -L/usr/lib64 conftest.o -lboost_serialization-mt-1_74  >&5
/usr/bin/ld: cannot find -lboost_serialization-mt-1_74: No such file or directory
collect2: error: ld returned 1 exit status
configure:18891: $? = 1
configure:18876: re-using the existing conftest.o
configure:18882: mpic++ -o conftest -g -O2  -P    -L/usr/libexec conftest.o -lboost_serialization-mt-1_74  >&5
/usr/bin/ld: cannot find -lboost_serialization-mt-1_74: No such file or directory
collect2: error: ld returned 1 exit status
configure:18891: $? = 1
configure:18876: re-using the existing conftest.o
configure:18882: mpic++ -o conftest -g -O2  -P    -L/usr/libx32 conftest.o -lboost_serialization-mt-1_74  >&5
/usr/bin/ld: cannot find -lboost_serialization-mt-1_74: No such file or directory
collect2: error: ld returned 1 exit status
configure:18891: $? = 1
configure:18876: re-using the existing conftest.o
configure:18882: mpic++ -o conftest -g -O2  -P    conftest.o -lboost_serialization-mt-1_74  >&5
/usr/bin/ld: cannot find -lboost_serialization-mt-1_74: No such file or directory
collect2: error: ld returned 1 exit status
configure:18891: $? = 1
configure:18876: re-using the existing conftest.o
configure:18882: mpic++ -o conftest -g -O2  -P    -L/lib conftest.o -lboost_serialization-mt-1_74  >&5
/usr/bin/ld: cannot find -lboost_serialization-mt-1_74: No such file or directory
collect2: error: ld returned 1 exit status
configure:18891: $? = 1
configure:18876: re-using the existing conftest.o
configure:18882: mpic++ -o conftest -g -O2  -P    -L/lib32 conftest.o -lboost_serialization-mt-1_74  >&5
/usr/bin/ld: cannot find -lboost_serialization-mt-1_74: No such file or directory
collect2: error: ld returned 1 exit status
configure:18891: $? = 1
configure:18876: re-using the existing conftest.o
configure:18882: mpic++ -o conftest -g -O2  -P    -L/lib64 conftest.o -lboost_serialization-mt-1_74  >&5
/usr/bin/ld: cannot find -lboost_serialization-mt-1_74: No such file or directory
collect2: error: ld returned 1 exit status
configure:18891: $? = 1
configure:18876: re-using the existing conftest.o
configure:18882: mpic++ -o conftest -g -O2  -P    -L/libx32 conftest.o -lboost_serialization-mt-1_74  >&5
/usr/bin/ld: cannot find -lboost_serialization-mt-1_74: No such file or directory
collect2: error: ld returned 1 exit status
configure:18891: $? = 1
configure:18876: re-using the existing conftest.o
configure:18882: mpic++ -o conftest -g -O2  -P    conftest.o -lboost_serialization-1_74  >&5
/usr/bin/ld: cannot find -lboost_serialization-1_74: No such file or directory
collect2: error: ld returned 1 exit status
configure:18891: $? = 1
configure:18876: re-using the existing conftest.o
configure:18882: mpic++ -o conftest -g -O2  -P    -L/usr/local/lib conftest.o -lboost_serialization-1_74  >&5
/usr/bin/ld: cannot find -lboost_serialization-1_74: No such file or directory
collect2: error: ld returned 1 exit status
configure:18891: $? = 1
configure:18876: re-using the existing conftest.o
configure:18882: mpic++ -o conftest -g -O2  -P    -L/usr/lib conftest.o -lboost_serialization-1_74  >&5
/usr/bin/ld: cannot find -lboost_serialization-1_74: No such file or directory
collect2: error: ld returned 1 exit status
configure:18891: $? = 1
configure:18876: re-using the existing conftest.o
configure:18882: mpic++ -o conftest -g -O2  -P    -L/usr/lib32 conftest.o -lboost_serialization-1_74  >&5
/usr/bin/ld: cannot find -lboost_serialization-1_74: No such file or directory
collect2: error: ld returned 1 exit status
configure:18891: $? = 1
configure:18876: re-using the existing conftest.o
configure:18882: mpic++ -o conftest -g -O2  -P    -L/usr/lib64 conftest.o -lboost_serialization-1_74  >&5
/usr/bin/ld: cannot find -lboost_serialization-1_74: No such file or directory
collect2: error: ld returned 1 exit status
configure:18891: $? = 1
configure:18876: re-using the existing conftest.o
configure:18882: mpic++ -o conftest -g -O2  -P    -L/usr/libexec conftest.o -lboost_serialization-1_74  >&5
/usr/bin/ld: cannot find -lboost_serialization-1_74: No such file or directory
collect2: error: ld returned 1 exit status
configure:18891: $? = 1
configure:18876: re-using the existing conftest.o
configure:18882: mpic++ -o conftest -g -O2  -P    -L/usr/libx32 conftest.o -lboost_serialization-1_74  >&5
/usr/bin/ld: cannot find -lboost_serialization-1_74: No such file or directory
collect2: error: ld returned 1 exit status
configure:18891: $? = 1
configure:18876: re-using the existing conftest.o
configure:18882: mpic++ -o conftest -g -O2  -P    conftest.o -lboost_serialization-1_74  >&5
/usr/bin/ld: cannot find -lboost_serialization-1_74: No such file or directory
collect2: error: ld returned 1 exit status
configure:18891: $? = 1
configure:18876: re-using the existing conftest.o
configure:18882: mpic++ -o conftest -g -O2  -P    -L/lib conftest.o -lboost_serialization-1_74  >&5
/usr/bin/ld: cannot find -lboost_serialization-1_74: No such file or directory
collect2: error: ld returned 1 exit status
configure:18891: $? = 1
configure:18876: re-using the existing conftest.o
configure:18882: mpic++ -o conftest -g -O2  -P    -L/lib32 conftest.o -lboost_serialization-1_74  >&5
/usr/bin/ld: cannot find -lboost_serialization-1_74: No such file or directory
collect2: error: ld returned 1 exit status
configure:18891: $? = 1
configure:18876: re-using the existing conftest.o
configure:18882: mpic++ -o conftest -g -O2  -P    -L/lib64 conftest.o -lboost_serialization-1_74  >&5
/usr/bin/ld: cannot find -lboost_serialization-1_74: No such file or directory
collect2: error: ld returned 1 exit status
configure:18891: $? = 1
configure:18876: re-using the existing conftest.o
configure:18882: mpic++ -o conftest -g -O2  -P    -L/libx32 conftest.o -lboost_serialization-1_74  >&5
/usr/bin/ld: cannot find -lboost_serialization-1_74: No such file or directory
collect2: error: ld returned 1 exit status
configure:18891: $? = 1
configure:18876: re-using the existing conftest.o
configure:18882: mpic++ -o conftest -g -O2  -P    conftest.o -lboost_serialization-mt-d-1_74  >&5
/usr/bin/ld: cannot find -lboost_serialization-mt-d-1_74: No such file or directory
collect2: error: ld returned 1 exit status
configure:18891: $? = 1
configure:18876: re-using the existing conftest.o
configure:18882: mpic++ -o conftest -g -O2  -P    -L/usr/local/lib conftest.o -lboost_serialization-mt-d-1_74  >&5
/usr/bin/ld: cannot find -lboost_serialization-mt-d-1_74: No such file or directory
collect2: error: ld returned 1 exit status
configure:18891: $? = 1
configure:18876: re-using the existing conftest.o
configure:18882: mpic++ -o conftest -g -O2  -P    -L/usr/lib conftest.o -lboost_serialization-mt-d-1_74  >&5
/usr/bin/ld: cannot find -lboost_serialization-mt-d-1_74: No such file or directory
collect2: error: ld returned 1 exit status
configure:18891: $? = 1
configure:18876: re-using the existing conftest.o
configure:18882: mpic++ -o conftest -g -O2  -P    -L/usr/lib32 conftest.o -lboost_serialization-mt-d-1_74  >&5
/usr/bin/ld: cannot find -lboost_serialization-mt-d-1_74: No such file or directory
collect2: error: ld returned 1 exit status
configure:18891: $? = 1
configure:18876: re-using the existing conftest.o
configure:18882: mpic++ -o conftest -g -O2  -P    -L/usr/lib64 conftest.o -lboost_serialization-mt-d-1_74  >&5
/usr/bin/ld: cannot find -lboost_serialization-mt-d-1_74: No such file or directory
collect2: error: ld returned 1 exit status
configure:18891: $? = 1
configure:18876: re-using the existing conftest.o
configure:18882: mpic++ -o conftest -g -O2  -P    -L/usr/libexec conftest.o -lboost_serialization-mt-d-1_74  >&5
/usr/bin/ld: cannot find -lboost_serialization-mt-d-1_74: No such file or directory
collect2: error: ld returned 1 exit status
configure:18891: $? = 1
configure:18876: re-using the existing conftest.o
configure:18882: mpic++ -o conftest -g -O2  -P    -L/usr/libx32 conftest.o -lboost_serialization-mt-d-1_74  >&5
/usr/bin/ld: cannot find -lboost_serialization-mt-d-1_74: No such file or directory
collect2: error: ld returned 1 exit status
configure:18891: $? = 1
configure:18876: re-using the existing conftest.o
configure:18882: mpic++ -o conftest -g -O2  -P    conftest.o -lboost_serialization-mt-d-1_74  >&5
/usr/bin/ld: cannot find -lboost_serialization-mt-d-1_74: No such file or directory
collect2: error: ld returned 1 exit status
configure:18891: $? = 1
configure:18876: re-using the existing conftest.o
configure:18882: mpic++ -o conftest -g -O2  -P    -L/lib conftest.o -lboost_serialization-mt-d-1_74  >&5
/usr/bin/ld: cannot find -lboost_serialization-mt-d-1_74: No such file or directory
collect2: error: ld returned 1 exit status
configure:18891: $? = 1
configure:18876: re-using the existing conftest.o
configure:18882: mpic++ -o conftest -g -O2  -P    -L/lib32 conftest.o -lboost_serialization-mt-d-1_74  >&5
/usr/bin/ld: cannot find -lboost_serialization-mt-d-1_74: No such file or directory
collect2: error: ld returned 1 exit status
configure:18891: $? = 1
configure:18876: re-using the existing conftest.o
configure:18882: mpic++ -o conftest -g -O2  -P    -L/lib64 conftest.o -lboost_serialization-mt-d-1_74  >&5
/usr/bin/ld: cannot find -lboost_serialization-mt-d-1_74: No such file or directory
collect2: error: ld returned 1 exit status
configure:18891: $? = 1
configure:18876: re-using the existing conftest.o
configure:18882: mpic++ -o conftest -g -O2  -P    -L/libx32 conftest.o -lboost_serialization-mt-d-1_74  >&5
/usr/bin/ld: cannot find -lboost_serialization-mt-d-1_74: No such file or directory
collect2: error: ld returned 1 exit status
configure:18891: $? = 1
configure:18876: re-using the existing conftest.o
configure:18882: mpic++ -o conftest -g -O2  -P    conftest.o -lboost_serialization-d-1_74  >&5
/usr/bin/ld: cannot find -lboost_serialization-d-1_74: No such file or directory
collect2: error: ld returned 1 exit status
configure:18891: $? = 1
configure:18876: re-using the existing conftest.o
configure:18882: mpic++ -o conftest -g -O2  -P    -L/usr/local/lib conftest.o -lboost_serialization-d-1_74  >&5
/usr/bin/ld: cannot find -lboost_serialization-d-1_74: No such file or directory
collect2: error: ld returned 1 exit status
configure:18891: $? = 1
configure:18876: re-using the existing conftest.o
configure:18882: mpic++ -o conftest -g -O2  -P    -L/usr/lib conftest.o -lboost_serialization-d-1_74  >&5
/usr/bin/ld: cannot find -lboost_serialization-d-1_74: No such file or directory
collect2: error: ld returned 1 exit status
configure:18891: $? = 1
configure:18876: re-using the existing conftest.o
configure:18882: mpic++ -o conftest -g -O2  -P    -L/usr/lib32 conftest.o -lboost_serialization-d-1_74  >&5
/usr/bin/ld: cannot find -lboost_serialization-d-1_74: No such file or directory
collect2: error: ld returned 1 exit status
configure:18891: $? = 1
configure:18876: re-using the existing conftest.o
configure:18882: mpic++ -o conftest -g -O2  -P    -L/usr/lib64 conftest.o -lboost_serialization-d-1_74  >&5
/usr/bin/ld: cannot find -lboost_serialization-d-1_74: No such file or directory
collect2: error: ld returned 1 exit status
configure:18891: $? = 1
configure:18876: re-using the existing conftest.o
configure:18882: mpic++ -o conftest -g -O2  -P    -L/usr/libexec conftest.o -lboost_serialization-d-1_74  >&5
/usr/bin/ld: cannot find -lboost_serialization-d-1_74: No such file or directory
collect2: error: ld returned 1 exit status
configure:18891: $? = 1
configure:18876: re-using the existing conftest.o
configure:18882: mpic++ -o conftest -g -O2  -P    -L/usr/libx32 conftest.o -lboost_serialization-d-1_74  >&5
/usr/bin/ld: cannot find -lboost_serialization-d-1_74: No such file or directory
collect2: error: ld returned 1 exit status
configure:18891: $? = 1
configure:18876: re-using the existing conftest.o
configure:18882: mpic++ -o conftest -g -O2  -P    conftest.o -lboost_serialization-d-1_74  >&5
/usr/bin/ld: cannot find -lboost_serialization-d-1_74: No such file or directory
collect2: error: ld returned 1 exit status
configure:18891: $? = 1
configure:18876: re-using the existing conftest.o
configure:18882: mpic++ -o conftest -g -O2  -P    -L/lib conftest.o -lboost_serialization-d-1_74  >&5
/usr/bin/ld: cannot find -lboost_serialization-d-1_74: No such file or directory
collect2: error: ld returned 1 exit status
configure:18891: $? = 1
configure:18876: re-using the existing conftest.o
configure:18882: mpic++ -o conftest -g -O2  -P    -L/lib32 conftest.o -lboost_serialization-d-1_74  >&5
/usr/bin/ld: cannot find -lboost_serialization-d-1_74: No such file or directory
collect2: error: ld returned 1 exit status
configure:18891: $? = 1
configure:18876: re-using the existing conftest.o
configure:18882: mpic++ -o conftest -g -O2  -P    -L/lib64 conftest.o -lboost_serialization-d-1_74  >&5
/usr/bin/ld: cannot find -lboost_serialization-d-1_74: No such file or directory
collect2: error: ld returned 1 exit status
configure:18891: $? = 1
configure:18876: re-using the existing conftest.o
configure:18882: mpic++ -o conftest -g -O2  -P    -L/libx32 conftest.o -lboost_serialization-d-1_74  >&5
/usr/bin/ld: cannot find -lboost_serialization-d-1_74: No such file or directory
collect2: error: ld returned 1 exit status
configure:18891: $? = 1
configure:18876: re-using the existing conftest.o
configure:18882: mpic++ -o conftest -g -O2  -P    conftest.o -lboost_serialization-mt  >&5
/usr/bin/ld: cannot find -lboost_serialization-mt: No such file or directory
collect2: error: ld returned 1 exit status
configure:18891: $? = 1
configure:18876: re-using the existing conftest.o
configure:18882: mpic++ -o conftest -g -O2  -P    -L/usr/local/lib conftest.o -lboost_serialization-mt  >&5
/usr/bin/ld: cannot find -lboost_serialization-mt: No such file or directory
collect2: error: ld returned 1 exit status
configure:18891: $? = 1
configure:18876: re-using the existing conftest.o
configure:18882: mpic++ -o conftest -g -O2  -P    -L/usr/lib conftest.o -lboost_serialization-mt  >&5
/usr/bin/ld: cannot find -lboost_serialization-mt: No such file or directory
collect2: error: ld returned 1 exit status
configure:18891: $? = 1
configure:18876: re-using the existing conftest.o
configure:18882: mpic++ -o conftest -g -O2  -P    -L/usr/lib32 conftest.o -lboost_serialization-mt  >&5
/usr/bin/ld: cannot find -lboost_serialization-mt: No such file or directory
collect2: error: ld returned 1 exit status
configure:18891: $? = 1
configure:18876: re-using the existing conftest.o
configure:18882: mpic++ -o conftest -g -O2  -P    -L/usr/lib64 conftest.o -lboost_serialization-mt  >&5
/usr/bin/ld: cannot find -lboost_serialization-mt: No such file or directory
collect2: error: ld returned 1 exit status
configure:18891: $? = 1
configure:18876: re-using the existing conftest.o
configure:18882: mpic++ -o conftest -g -O2  -P    -L/usr/libexec conftest.o -lboost_serialization-mt  >&5
/usr/bin/ld: cannot find -lboost_serialization-mt: No such file or directory
collect2: error: ld returned 1 exit status
configure:18891: $? = 1
configure:18876: re-using the existing conftest.o
configure:18882: mpic++ -o conftest -g -O2  -P    -L/usr/libx32 conftest.o -lboost_serialization-mt  >&5
/usr/bin/ld: cannot find -lboost_serialization-mt: No such file or directory
collect2: error: ld returned 1 exit status
configure:18891: $? = 1
configure:18876: re-using the existing conftest.o
configure:18882: mpic++ -o conftest -g -O2  -P    conftest.o -lboost_serialization-mt  >&5
/usr/bin/ld: cannot find -lboost_serialization-mt: No such file or directory
collect2: error: ld returned 1 exit status
configure:18891: $? = 1
configure:18876: re-using the existing conftest.o
configure:18882: mpic++ -o conftest -g -O2  -P    -L/lib conftest.o -lboost_serialization-mt  >&5
/usr/bin/ld: cannot find -lboost_serialization-mt: No such file or directory
collect2: error: ld returned 1 exit status
configure:18891: $? = 1
configure:18876: re-using the existing conftest.o
configure:18882: mpic++ -o conftest -g -O2  -P    -L/lib32 conftest.o -lboost_serialization-mt  >&5
/usr/bin/ld: cannot find -lboost_serialization-mt: No such file or directory
collect2: error: ld returned 1 exit status
configure:18891: $? = 1
configure:18876: re-using the existing conftest.o
configure:18882: mpic++ -o conftest -g -O2  -P    -L/lib64 conftest.o -lboost_serialization-mt  >&5
/usr/bin/ld: cannot find -lboost_serialization-mt: No such file or directory
collect2: error: ld returned 1 exit status
configure:18891: $? = 1
configure:18876: re-using the existing conftest.o
configure:18882: mpic++ -o conftest -g -O2  -P    -L/libx32 conftest.o -lboost_serialization-mt  >&5
/usr/bin/ld: cannot find -lboost_serialization-mt: No such file or directory
collect2: error: ld returned 1 exit status
configure:18891: $? = 1
configure:18876: re-using the existing conftest.o
configure:18882: mpic++ -o conftest -g -O2  -P    conftest.o -lboost_serialization  >&5
configure:18891: $? = 0
configure:19006: result: yes
configure:19080: checking whether ln -s works
configure:19084: result: yes
configure:19091: checking whether make sets $(MAKE)
configure:19114: result: yes
configure:19182: checking for pkg-config
configure:19205: found /usr/bin/pkg-config
configure:19217: result: /usr/bin/pkg-config
configure:19242: checking pkg-config is at least version 0.9.0
configure:19245: result: yes
configure:19257: checking for doxygen
configure:19278: found /usr/bin/doxygen
configure:19289: result: doxygen
configure:19304: checking for pdflatex
configure:19339: result: no
configure:19351: checking for bibtex
configure:19386: result: no
configure:19398: checking for kpsewhich
configure:19433: result: no
configure:19450: checking whether C++ compiler accepts -rdynamic
configure:19470: mpic++ -c -g -O2  -rdynamic  -P  conftest.cpp >&5
configure:19470: $? = 0
configure:19480: result: yes
configure:19498: : LDFLAGS="$LDFLAGS"
configure:19501: $? = 0
configure:20039: checking whether C++ compiler accepts -DGYOTO_NO_DEPRECATED
configure:20059: mpic++ -c -g -O2  -DGYOTO_NO_DEPRECATED  -P  conftest.cpp >&5
configure:20059: $? = 0
configure:20069: result: yes
configure:20087: : CPPFLAGS="$CPPFLAGS"
configure:20090: $? = 0
configure:20140: checking for dlopen in -ldl
configure:20162: mpic++ -o conftest -g -O2  -P  -DGYOTO_NO_DEPRECATED  -rdynamic conftest.cpp -ldl   >&5
configure:20162: $? = 0
configure:20172: result: yes
configure:20188: checking for _Bool
configure:20188: mpic++ -c -g -O2  -P  -DGYOTO_NO_DEPRECATED conftest.cpp >&5
conftest.cpp: In function 'int main()':
conftest.cpp:67:13: error: '_Bool' was not declared in this scope
   67 | if (sizeof (_Bool))
      |             ^~~~~
configure:20188: $? = 1
configure: failed program was:
| /* confdefs.h */
| #define PACKAGE_NAME "Gyoto"
| #define PACKAGE_TARNAME "gyoto"
| #define PACKAGE_VERSION "2.0.0"
| #define PACKAGE_STRING "Gyoto 2.0.0"
| #define PACKAGE_BUGREPORT "gyoto@sympa.obspm.fr"
| #define PACKAGE_URL ""
| #define PACKAGE "gyoto"
| #define VERSION "2.0.0"
| #define HAVE_STDIO_H 1
| #define HAVE_STDLIB_H 1
| #define HAVE_STRING_H 1
| #define HAVE_INTTYPES_H 1
| #define HAVE_STDINT_H 1
| #define HAVE_STRINGS_H 1
| #define HAVE_SYS_STAT_H 1
| #define HAVE_SYS_TYPES_H 1
| #define HAVE_UNISTD_H 1
| #define STDC_HEADERS 1
| #define HAVE_DLFCN_H 1
| #define LT_OBJDIR ".libs/"
| #define HAVE_FENV_H 1
| #define GYOTO_SIZE__T_IS_UNSIGNED_LONG 1
| #define HAVE_CXX11 1
| #define HAVE_BOOST 1
| #define HAVE_BOOST_MULTIPRECISION_CPP_DEC_FLOAT_HPP 1
| #define HAVE_BOOST_ARRAY_HPP 1
| #define HAVE_BOOST_NUMERIC_ODEINT_STEPPER_CONTROLLED_STEP_RESULT_HPP 1
| #define GYOTO_HAVE_BOOST_INTEGRATORS 1
| #define HAVE_BOOST_MPI_ENVIRONMENT_HPP 1
| #define HAVE_BOOST_SERIALIZATION_BASE_OBJECT_HPP 1
| #define HAVE_MPI 1
| #define GYOTO_PLUGIN_SFX "so"
| #define HAVE_LIBDL 1
| /* end confdefs.h.  */
| #include <stddef.h>
| #ifdef HAVE_STDIO_H
| # include <stdio.h>
| #endif
| #ifdef HAVE_STDLIB_H
| # include <stdlib.h>
| #endif
| #ifdef HAVE_STRING_H
| # include <string.h>
| #endif
| #ifdef HAVE_INTTYPES_H
| # include <inttypes.h>
| #endif
| #ifdef HAVE_STDINT_H
| # include <stdint.h>
| #endif
| #ifdef HAVE_STRINGS_H
| # include <strings.h>
| #endif
| #ifdef HAVE_SYS_TYPES_H
| # include <sys/types.h>
| #endif
| #ifdef HAVE_SYS_STAT_H
| # include <sys/stat.h>
| #endif
| #ifdef HAVE_UNISTD_H
| # include <unistd.h>
| #endif
| int
| main (void)
| {
| if (sizeof (_Bool))
| 	 return 0;
|   ;
|   return 0;
| }
configure:20188: result: no
configure:20197: checking for stdbool.h that conforms to C99
configure:20313: mpic++ -c -g -O2  -P  -DGYOTO_NO_DEPRECATED conftest.cpp >&5
configure:20313: $? = 0
configure:20321: result: yes
configure:20324: checking for size_t
configure:20324: mpic++ -c -g -O2  -P  -DGYOTO_NO_DEPRECATED conftest.cpp >&5
configure:20324: $? = 0
configure:20324: mpic++ -c -g -O2  -P  -DGYOTO_NO_DEPRECATED conftest.cpp >&5
conftest.cpp: In function 'int main()':
conftest.cpp:67:20: error: expected primary-expression before ')' token
   67 | if (sizeof ((size_t)))
      |                    ^
configure:20324: $? = 1
configure: failed program was:
| /* confdefs.h */
| #define PACKAGE_NAME "Gyoto"
| #define PACKAGE_TARNAME "gyoto"
| #define PACKAGE_VERSION "2.0.0"
| #define PACKAGE_STRING "Gyoto 2.0.0"
| #define PACKAGE_BUGREPORT "gyoto@sympa.obspm.fr"
| #define PACKAGE_URL ""
| #define PACKAGE "gyoto"
| #define VERSION "2.0.0"
| #define HAVE_STDIO_H 1
| #define HAVE_STDLIB_H 1
| #define HAVE_STRING_H 1
| #define HAVE_INTTYPES_H 1
| #define HAVE_STDINT_H 1
| #define HAVE_STRINGS_H 1
| #define HAVE_SYS_STAT_H 1
| #define HAVE_SYS_TYPES_H 1
| #define HAVE_UNISTD_H 1
| #define STDC_HEADERS 1
| #define HAVE_DLFCN_H 1
| #define LT_OBJDIR ".libs/"
| #define HAVE_FENV_H 1
| #define GYOTO_SIZE__T_IS_UNSIGNED_LONG 1
| #define HAVE_CXX11 1
| #define HAVE_BOOST 1
| #define HAVE_BOOST_MULTIPRECISION_CPP_DEC_FLOAT_HPP 1
| #define HAVE_BOOST_ARRAY_HPP 1
| #define HAVE_BOOST_NUMERIC_ODEINT_STEPPER_CONTROLLED_STEP_RESULT_HPP 1
| #define GYOTO_HAVE_BOOST_INTEGRATORS 1
| #define HAVE_BOOST_MPI_ENVIRONMENT_HPP 1
| #define HAVE_BOOST_SERIALIZATION_BASE_OBJECT_HPP 1
| #define HAVE_MPI 1
| #define GYOTO_PLUGIN_SFX "so"
| #define HAVE_LIBDL 1
| /* end confdefs.h.  */
| #include <stddef.h>
| #ifdef HAVE_STDIO_H
| # include <stdio.h>
| #endif
| #ifdef HAVE_STDLIB_H
| # include <stdlib.h>
| #endif
| #ifdef HAVE_STRING_H
| # include <string.h>
| #endif
| #ifdef HAVE_INTTYPES_H
| # include <inttypes.h>
| #endif
| #ifdef HAVE_STDINT_H
| # include <stdint.h>
| #endif
| #ifdef HAVE_STRINGS_H
| # include <strings.h>
| #endif
| #ifdef HAVE_SYS_TYPES_H
| # include <sys/types.h>
| #endif
| #ifdef HAVE_SYS_STAT_H
| # include <sys/stat.h>
| #endif
| #ifdef HAVE_UNISTD_H
| # include <unistd.h>
| #endif
| int
| main (void)
| {
| if (sizeof ((size_t)))
| 	    return 0;
|   ;
|   return 0;
| }
configure:20324: result: yes
configure:20336: checking for error_at_line
configure:20353: mpic++ -o conftest -g -O2  -P  -DGYOTO_NO_DEPRECATED  -rdynamic conftest.cpp -ldl  >&5
configure:20353: $? = 0
configure:20362: result: yes
configure:20373: checking for working strtod
configure:20416: mpic++ -o conftest -g -O2  -P  -DGYOTO_NO_DEPRECATED  -rdynamic conftest.cpp -ldl  >&5
conftest.cpp: In function 'int main()':
conftest.cpp:73:20: warning: ISO C++ forbids converting a string constant to 'char*' [-Wwrite-strings]
   73 |     char *string = " +69";
      |                    ^~~~~~
conftest.cpp:84:20: warning: ISO C++ forbids converting a string constant to 'char*' [-Wwrite-strings]
   84 |     char *string = "NaN";
      |                    ^~~~~
configure:20416: $? = 0
configure:20416: ./conftest
configure:20416: $? = 0
configure:20427: result: yes
configure:20491: checking for sincos
configure:20491: mpic++ -o conftest -g -O2  -P  -DGYOTO_NO_DEPRECATED  -rdynamic conftest.cpp -ldl  >&5
conftest.cpp:52:6: warning: declaration of 'char sincos()' conflicts with built-in declaration 'void sincos(double, double*, double*)' [-Wbuiltin-declaration-mismatch]
   52 | char sincos ();
      |      ^~~~~~
configure:20491: $? = 0
configure:20491: result: yes
configure:20503: checking whether to use yorick
configure:20536: checking for yorick
configure:20557: found /usr/bin/yorick
configure:20568: result: yorick
configure:20595: checking install path for Yorick platform-dependent files
configure:20620: result: ${exec_prefix}/lib/yorick
configure:20624: checking install path for Yorick platform-independent files
configure:20633: result: ${prefix}/lib/yorick
configure:20848: checking for the pthreads library -lpthreads
configure:20886: gcc -o conftest -g -O2   -P  -DGYOTO_NO_DEPRECATED  -rdynamic conftest.c -lpthreads -ldl  >&5
/usr/bin/ld: cannot find -lpthreads: No such file or directory
collect2: error: ld returned 1 exit status
configure:20886: $? = 1
configure: failed program was:
| /* confdefs.h */
| #define PACKAGE_NAME "Gyoto"
| #define PACKAGE_TARNAME "gyoto"
| #define PACKAGE_VERSION "2.0.0"
| #define PACKAGE_STRING "Gyoto 2.0.0"
| #define PACKAGE_BUGREPORT "gyoto@sympa.obspm.fr"
| #define PACKAGE_URL ""
| #define PACKAGE "gyoto"
| #define VERSION "2.0.0"
| #define HAVE_STDIO_H 1
| #define HAVE_STDLIB_H 1
| #define HAVE_STRING_H 1
| #define HAVE_INTTYPES_H 1
| #define HAVE_STDINT_H 1
| #define HAVE_STRINGS_H 1
| #define HAVE_SYS_STAT_H 1
| #define HAVE_SYS_TYPES_H 1
| #define HAVE_UNISTD_H 1
| #define STDC_HEADERS 1
| #define HAVE_DLFCN_H 1
| #define LT_OBJDIR ".libs/"
| #define HAVE_FENV_H 1
| #define GYOTO_SIZE__T_IS_UNSIGNED_LONG 1
| #define HAVE_CXX11 1
| #define HAVE_BOOST 1
| #define HAVE_BOOST_MULTIPRECISION_CPP_DEC_FLOAT_HPP 1
| #define HAVE_BOOST_ARRAY_HPP 1
| #define HAVE_BOOST_NUMERIC_ODEINT_STEPPER_CONTROLLED_STEP_RESULT_HPP 1
| #define GYOTO_HAVE_BOOST_INTEGRATORS 1
| #define HAVE_BOOST_MPI_ENVIRONMENT_HPP 1
| #define HAVE_BOOST_SERIALIZATION_BASE_OBJECT_HPP 1
| #define HAVE_MPI 1
| #define GYOTO_PLUGIN_SFX "so"
| #define HAVE_LIBDL 1
| #define HAVE_SINCOS 1
| #define GYOTO_DEBUG_ENABLED 1
| /* end confdefs.h.  */
| #include <pthread.h>
|                         static void routine(void *a) { a = 0; }
|                         static void *start_routine(void *a) { return a; }
| int
| main (void)
| {
| pthread_t th; pthread_attr_t attr;
|                         pthread_create(&th, 0, start_routine, 0);
|                         pthread_join(th, 0);
|                         pthread_attr_init(&attr);
|                         pthread_cleanup_push(routine, 0);
|                         pthread_cleanup_pop(0) /* ; */
|   ;
|   return 0;
| }
configure:20896: result: no
configure:20788: checking whether pthreads work without any flags
configure:20886: gcc -o conftest -g -O2   -P  -DGYOTO_NO_DEPRECATED  -rdynamic conftest.c  -ldl  >&5
configure:20886: $? = 0
configure:20896: result: yes
configure:20915: checking for joinable pthread attribute
configure:20930: gcc -o conftest -g -O2   -P  -DGYOTO_NO_DEPRECATED  -rdynamic conftest.c  -ldl  >&5
configure:20930: $? = 0
configure:20937: result: PTHREAD_CREATE_JOINABLE
configure:20945: checking if more special flags are required for pthreads
configure:20959: result: no
configure:20965: checking for PTHREAD_PRIO_INHERIT
configure:20984: gcc -o conftest -g -O2   -P  -DGYOTO_NO_DEPRECATED  -rdynamic conftest.c  -ldl  >&5
configure:20984: $? = 0
configure:20994: result: yes
configure:21120: checking whether udunits should be used
configure:21151: result: probe
configure:21162: checking whether udunits include path is provided
configure:21178: result: no
configure:21182: checking whether udunits library path is provided
configure:21198: result: no
configure:21210: checking for UDUNITS
configure:21217: $PKG_CONFIG --exists --print-errors "udunits"
configure:21220: $? = 0
configure:21234: $PKG_CONFIG --exists --print-errors "udunits"
configure:21237: $? = 0
configure:21281: result: yes
configure:21383: checking whether xerces should be used
configure:21414: result: probe
configure:21425: checking whether xerces include path is provided
configure:21441: result: no
configure:21445: checking whether xerces library path is provided
configure:21461: result: no
configure:21473: checking for XERCES
configure:21480: $PKG_CONFIG --exists --print-errors "xerces-c"
configure:21483: $? = 0
configure:21497: $PKG_CONFIG --exists --print-errors "xerces-c"
configure:21500: $? = 0
configure:21544: result: yes
configure:21651: checking whether eigen should be used
configure:21682: result: probe
configure:21693: checking whether eigen include path is provided
configure:21709: result: no
configure:21713: checking whether eigen library path is provided
configure:21729: result: no
configure:21741: checking for EIGEN
configure:21748: $PKG_CONFIG --exists --print-errors "eigen3"
configure:21751: $? = 0
configure:21765: $PKG_CONFIG --exists --print-errors "eigen3"
configure:21768: $? = 0
configure:21812: result: yes
configure:21914: checking whether cfitsio should be used
configure:21945: result: probe
configure:21956: checking whether cfitsio include path is provided
configure:21972: result: no
configure:21976: checking whether cfitsio library path is provided
configure:21992: result: no
configure:22004: checking for CFITSIO
configure:22011: $PKG_CONFIG --exists --print-errors "cfitsio"
configure:22014: $? = 0
configure:22028: $PKG_CONFIG --exists --print-errors "cfitsio"
configure:22031: $? = 0
configure:22075: result: yes
configure:22185: checking whether arblib library name is provided
configure:22195: result: -lflint-arb
configure:22198: checking whether arblib should be used
configure:22229: result: probe
configure:22240: checking whether arblib include path is provided
configure:22256: result: no
configure:22260: checking whether arblib library path is provided
configure:22276: result: no
configure:22288: checking for ARBLIB
configure:22295: $PKG_CONFIG --exists --print-errors "arblib"
Package arblib was not found in the pkg-config search path.
Perhaps you should add the directory containing `arblib.pc'
to the PKG_CONFIG_PATH environment variable
No package 'arblib' found
configure:22298: $? = 1
configure:22312: $PKG_CONFIG --exists --print-errors "arblib"
Package arblib was not found in the pkg-config search path.
Perhaps you should add the directory containing `arblib.pc'
to the PKG_CONFIG_PATH environment variable
No package 'arblib' found
configure:22315: $? = 1
configure:22329: result: no
No package 'arblib' found
configure:22345: arblib.pc not found
configure:22371: checking for ARBLIB (without pkg-config)
configure:22410: mpic++ -o conftest -g -O2  -P  -DGYOTO_NO_DEPRECATED   -rdynamic  conftest.cpp -lflint-arb >&5
configure:22410: $? = 0
configure:22419: result: yes
configure:22491: checking whether aeae should be used
configure:22501: result: no
configure:22614: checking for LORENE
configure:22661: result: no
configure:22931: checking that generated files are newer than configure
configure:22937: result: done
configure:23020: creating ./config.status

## ---------------------- ##
## Running config.status. ##
## ---------------------- ##

This file was extended by Gyoto config.status 2.0.0, which was
generated by GNU Autoconf 2.71.  Invocation command line was

  CONFIG_FILES    = 
  CONFIG_HEADERS  = 
  CONFIG_LINKS    = 
  CONFIG_COMMANDS = 
  $ ./config.status 

on junichi-VirtualBox

config.status:1287: creating Makefile
config.status:1287: creating bin/Makefile
config.status:1287: creating doc/Makefile
config.status:1287: creating doc/doxyfile
config.status:1287: creating doc/user_guide/Makefile
config.status:1287: creating lib/Makefile
config.status:1287: creating lib/gyoto.pc
config.status:1287: creating lib/gyoto-uninstalled.pc
config.status:1287: creating yorick/Makefile
config.status:1287: creating yorick/stdplug/Makefile
config.status:1287: creating yorick/gyoto.info
config.status:1287: creating yorick/yorick1
config.status:1287: creating yorick/setpaths.i
config.status:1287: creating gyoto
config.status:1287: creating python/Makefile
config.status:1287: creating python/setup.py
config.status:1287: creating config.h
config.status:1468: config.h is unchanged
config.status:1287: creating include/GyotoConfig.h
config.status:1468: include/GyotoConfig.h is unchanged
config.status:1516: executing depfiles commands
config.status:1593: cd bin       && sed -e '/# am--include-marker/d' Makefile         | make -f - am--depfiles
make: Nothing to be done for 'am--depfiles'.
config.status:1598: $? = 0
config.status:1593: cd lib       && sed -e '/# am--include-marker/d' Makefile         | make -f - am--depfiles
make: Nothing to be done for 'am--depfiles'.
config.status:1598: $? = 0
config.status:1516: executing libtool commands
configure:25604: === configuring in plugins/python (/home/junichi/Gyoto/plugins/python)
configure:25665: running /bin/bash ./configure --disable-option-checking '--prefix=/usr/local'  --cache-file=/dev/null --srcdir=.

## ---------------- ##
## Cache variables. ##
## ---------------- ##

ac_cv_build=x86_64-unknown-linux-gnu
ac_cv_c_compiler_gnu=yes
ac_cv_cxx_compiler_gnu=yes
ac_cv_env_ARBLIB_CFLAGS_set=
ac_cv_env_ARBLIB_CFLAGS_value=
ac_cv_env_ARBLIB_LIBS_set=
ac_cv_env_ARBLIB_LIBS_value=
ac_cv_env_BOOST_ROOT_set=
ac_cv_env_BOOST_ROOT_value=
ac_cv_env_CCC_set=
ac_cv_env_CCC_value=
ac_cv_env_CC_set=
ac_cv_env_CC_value=
ac_cv_env_CFITSIO_CFLAGS_set=
ac_cv_env_CFITSIO_CFLAGS_value=
ac_cv_env_CFITSIO_LIBS_set=
ac_cv_env_CFITSIO_LIBS_value=
ac_cv_env_CFLAGS_set=
ac_cv_env_CFLAGS_value=
ac_cv_env_CPPFLAGS_set=
ac_cv_env_CPPFLAGS_value=
ac_cv_env_CXXCPP_set=
ac_cv_env_CXXCPP_value=
ac_cv_env_CXXFLAGS_set=
ac_cv_env_CXXFLAGS_value=
ac_cv_env_CXX_set=
ac_cv_env_CXX_value=
ac_cv_env_EIGEN_CFLAGS_set=
ac_cv_env_EIGEN_CFLAGS_value=
ac_cv_env_EIGEN_LIBS_set=
ac_cv_env_EIGEN_LIBS_value=
ac_cv_env_HOME_LORENE_set=
ac_cv_env_HOME_LORENE_value=
ac_cv_env_LDFLAGS_set=
ac_cv_env_LDFLAGS_value=
ac_cv_env_LIBS_set=
ac_cv_env_LIBS_value=
ac_cv_env_MAKE_S_set=
ac_cv_env_MAKE_S_value=
ac_cv_env_PKG_CONFIG_LIBDIR_set=
ac_cv_env_PKG_CONFIG_LIBDIR_value=
ac_cv_env_PKG_CONFIG_PATH_set=
ac_cv_env_PKG_CONFIG_PATH_value=
ac_cv_env_PKG_CONFIG_set=
ac_cv_env_PKG_CONFIG_value=
ac_cv_env_PYTHON_CONFIG_set=
ac_cv_env_PYTHON_CONFIG_value=
ac_cv_env_PYTHON_set=
ac_cv_env_PYTHON_value=
ac_cv_env_UDUNITS_CFLAGS_set=
ac_cv_env_UDUNITS_CFLAGS_value=
ac_cv_env_UDUNITS_LIBS_set=
ac_cv_env_UDUNITS_LIBS_value=
ac_cv_env_VIRTUALENV_FLAGS_set=
ac_cv_env_VIRTUALENV_FLAGS_value=
ac_cv_env_XERCES_CFLAGS_set=
ac_cv_env_XERCES_CFLAGS_value=
ac_cv_env_XERCES_LIBS_set=
ac_cv_env_XERCES_LIBS_value=
ac_cv_env_build_alias_set=
ac_cv_env_build_alias_value=
ac_cv_env_host_alias_set=
ac_cv_env_host_alias_value=
ac_cv_env_target_alias_set=
ac_cv_env_target_alias_value=
ac_cv_func_dlopen=yes
ac_cv_func_shl_load=no
ac_cv_func_sincos=yes
ac_cv_func_strtod=yes
ac_cv_header_Python_h=yes
ac_cv_header_boost_array_hpp=yes
ac_cv_header_boost_mpi_environment_hpp=yes
ac_cv_header_boost_multiprecision_cpp_dec_float_hpp=yes
ac_cv_header_boost_numeric_odeint_stepper_controlled_step_result_hpp=yes
ac_cv_header_boost_serialization_base_object_hpp=yes
ac_cv_header_dlfcn_h=yes
ac_cv_header_inttypes_h=yes
ac_cv_header_stdbool_h=yes
ac_cv_header_stdint_h=yes
ac_cv_header_stdio_h=yes
ac_cv_header_stdlib_h=yes
ac_cv_header_string_h=yes
ac_cv_header_strings_h=yes
ac_cv_header_sys_stat_h=yes
ac_cv_header_sys_types_h=yes
ac_cv_header_unistd_h=yes
ac_cv_host=x86_64-unknown-linux-gnu
ac_cv_lib_dl_dlopen=yes
ac_cv_lib_dld_shl_load=no
ac_cv_lib_error_at_line=yes
ac_cv_objext=o
ac_cv_path_EGREP='/usr/bin/grep -E'
ac_cv_path_FGREP='/usr/bin/grep -F'
ac_cv_path_GREP=/usr/bin/grep
ac_cv_path_PYTHON=/usr/bin/python3
ac_cv_path_PYTHON_CONFIG=/usr/bin/python3-config
ac_cv_path_SED=/usr/bin/sed
ac_cv_path_SWIG=/usr/bin/swig3.0
ac_cv_path_ac_pt_PKG_CONFIG=/usr/bin/pkg-config
ac_cv_path_install='/usr/bin/install -c'
ac_cv_path_mkdir=/usr/bin/mkdir
ac_cv_prog_AWK=mawk
ac_cv_prog_CXXCPP='g++ -E'
ac_cv_prog_DOXYGEN=doxygen
ac_cv_prog_MPICXX=mpic++
ac_cv_prog_YORICK=yorick
ac_cv_prog_ac_ct_AR=ar
ac_cv_prog_ac_ct_CC=gcc
ac_cv_prog_ac_ct_CXX=g++
ac_cv_prog_ac_ct_MANIFEST_TOOL=mt
ac_cv_prog_ac_ct_OBJDUMP=objdump
ac_cv_prog_ac_ct_RANLIB=ranlib
ac_cv_prog_ac_ct_STRIP=strip
ac_cv_prog_cc_c11=
ac_cv_prog_cc_g=yes
ac_cv_prog_cc_stdc=
ac_cv_prog_cxx_11=no
ac_cv_prog_cxx_cxx11=
ac_cv_prog_cxx_g=yes
ac_cv_prog_cxx_stdcxx=
ac_cv_prog_make_make_set=yes
ac_cv_target=x86_64-unknown-linux-gnu
ac_cv_type__Bool=no
ac_cv_type_size_t=yes
am_cv_CC_dependencies_compiler_type=gcc3
am_cv_CXX_dependencies_compiler_type=gcc3
am_cv_make_support_nested_variables=yes
am_cv_prog_cc_c_o=yes
ax_cv_PTHREAD_PRIO_INHERIT=yes
ax_cv_check_cxxflags___DGYOTO_NO_DEPRECATED=yes
ax_cv_check_cxxflags___P=yes
ax_cv_check_cxxflags___rdynamic=yes
ax_cv_cxx_compile_cxx11=yes
boost_cv_inc_path=yes
boost_cv_lib_mpi=yes
boost_cv_lib_mpi_LDPATH=
boost_cv_lib_mpi_LIBS=-lboost_mpi
boost_cv_lib_serialization=yes
boost_cv_lib_serialization_LDPATH=
boost_cv_lib_serialization_LIBS=-lboost_serialization
boost_cv_lib_tag=
boost_cv_lib_version=1_74
boost_cv_rpath_link_ldflag=
lt_cv_ar_at_file=@
lt_cv_archive_cmds_need_lc=no
lt_cv_deplibs_check_method=pass_all
lt_cv_dlopen=dlopen
lt_cv_dlopen_libs=
lt_cv_dlopen_self=yes
lt_cv_dlopen_self_static=no
lt_cv_file_magic_cmd='$MAGIC_CMD'
lt_cv_file_magic_test_file=
lt_cv_ld_reload_flag=-r
lt_cv_nm_interface='BSD nm'
lt_cv_objdir=.libs
lt_cv_path_LD=/usr/bin/ld
lt_cv_path_LDCXX='/usr/bin/ld -m elf_x86_64'
lt_cv_path_NM='/usr/bin/nm -B'
lt_cv_path_mainfest_tool=no
lt_cv_prog_compiler_c_o=yes
lt_cv_prog_compiler_c_o_CXX=yes
lt_cv_prog_compiler_pic='-fPIC -DPIC'
lt_cv_prog_compiler_pic_CXX='-fPIC -DPIC'
lt_cv_prog_compiler_pic_works=yes
lt_cv_prog_compiler_pic_works_CXX=yes
lt_cv_prog_compiler_rtti_exceptions=no
lt_cv_prog_compiler_static_works=yes
lt_cv_prog_compiler_static_works_CXX=yes
lt_cv_prog_gnu_ld=yes
lt_cv_prog_gnu_ldcxx=yes
lt_cv_sharedlib_from_linklib_cmd='printf %s\n'
lt_cv_shlibpath_overrides_runpath=yes
lt_cv_sys_global_symbol_pipe='sed -n -e '\''s/^.*[	 ]\([ABCDGIRSTW][ABCDGIRSTW]*\)[	 ][	 ]*\([_A-Za-z][_A-Za-z0-9]*\)$/\1 \2 \2/p'\'' | sed '\''/ __gnu_lto/d'\'''
lt_cv_sys_global_symbol_to_c_name_address='sed -n -e '\''s/^: \([^ ]*\)[ ]*$/  {\"\1\", (void *) 0},/p'\'' -e '\''s/^[ABCDGIRSTW]* \([^ ]*\) \([^ ]*\)$/  {"\2", (void *) \&\2},/p'\'''
lt_cv_sys_global_symbol_to_c_name_address_lib_prefix='sed -n -e '\''s/^: \([^ ]*\)[ ]*$/  {\"\1\", (void *) 0},/p'\'' -e '\''s/^[ABCDGIRSTW]* \([^ ]*\) \(lib[^ ]*\)$/  {"\2", (void *) \&\2},/p'\'' -e '\''s/^[ABCDGIRSTW]* \([^ ]*\) \([^ ]*\)$/  {"lib\2", (void *) \&\2},/p'\'''
lt_cv_sys_global_symbol_to_cdecl='sed -n -e '\''s/^T .* \(.*\)$/extern int \1();/p'\'' -e '\''s/^[ABCDGIRSTW]* .* \(.*\)$/extern char \1;/p'\'''
lt_cv_sys_max_cmd_len=1572864
lt_cv_to_host_file_cmd=func_convert_file_noop
lt_cv_to_tool_file_cmd=func_convert_file_noop
pc_cv_python_cflags='-I/usr/include/python3.10 -I/usr/include/python3.10  -Wno-unused-result -Wsign-compare -g      -fstack-protector-strong -Wformat -Werror=format-security  -DNDEBUG -g -fwrapv -O2 -Wall'
pc_cv_python_exec_dir=local/lib/python3.10/dist-packages
pc_cv_python_exec_prefix=/usr
pc_cv_python_extension_suffix=.cpython-310-x86_64-linux-gnu.so
pc_cv_python_includes='-I/usr/include/python3.10 -I/usr/include/python3.10'
pc_cv_python_ldflags='-L/usr/lib/python3.10/config-3.10-x86_64-linux-gnu -L/usr/lib/x86_64-linux-gnu  -lcrypt -ldl  -lm -lm '
pc_cv_python_libs=' -lcrypt -ldl  -lm -lm '
pc_cv_python_prefix=/usr
pc_cv_python_site_dir=local/lib/python3.10/dist-packages
pkg_cv_CFITSIO_CFLAGS=
pkg_cv_CFITSIO_LIBS='-lcfitsio -lpthread'
pkg_cv_EIGEN_CFLAGS=-I/usr/include/eigen3
pkg_cv_EIGEN_LIBS=
pkg_cv_UDUNITS_CFLAGS=
pkg_cv_UDUNITS_LIBS=-ludunits2
pkg_cv_XERCES_CFLAGS=
pkg_cv_XERCES_LIBS=-lxerces-c

## ----------------- ##
## Output variables. ##
## ----------------- ##

ACLOCAL='${SHELL} '\''/home/junichi/Gyoto/missing'\'' aclocal-1.16'
AEAE_CFLAGS=''
AMDEPBACKSLASH='\'
AMDEP_FALSE='#'
AMDEP_TRUE=''
AMTAR='$${TAR-tar}'
AM_BACKSLASH='\'
AM_DEFAULT_V='$(AM_DEFAULT_VERBOSITY)'
AM_DEFAULT_VERBOSITY='1'
AM_V='$(V)'
AR='ar'
ARBLIB_CFLAGS=''
ARBLIB_LIBS=' -lflint-arb'
AUTOCONF='${SHELL} '\''/home/junichi/Gyoto/missing'\'' autoconf'
AUTOHEADER='${SHELL} '\''/home/junichi/Gyoto/missing'\'' autoheader'
AUTOMAKE='${SHELL} '\''/home/junichi/Gyoto/missing'\'' automake-1.16'
AWK='mawk'
BIBTEX=''
BOOST_CPPFLAGS=''
BOOST_LDPATH=''
BOOST_MPI_LDFLAGS=''
BOOST_MPI_LDPATH=''
BOOST_MPI_LIBS='-lboost_mpi'
BOOST_ROOT=''
BOOST_SERIALIZATION_LDFLAGS=''
BOOST_SERIALIZATION_LDPATH=''
BOOST_SERIALIZATION_LIBS='-lboost_serialization'
BUILD_GYOTO_FALSE='#'
BUILD_GYOTO_TRUE=''
CC='gcc'
CCDEPMODE='depmode=gcc3'
CFITSIO_CFLAGS=''
CFITSIO_LIBS='-lcfitsio -lpthread'
CFLAGS='-g -O2'
CPPFLAGS=' -P  -DGYOTO_NO_DEPRECATED'
CSCOPE='cscope'
CTAGS='ctags'
CXX='mpic++'
CXXCPP='mpic++ -E'
CXXDEPMODE='depmode=gcc3'
CXXFLAGS='-g -O2'
CXXFLAGS_EXEC=''
CYGPATH_W='echo'
DEFS='-DHAVE_CONFIG_H'
DEPDIR='.deps'
DISTCHECK_CONFIGURE_FLAGS=' '\''--with-boost='\'''
DLLTOOL='false'
DOXYGEN='doxygen'
DSYMUTIL=''
DUMPBIN=''
DYLIB_VAR='LD_LIBRARY_PATH'
ECHO_C=''
ECHO_N='-n'
ECHO_T=''
EGREP='/usr/bin/grep -E'
EIGEN_CFLAGS='-I/usr/include/eigen3'
EIGEN_LIBS=''
ETAGS='etags'
EXEEXT=''
FEATURES='-unreleased'
FGREP='/usr/bin/grep -F'
GREP='/usr/bin/grep'
GYOTO_PLUGIN_SFX='so'
HAVE_2F1_FALSE='#'
HAVE_2F1_TRUE=''
HAVE_AEAE_FALSE=''
HAVE_AEAE_TRUE='#'
HAVE_ARBLIB_FALSE='#'
HAVE_ARBLIB_TRUE=''
HAVE_CFITSIO_FALSE='#'
HAVE_CFITSIO_TRUE=''
HAVE_CXX11='1'
HAVE_EIGEN_FALSE='#'
HAVE_EIGEN_TRUE=''
HAVE_LOCALPKGLIBDIR_FALSE=''
HAVE_LOCALPKGLIBDIR_TRUE='#'
HAVE_LORENE_FALSE=''
HAVE_LORENE_TRUE='#'
HAVE_MPI_FALSE='#'
HAVE_MPI_TRUE=''
HAVE_UDUNITS_FALSE='#'
HAVE_UDUNITS_TRUE=''
HAVE_XERCES_FALSE='#'
HAVE_XERCES_TRUE=''
HAVE_YORICK_FALSE='#'
HAVE_YORICK_TRUE=''
HOME_LORENE=''
INSTALL_DATA='${INSTALL} -m 644'
INSTALL_PROGRAM='${INSTALL}'
INSTALL_SCRIPT='${INSTALL}'
INSTALL_STRIP_PROGRAM='$(install_sh) -c -s'
KPSEWHICH=''
LD='/usr/bin/ld -m elf_x86_64'
LDFLAGS=' -rdynamic'
LDFLAGS_EXEC=''
LIBOBJS=''
LIBS='-ldl '
LIBTOOL='$(SHELL) $(top_builddir)/libtool'
LIPO=''
LN_S='ln -s'
LORENECPPFLAGS=''
LORENELDFLAGS=''
LTLIBOBJS=''
MAKEINFO='${SHELL} '\''/home/junichi/Gyoto/missing'\'' makeinfo'
MAKE_S='make -s'
MANIFEST_TOOL=':'
MKDIR_P='/usr/bin/mkdir -p'
MKGUIDE_FALSE=''
MKGUIDE_TRUE='#'
MKREF_FALSE='#'
MKREF_TRUE=''
MPICXX='mpic++'
NM='/usr/bin/nm -B'
NMEDIT=''
OBJDUMP='objdump'
OBJEXT='o'
OTOOL64=''
OTOOL=''
PACKAGE='gyoto'
PACKAGE_BUGREPORT='gyoto@sympa.obspm.fr'
PACKAGE_NAME='Gyoto'
PACKAGE_STRING='Gyoto 2.0.0'
PACKAGE_TARNAME='gyoto'
PACKAGE_URL=''
PACKAGE_VERSION='2.0.0'
PATH_SEPARATOR=':'
PDFLATEX=''
PKG_CONFIG='/usr/bin/pkg-config'
PKG_CONFIG_LIBDIR=''
PKG_CONFIG_PATH=''
POW_LIB=''
PTHREAD_CC='gcc'
PTHREAD_CFLAGS=''
PTHREAD_LIBS=''
PYTHON='/usr/bin/python3'
PYTHON_CFLAGS='-I/usr/include/python3.10 -I/usr/include/python3.10  -Wno-unused-result -Wsign-compare -g      -fstack-protector-strong -Wformat -Werror=format-security  -DNDEBUG -g -fwrapv -O2 -Wall'
PYTHON_CONFIG='/usr/bin/python3-config'
PYTHON_EXEC_PREFIX='/usr'
PYTHON_EXTENSION_SUFFIX='.cpython-310-x86_64-linux-gnu.so'
PYTHON_INCLUDES='-I/usr/include/python3.10 -I/usr/include/python3.10'
PYTHON_LDFLAGS='-L/usr/lib/python3.10/config-3.10-x86_64-linux-gnu -L/usr/lib/x86_64-linux-gnu  -lcrypt -ldl  -lm -lm '
PYTHON_LIBS=' -lcrypt -ldl  -lm -lm '
PYTHON_PREFIX='/usr'
RANLIB='ranlib'
SED='/usr/bin/sed'
SET_MAKE=''
SHELL='/bin/bash'
STRIP='strip'
SWIG='/usr/bin/swig3.0'
SWIG_LIB='/usr/share/swig3.0'
SYS='other'
UDUNITS_CFLAGS=''
UDUNITS_LIBS='-ludunits2'
VERBATIM=''
VERSINFO='9:0:0'
VERSION='2.0.0'
VIRTUALENV='no'
VIRTUALENV_FLAGS=''
XERCES_CFLAGS=''
XERCES_LIBS='-lxerces-c'
YORICK='yorick'
Y_INST_HOME='${exec_prefix}/lib/yorick'
Y_INST_SITE='${prefix}/lib/yorick'
ac_ct_AR='ar'
ac_ct_CC='gcc'
ac_ct_CXX='g++'
ac_ct_DUMPBIN=''
am__EXEEXT_FALSE=''
am__EXEEXT_TRUE='#'
am__fastdepCC_FALSE='#'
am__fastdepCC_TRUE=''
am__fastdepCXX_FALSE='#'
am__fastdepCXX_TRUE=''
am__include='include'
am__isrc=''
am__leading_dot='.'
am__nodep='_no'
am__quote=''
am__tar='$${TAR-tar} chof - "$$tardir"'
am__untar='$${TAR-tar} xf -'
ax_pthread_config=''
bindir='${exec_prefix}/bin'
build='x86_64-unknown-linux-gnu'
build_alias=''
build_cpu='x86_64'
build_os='linux-gnu'
build_vendor='unknown'
datadir='${datarootdir}'
datarootdir='${prefix}/share'
docdir='${datarootdir}/doc/${PACKAGE_TARNAME}'
dvidir='${docdir}'
exec_prefix='${prefix}'
host='x86_64-unknown-linux-gnu'
host_alias=''
host_cpu='x86_64'
host_os='linux-gnu'
host_vendor='unknown'
htmldir='${docdir}'
includedir='${prefix}/include'
infodir='${datarootdir}/info'
install_sh='${SHELL} /home/junichi/Gyoto/install-sh'
libdir='${exec_prefix}/lib'
libexecdir='${exec_prefix}/libexec'
localedir='${datarootdir}/locale'
localpkglibdir=''
localstatedir='${prefix}/var'
mandir='${datarootdir}/man'
mkdir_p='$(MKDIR_P)'
mySUBDIRS='lib bin python yorick doc'
oldincludedir='/usr/include'
pdfdir='${docdir}'
pkg_cflags=' '
pkg_libs='  -lflint-arb'
pkg_requires=' udunits xerces-c eigen3 cfitsio'
pkgpythondir='${pythondir}/Gyoto'
plugin_sfx='so'
prefix='/usr/local'
program_transform_name='s,x,x,'
psdir='${docdir}'
pyexecdir='${exec_prefix}/'
pythondir='${prefix}/local/lib/python3.10/dist-packages'
runstatedir='${localstatedir}/run'
sbindir='${exec_prefix}/sbin'
sharedstatedir='${prefix}/com'
sovers='9-unreleased'
subdirs=' plugins/python'
sysconfdir='${prefix}/etc'
target='x86_64-unknown-linux-gnu'
target_alias=''
target_cpu='x86_64'
target_os='linux-gnu'
target_vendor='unknown'

## ----------- ##
## confdefs.h. ##
## ----------- ##

/* confdefs.h */
#define PACKAGE_NAME "Gyoto"
#define PACKAGE_TARNAME "gyoto"
#define PACKAGE_VERSION "2.0.0"
#define PACKAGE_STRING "Gyoto 2.0.0"
#define PACKAGE_BUGREPORT "gyoto@sympa.obspm.fr"
#define PACKAGE_URL ""
#define PACKAGE "gyoto"
#define VERSION "2.0.0"
#define HAVE_STDIO_H 1
#define HAVE_STDLIB_H 1
#define HAVE_STRING_H 1
#define HAVE_INTTYPES_H 1
#define HAVE_STDINT_H 1
#define HAVE_STRINGS_H 1
#define HAVE_SYS_STAT_H 1
#define HAVE_SYS_TYPES_H 1
#define HAVE_UNISTD_H 1
#define STDC_HEADERS 1
#define HAVE_DLFCN_H 1
#define LT_OBJDIR ".libs/"
#define HAVE_FENV_H 1
#define GYOTO_SIZE__T_IS_UNSIGNED_LONG 1
#define HAVE_CXX11 1
#define HAVE_BOOST 1
#define HAVE_BOOST_MULTIPRECISION_CPP_DEC_FLOAT_HPP 1
#define HAVE_BOOST_ARRAY_HPP 1
#define HAVE_BOOST_NUMERIC_ODEINT_STEPPER_CONTROLLED_STEP_RESULT_HPP 1
#define GYOTO_HAVE_BOOST_INTEGRATORS 1
#define HAVE_BOOST_MPI_ENVIRONMENT_HPP 1
#define HAVE_BOOST_SERIALIZATION_BASE_OBJECT_HPP 1
#define HAVE_MPI 1
#define GYOTO_PLUGIN_SFX "so"
#define HAVE_LIBDL 1
#define HAVE_SINCOS 1
#define GYOTO_DEBUG_ENABLED 1
#define HAVE_PTHREAD_PRIO_INHERIT 1
#define HAVE_PTHREAD 1
#define GYOTO_USE_UDUNITS 1
#define GYOTO_USE_XERCES 1
#define GYOTO_USE_EIGEN 1
#define GYOTO_USE_CFITSIO 1
#define GYOTO_USE_ARBLIB 1
#define GYOTO_SOVERS "9-unreleased"

configure: exit 0
